<?xml version="1.0" encoding="utf-8"?>
<TestRun id="ae2b3f7d-cc42-4002-8e58-a8fc6fa96a2f" name="William@DESKTOP-8D7JJFD 2026-08-03 10:33:44" runUser="DESKTOP-8D7JJFD\William" xmlns="http://microsoft.com/schemas/VisualStudio/TeamTest/2010">
  <Times creation="2026-08-03T10:33:44.5090912-04:00" queuing="2026-08-03T10:33:44.5090916-04:00" start="2026-08-03T10:33:39.8077008-04:00" finish="2026-08-03T10:33:49.5348222-04:00" />
  <TestSettings name="default" id="93caf865-1ea6-46db-96f2-fa0fca033628">
    <Deployment runDeploymentRoot="William_DESKTOP-8D7JJFD_2026-08-03_10_33_44" />
  </TestSettings>
  <Results>
    <UnitTestResult executionId="9bb81a1b-8aee-4ec3-ad53-1222a3bdddec" testId="08ac0855-58d2-38ad-b7e9-8b9052ab414d" testName="ShiftWork.Api.Tests.Audit.AuditInterceptorTests.BulletinRead_Create_IsAudited_WithCompanyIdResolvedFromParentBulletin" computerName="DESKTOP-8D7JJFD" duration="00:00:00.0273645" startTime="2026-08-03T10:33:44.5625797-04:00" endTime="2026-08-03T10:33:44.5625798-04:00" testType="13cdc9d9-ddb5-4fa4-a97d-d965ccfc6d4b" outcome="Passed" testListId="8c84fa94-04c1-424b-9868-57a2d4851a1d" relativeResultsDirectory="9bb81a1b-8aee-4ec3-ad53-1222a3bdddec" />
    <UnitTestResult executionId="a675ebae-9bc7-4665-abe8-b807256503ab" testId="c7b51c49-47f8-08fe-42ec-239e14f37b99" testName="ShiftWork.Api.Tests.Sandbox.SandboxServiceTests.DeleteSandboxData_IsIdempotent_WhenCalledTwice" computerName="DESKTOP-8D7JJFD" duration="00:00:00.2489703" startTime="2026-08-03T10:33:47.4815065-04:00" endTime="2026-08-03T10:33:47.4815066-04:00" testType="13cdc9d9-ddb5-4fa4-a97d-d965ccfc6d4b" outcome="Passed" testListId="8c84fa94-04c1-424b-9868-57a2d4851a1d" relativeResultsDirectory="a675ebae-9bc7-4665-abe8-b807256503ab" />
    <UnitTestResult executionId="d01bd521-7c2a-4d8f-b2c1-859ec418fc23" testId="bcb5384d-5e28-96e9-3c24-3d63715c86a0" testName="ShiftWork.Api.Tests.Documents.DocumentServiceTests.InitiateUploadAsync_CreatesDocumentWithDraftStatus" computerName="DESKTOP-8D7JJFD" duration="00:00:00.0036858" startTime="2026-08-03T10:33:44.5793999-04:00" endTime="2026-08-03T10:33:44.5794000-04:00" testType="13cdc9d9-ddb5-4fa4-a97d-d965ccfc6d4b" outcome="Passed" testListId="8c84fa94-04c1-424b-9868-57a2d4851a1d" relativeResultsDirectory="d01bd521-7c2a-4d8f-b2c1-859ec418fc23" />
    <UnitTestResult executionId="07ecc412-8f93-4b01-a89c-b0e8c36b5a8d" testId="21556ae0-86bc-6fe3-9fc9-8de739636792" testName="ShiftWork.Api.Tests.Registration.RegistrationIntegrationTests.Register_DuplicateFirebaseUid_DetectedByQuery" computerName="DESKTOP-8D7JJFD" duration="00:00:00.0757819" startTime="2026-08-03T10:33:44.5630509-04:00" endTime="2026-08-03T10:33:44.5630510-04:00" testType="13cdc9d9-ddb5-4fa4-a97d-d965ccfc6d4b" outcome="Passed" testListId="8c84fa94-04c1-424b-9868-57a2d4851a1d" relativeResultsDirectory="07ecc412-8f93-4b01-a89c-b0e8c36b5a8d" />
    <UnitTestResult executionId="e4688a99-049a-41a1-bfab-5bfcc44838dc" testId="7c59cc0e-b2c4-7a31-b92e-15f61da50789" testName="ShiftWork.Api.Tests.Sandbox.SandboxServiceTests.GetSandboxStatus_ReturnsFalseAfterDelete" computerName="DESKTOP-8D7JJFD" duration="00:00:00.5814275" startTime="2026-08-03T10:33:45.7315352-04:00" endTime="2026-08-03T10:33:45.7315353-04:00" testType="13cdc9d9-ddb5-4fa4-a97d-d965ccfc6d4b" outcome="Passed" testListId="8c84fa94-04c1-424b-9868-57a2d4851a1d" relativeResultsDirectory="e4688a99-049a-41a1-bfab-5bfcc44838dc" />
    <UnitTestResult executionId="72adc992-eeb0-45ef-bdc4-ba83079b869f" testId="839d8b24-47b3-5883-56be-6983826a410d" testName="ShiftWork.Api.Tests.Plan.PlanServiceTests.GetCurrentPlan_ReturnsExpectedPlan(plan: &quot;Trial&quot;)" computerName="DESKTOP-8D7JJFD" duration="00:00:00.0008220" startTime="2026-08-03T10:33:44.5400482-04:00" endTime="2026-08-03T10:33:44.5400483-04:00" testType="13cdc9d9-ddb5-4fa4-a97d-d965ccfc6d4b" outcome="Passed" testListId="8c84fa94-04c1-424b-9868-57a2d4851a1d" relativeResultsDirectory="72adc992-eeb0-45ef-bdc4-ba83079b869f" />
    <UnitTestResult executionId="0698ac39-0170-4620-b7ee-2887ac93be12" testId="0021b011-825b-5011-1fe0-e6c6b1ec48ac" testName="ShiftWork.Api.Tests.Plan.PlanServiceTests.IsFeatureEnabled_SandboxDelete_ReturnsTrueForProPlan" computerName="DESKTOP-8D7JJFD" duration="00:00:00.0012182" startTime="2026-08-03T10:33:44.5377542-04:00" endTime="2026-08-03T10:33:44.5377543-04:00" testType="13cdc9d9-ddb5-4fa4-a97d-d965ccfc6d4b" outcome="Passed" testListId="8c84fa94-04c1-424b-9868-57a2d4851a1d" relativeResultsDirectory="0698ac39-0170-4620-b7ee-2887ac93be12" />
    <UnitTestResult executionId="7365e8e8-ef70-4210-b60f-d73d1cd24df2" testId="5d941f20-af6d-391c-aa2d-908096e8e16f" testName="ShiftWork.Api.Tests.Safety.SafetyServiceTests.CreateAsync_PersistsSafetyContent_WithCompanyId" computerName="DESKTOP-8D7JJFD" duration="00:00:00.0020508" startTime="2026-08-03T10:33:44.5837361-04:00" endTime="2026-08-03T10:33:44.5837362-04:00" testType="13cdc9d9-ddb5-4fa4-a97d-d965ccfc6d4b" outcome="Passed" testListId="8c84fa94-04c1-424b-9868-57a2d4851a1d" relativeResultsDirectory="7365e8e8-ef70-4210-b60f-d73d1cd24df2" />
    <UnitTestResult executionId="ed6fa168-dd3b-48b6-bb4f-325b3564607f" testId="b3dfd431-7fbe-644e-aa53-531fcd1b0ca2" testName="ShiftWork.Api.Tests.Sandbox.SandboxServiceTests.HideSandboxData_SetsSandboxPersonStatusToSandbox" computerName="DESKTOP-8D7JJFD" duration="00:00:00.2532637" startTime="2026-08-03T10:33:46.9830444-04:00" endTime="2026-08-03T10:33:46.9830445-04:00" testType="13cdc9d9-ddb5-4fa4-a97d-d965ccfc6d4b" outcome="Passed" testListId="8c84fa94-04c1-424b-9868-57a2d4851a1d" relativeResultsDirectory="ed6fa168-dd3b-48b6-bb4f-325b3564607f" />
    <UnitTestResult executionId="9862a340-65d3-4d09-96dc-7c45c4b918f2" testId="356bccdc-8d93-2f4a-8663-d3d9946b2cca" testName="ShiftWork.Api.Tests.Registration.RegistrationIntegrationTests.Register_HappyPath_SandboxIsSeeded" computerName="DESKTOP-8D7JJFD" duration="00:00:00.5710326" startTime="2026-08-03T10:33:45.7316162-04:00" endTime="2026-08-03T10:33:45.7316163-04:00" testType="13cdc9d9-ddb5-4fa4-a97d-d965ccfc6d4b" outcome="Passed" testListId="8c84fa94-04c1-424b-9868-57a2d4851a1d" relativeResultsDirectory="9862a340-65d3-4d09-96dc-7c45c4b918f2" />
    <UnitTestResult executionId="9d6f6c9a-6cc9-4460-a4e7-d5777bbb1411" testId="7ba89a49-fac3-b828-b27c-1893e35d3604" testName="ShiftWork.Api.Tests.Plan.PlanServiceTests.IsFeatureEnabled_SandboxReset_ReturnsTrueForAllPlans(plan: &quot;Free&quot;)" computerName="DESKTOP-8D7JJFD" duration="00:00:00.0007247" startTime="2026-08-03T10:33:44.5357042-04:00" endTime="2026-08-03T10:33:44.5357043-04:00" testType="13cdc9d9-ddb5-4fa4-a97d-d965ccfc6d4b" outcome="Passed" testListId="8c84fa94-04c1-424b-9868-57a2d4851a1d" relativeResultsDirectory="9d6f6c9a-6cc9-4460-a4e7-d5777bbb1411" />
    <UnitTestResult executionId="12fc4dd8-89c6-4422-ac69-3704a1e26aa7" testId="731d63c8-83c5-2bb7-1caa-66496a3e88f0" testName="ShiftWork.Api.Tests.ShiftEvents.ShiftEventServiceTimingStatusTests.CreateShiftEvent_ClockIn_ReportsEarlyAndLateAcrossZones(timeZone: &quot;UTC&quot;, scheduleStartIso: &quot;2026-01-15T09:00:00Z&quot;, clockInIso: &quot;2026-01-15T08:50:00Z&quot;, expectedStatus: &quot;OnShift:Early&quot;)" computerName="DESKTOP-8D7JJFD" duration="00:00:00.0019666" startTime="2026-08-03T10:33:44.6682369-04:00" endTime="2026-08-03T10:33:44.6682370-04:00" testType="13cdc9d9-ddb5-4fa4-a97d-d965ccfc6d4b" outcome="Passed" testListId="8c84fa94-04c1-424b-9868-57a2d4851a1d" relativeResultsDirectory="12fc4dd8-89c6-4422-ac69-3704a1e26aa7" />
    <UnitTestResult executionId="289352df-35b2-487c-8df2-c76d85e87843" testId="652ff2e4-7e1b-f518-5455-c0a9f83c91b8" testName="ShiftWork.Api.Tests.Bulletins.BulletinServiceTests.GetByIdAsync_ReturnsNull_ForWrongCompany" computerName="DESKTOP-8D7JJFD" duration="00:00:00.0160684" startTime="2026-08-03T10:33:44.5481716-04:00" endTime="2026-08-03T10:33:44.5481718-04:00" testType="13cdc9d9-ddb5-4fa4-a97d-d965ccfc6d4b" outcome="Passed" testListId="8c84fa94-04c1-424b-9868-57a2d4851a1d" relativeResultsDirectory="289352df-35b2-487c-8df2-c76d85e87843" />
    <UnitTestResult executionId="0b9ee2d3-2d76-4c5c-98d4-2a57817d4d12" testId="41b037dc-d6e5-346e-f83c-eb241b1b09a5" testName="ShiftWork.Api.Tests.Plan.PlanServiceTests.IsFeatureEnabled_SandboxDelete_ReturnsTrueForTrialPlan" computerName="DESKTOP-8D7JJFD" duration="00:00:00.0012477" startTime="2026-08-03T10:33:44.5518302-04:00" endTime="2026-08-03T10:33:44.5518303-04:00" testType="13cdc9d9-ddb5-4fa4-a97d-d965ccfc6d4b" outcome="Passed" testListId="8c84fa94-04c1-424b-9868-57a2d4851a1d" relativeResultsDirectory="0b9ee2d3-2d76-4c5c-98d4-2a57817d4d12" />
    <UnitTestResult executionId="56be738d-2f6b-419f-9c67-61aabc87882f" testId="6c7ba4d7-9dc3-47c9-1965-d28434daf9b6" testName="ShiftWork.Api.Tests.Documents.DocumentServiceTests.ConfirmUploadAsync_ReturnsNull_ForWrongCompany" computerName="DESKTOP-8D7JJFD" duration="00:00:02.0923654" startTime="2026-08-03T10:33:44.4933794-04:00" endTime="2026-08-03T10:33:44.4933799-04:00" testType="13cdc9d9-ddb5-4fa4-a97d-d965ccfc6d4b" outcome="Passed" testListId="8c84fa94-04c1-424b-9868-57a2d4851a1d" relativeResultsDirectory="56be738d-2f6b-419f-9c67-61aabc87882f" />
    <UnitTestResult executionId="00ca4305-f0e3-4e0f-85ad-5ab1b73d675b" testId="51fcc60a-5479-667f-8130-bd98f96057ec" testName="ShiftWork.Api.Tests.Documents.DocumentServiceTests.ArchiveAsync_SetsStatusToArchived" computerName="DESKTOP-8D7JJFD" duration="00:00:00.0129256" startTime="2026-08-03T10:33:44.6135838-04:00" endTime="2026-08-03T10:33:44.6135839-04:00" testType="13cdc9d9-ddb5-4fa4-a97d-d965ccfc6d4b" outcome="Passed" testListId="8c84fa94-04c1-424b-9868-57a2d4851a1d" relativeResultsDirectory="00ca4305-f0e3-4e0f-85ad-5ab1b73d675b" />
    <UnitTestResult executionId="fce47d29-0d02-43d4-b21a-7f05aa460562" testId="0fb83730-3d09-f7c3-c0e0-7fea18cb869c" testName="ShiftWork.Api.Tests.Bulletins.BulletinServiceTests.GetUnreadAsync_ExcludesAlreadyReadBulletins" computerName="DESKTOP-8D7JJFD" duration="00:00:00.0241286" startTime="2026-08-03T10:33:44.6157363-04:00" endTime="2026-08-03T10:33:44.6157364-04:00" testType="13cdc9d9-ddb5-4fa4-a97d-d965ccfc6d4b" outcome="Passed" testListId="8c84fa94-04c1-424b-9868-57a2d4851a1d" relativeResultsDirectory="fce47d29-0d02-43d4-b21a-7f05aa460562" />
    <UnitTestResult executionId="7414d9fe-a1e6-481b-988b-2b2390f9f9cb" testId="dca8019e-9a0f-6a0d-7c99-b7c55267f690" testName="ShiftWork.Api.Tests.Bulletins.BulletinServiceTests.GetBulletinsAsync_ExcludesExpiredBulletins" computerName="DESKTOP-8D7JJFD" duration="00:00:00.0042023" startTime="2026-08-03T10:33:44.5704615-04:00" endTime="2026-08-03T10:33:44.5704616-04:00" testType="13cdc9d9-ddb5-4fa4-a97d-d965ccfc6d4b" outcome="Passed" testListId="8c84fa94-04c1-424b-9868-57a2d4851a1d" relativeResultsDirectory="7414d9fe-a1e6-481b-988b-2b2390f9f9cb" />
    <UnitTestResult executionId="8b030582-de7e-4ea2-99f3-e4c7e683f31b" testId="c83e7ec3-e875-958d-a051-bf28640f7793" testName="ShiftWork.Api.Tests.Plan.PlanServiceTests.IsFeatureEnabled_KeyIsCaseInsensitive" computerName="DESKTOP-8D7JJFD" duration="00:00:00.0020784" startTime="2026-08-03T10:33:44.5430019-04:00" endTime="2026-08-03T10:33:44.5430020-04:00" testType="13cdc9d9-ddb5-4fa4-a97d-d965ccfc6d4b" outcome="Passed" testListId="8c84fa94-04c1-424b-9868-57a2d4851a1d" relativeResultsDirectory="8b030582-de7e-4ea2-99f3-e4c7e683f31b" />
    <UnitTestResult executionId="1c688967-9b73-4264-8269-a087b812b4d5" testId="e97fea39-5635-b6a5-d8e4-c7bf36c9a9a9" testName="ShiftWork.Api.Tests.Analytics.AnalyticsServiceTests.HoursSummary_ExcludesEventsOutsideRange" computerName="DESKTOP-8D7JJFD" duration="00:00:00.0016087" startTime="2026-08-03T10:33:44.7883345-04:00" endTime="2026-08-03T10:33:44.7883346-04:00" testType="13cdc9d9-ddb5-4fa4-a97d-d965ccfc6d4b" outcome="Passed" testListId="8c84fa94-04c1-424b-9868-57a2d4851a1d" relativeResultsDirectory="1c688967-9b73-4264-8269-a087b812b4d5" />
    <UnitTestResult executionId="66a4ccad-684e-4cdd-8293-00aa457bfe01" testId="c8348b94-0eb7-ee8e-104f-aeb428796d93" testName="ShiftWork.Api.Tests.Documents.DocumentServiceTests.GetByIdAsync_ReturnsNull_ForWrongCompany" computerName="DESKTOP-8D7JJFD" duration="00:00:00.0045388" startTime="2026-08-03T10:33:44.6220674-04:00" endTime="2026-08-03T10:33:44.6220675-04:00" testType="13cdc9d9-ddb5-4fa4-a97d-d965ccfc6d4b" outcome="Passed" testListId="8c84fa94-04c1-424b-9868-57a2d4851a1d" relativeResultsDirectory="66a4ccad-684e-4cdd-8293-00aa457bfe01" />
    <UnitTestResult executionId="ae6c41ec-046f-4a4e-8775-31465f7f1d7b" testId="82252800-d28d-952b-3341-479c90f2a1d9" testName="ShiftWork.Api.Tests.Documents.DocumentServiceTests.GetDocumentsAsync_ReturnsOnlyPublicDocs_ForPersonWithNoRoles" computerName="DESKTOP-8D7JJFD" duration="00:00:00.0889952" startTime="2026-08-03T10:33:44.5755962-04:00" endTime="2026-08-03T10:33:44.5755966-04:00" testType="13cdc9d9-ddb5-4fa4-a97d-d965ccfc6d4b" outcome="Passed" testListId="8c84fa94-04c1-424b-9868-57a2d4851a1d" relativeResultsDirectory="ae6c41ec-046f-4a4e-8775-31465f7f1d7b" />
    <UnitTestResult executionId="0094ffb4-8420-4b7c-aa1e-2fe838f3860f" testId="ff614ddd-d569-1290-8606-42d30f593f5c" testName="ShiftWork.Api.Tests.Plan.PlanServiceTests.IsFeatureEnabled_SandboxHide_ReturnsTrueForAllPlans(plan: &quot;Pro&quot;)" computerName="DESKTOP-8D7JJFD" duration="00:00:00.0508527" startTime="2026-08-03T10:33:44.5317823-04:00" endTime="2026-08-03T10:33:44.5317825-04:00" testType="13cdc9d9-ddb5-4fa4-a97d-d965ccfc6d4b" outcome="Passed" testListId="8c84fa94-04c1-424b-9868-57a2d4851a1d" relativeResultsDirectory="0094ffb4-8420-4b7c-aa1e-2fe838f3860f" />
    <UnitTestResult executionId="b1bd2cda-a0ea-4294-8b4c-f129e09fbffc" testId="a7eb2c22-aec9-35bb-4344-b6e9dc314248" testName="ShiftWork.Api.Tests.Bulletins.BulletinServiceTests.ArchiveAsync_ReturnsFalse_ForWrongCompany" computerName="DESKTOP-8D7JJFD" duration="00:00:00.0178484" startTime="2026-08-03T10:33:44.5661720-04:00" endTime="2026-08-03T10:33:44.5661722-04:00" testType="13cdc9d9-ddb5-4fa4-a97d-d965ccfc6d4b" outcome="Passed" testListId="8c84fa94-04c1-424b-9868-57a2d4851a1d" relativeResultsDirectory="b1bd2cda-a0ea-4294-8b4c-f129e09fbffc" />
    <UnitTestResult executionId="4194b76f-0712-4075-822e-b03d1ac13ef7" testId="24aa5caa-1333-0d56-8527-fb399bc62213" testName="ShiftWork.Api.Tests.Registration.RegistrationIntegrationTests.Register_SandboxSeed_DoesNotAffectExistingNonSandboxRecords" computerName="DESKTOP-8D7JJFD" duration="00:00:00.5973826" startTime="2026-08-03T10:33:45.1605290-04:00" endTime="2026-08-03T10:33:45.1605291-04:00" testType="13cdc9d9-ddb5-4fa4-a97d-d965ccfc6d4b" outcome="Passed" testListId="8c84fa94-04c1-424b-9868-57a2d4851a1d" relativeResultsDirectory="4194b76f-0712-4075-822e-b03d1ac13ef7" />
    <UnitTestResult executionId="d908a84a-6924-4dfa-a9f1-9e0f9474eeac" testId="834ee7b6-0bcf-b45f-3706-9c0fedc1e982" testName="ShiftWork.Api.Tests.Plan.PlanServiceTests.IsFeatureEnabled_UnknownFeatureKey_ReturnsFalse(plan: &quot;Pro&quot;)" computerName="DESKTOP-8D7JJFD" duration="00:00:00.0008370" startTime="2026-08-03T10:33:44.5453748-04:00" endTime="2026-08-03T10:33:44.5453749-04:00" testType="13cdc9d9-ddb5-4fa4-a97d-d965ccfc6d4b" outcome="Passed" testListId="8c84fa94-04c1-424b-9868-57a2d4851a1d" relativeResultsDirectory="d908a84a-6924-4dfa-a9f1-9e0f9474eeac" />
    <UnitTestResult executionId="987c1831-0ede-4215-ac2c-28dd0c123753" testId="71eb79f6-3aaf-4592-8923-31fd16d8b2b4" testName="ShiftWork.Api.Tests.Bulletins.BulletinServiceTests.MarkAsReadAsync_ReturnsFalse_ForWrongCompany" computerName="DESKTOP-8D7JJFD" duration="00:00:00.0044005" startTime="2026-08-03T10:33:44.6276805-04:00" endTime="2026-08-03T10:33:44.6276807-04:00" testType="13cdc9d9-ddb5-4fa4-a97d-d965ccfc6d4b" outcome="Passed" testListId="8c84fa94-04c1-424b-9868-57a2d4851a1d" relativeResultsDirectory="987c1831-0ede-4215-ac2c-28dd0c123753" />
    <UnitTestResult executionId="37200a52-d331-4ef4-929d-2a4a31002d68" testId="547eac10-0065-e6d3-3d37-c955c2dd419f" testName="ShiftWork.Api.Tests.Sandbox.SandboxServiceTests.SeedSandboxData_AreaNameMatchesTemplate" computerName="DESKTOP-8D7JJFD" duration="00:00:02.7535881" startTime="2026-08-03T10:33:45.1499727-04:00" endTime="2026-08-03T10:33:45.1499729-04:00" testType="13cdc9d9-ddb5-4fa4-a97d-d965ccfc6d4b" outcome="Passed" testListId="8c84fa94-04c1-424b-9868-57a2d4851a1d" relativeResultsDirectory="37200a52-d331-4ef4-929d-2a4a31002d68" />
    <UnitTestResult executionId="b22e1120-3718-4e9d-a4ba-7bcd6b5e9ce6" testId="60eb3a6c-5f29-3cd7-96f2-cdd8daadce7d" testName="ShiftWork.Api.Tests.Documents.DocumentServiceTests.ArchiveAsync_ReturnsFalse_ForWrongCompany" computerName="DESKTOP-8D7JJFD" duration="00:00:00.0014069" startTime="2026-08-03T10:33:44.6150731-04:00" endTime="2026-08-03T10:33:44.6150732-04:00" testType="13cdc9d9-ddb5-4fa4-a97d-d965ccfc6d4b" outcome="Passed" testListId="8c84fa94-04c1-424b-9868-57a2d4851a1d" relativeResultsDirectory="b22e1120-3718-4e9d-a4ba-7bcd6b5e9ce6" />
    <UnitTestResult executionId="4ff0712d-bd77-4783-9578-f896f8108450" testId="67ac1884-3c97-ad89-6652-ad1f5ea18565" testName="ShiftWork.Api.Tests.Registration.RegistrationIntegrationTests.Register_DuplicateCompanyEmail_DetectedByQuery" computerName="DESKTOP-8D7JJFD" duration="00:00:02.0908484" startTime="2026-08-03T10:33:44.4938119-04:00" endTime="2026-08-03T10:33:44.4938119-04:00" testType="13cdc9d9-ddb5-4fa4-a97d-d965ccfc6d4b" outcome="Passed" testListId="8c84fa94-04c1-424b-9868-57a2d4851a1d" relativeResultsDirectory="4ff0712d-bd77-4783-9578-f896f8108450" />
    <UnitTestResult executionId="dde88fe2-ae07-4a04-8f98-98268f2a7ce3" testId="7485c957-e19f-252c-9a3a-04c1a054e5ec" testName="ShiftWork.Api.Tests.DailyReports.DailyReportServiceTests.GetOrCreateAsync_CreatesReport_WhenNoneExists" computerName="DESKTOP-8D7JJFD" duration="00:00:00.0032697" startTime="2026-08-03T10:33:44.6287995-04:00" endTime="2026-08-03T10:33:44.6287997-04:00" testType="13cdc9d9-ddb5-4fa4-a97d-d965ccfc6d4b" outcome="Passed" testListId="8c84fa94-04c1-424b-9868-57a2d4851a1d" relativeResultsDirectory="dde88fe2-ae07-4a04-8f98-98268f2a7ce3" />
    <UnitTestResult executionId="da805d6a-fbfd-4cef-a95e-860f4b4cf474" testId="78df6134-726d-48ce-8c9a-0099ec5c1223" testName="ShiftWork.Api.Tests.Safety.SafetyServiceTests.ArchiveAsync_ReturnsFalse_ForWrongCompany" computerName="DESKTOP-8D7JJFD" duration="00:00:00.0031461" startTime="2026-08-03T10:33:44.6211841-04:00" endTime="2026-08-03T10:33:44.6211843-04:00" testType="13cdc9d9-ddb5-4fa4-a97d-d965ccfc6d4b" outcome="Passed" testListId="8c84fa94-04c1-424b-9868-57a2d4851a1d" relativeResultsDirectory="da805d6a-fbfd-4cef-a95e-860f4b4cf474" />
    <UnitTestResult executionId="8da81f06-365e-4972-a554-735c1a9f9671" testId="35a6ff0b-2ba2-a49c-d347-4887a73f87e5" testName="ShiftWork.Api.Tests.DailyReports.DailyReportServiceTests.RemoveMediaAsync_RemovesMedia_ForCorrectCompany" computerName="DESKTOP-8D7JJFD" duration="00:00:00.0133524" startTime="2026-08-03T10:33:44.6610112-04:00" endTime="2026-08-03T10:33:44.6610113-04:00" testType="13cdc9d9-ddb5-4fa4-a97d-d965ccfc6d4b" outcome="Passed" testListId="8c84fa94-04c1-424b-9868-57a2d4851a1d" relativeResultsDirectory="8da81f06-365e-4972-a554-735c1a9f9671" />
    <UnitTestResult executionId="ac129708-c5a5-4dd3-84d3-da81b0506c53" testId="7a32a132-ce2f-6894-e35f-0856470ba2d6" testName="ShiftWork.Api.Tests.Plan.PlanServiceTests.IsFeatureEnabled_UnknownFeatureKey_ReturnsFalse(plan: &quot;Free&quot;)" computerName="DESKTOP-8D7JJFD" duration="00:00:00.0013595" startTime="2026-08-03T10:33:44.5444484-04:00" endTime="2026-08-03T10:33:44.5444485-04:00" testType="13cdc9d9-ddb5-4fa4-a97d-d965ccfc6d4b" outcome="Passed" testListId="8c84fa94-04c1-424b-9868-57a2d4851a1d" relativeResultsDirectory="ac129708-c5a5-4dd3-84d3-da81b0506c53" />
    <UnitTestResult executionId="8815e7a8-41fb-4436-8f03-345102bb2975" testId="f56b375f-3a8d-4479-12df-0ae9fefe5a02" testName="ShiftWork.Api.Tests.DailyReports.DailyReportServiceTests.UpdateAsync_ReturnsNull_ForWrongCompany" computerName="DESKTOP-8D7JJFD" duration="00:00:00.0126931" startTime="2026-08-03T10:33:44.6254442-04:00" endTime="2026-08-03T10:33:44.6254443-04:00" testType="13cdc9d9-ddb5-4fa4-a97d-d965ccfc6d4b" outcome="Passed" testListId="8c84fa94-04c1-424b-9868-57a2d4851a1d" relativeResultsDirectory="8815e7a8-41fb-4436-8f03-345102bb2975" />
    <UnitTestResult executionId="328e5dc4-8a0d-4c9d-acc7-81e1ca356180" testId="7bbe317d-1d3a-98bc-bb9b-fddf4f6b64ff" testName="ShiftWork.Api.Tests.ShiftEvents.ShiftEventServiceTimingStatusTests.CreateShiftEvent_ClockIn_OnTimeAcrossTimeZones(timeZone: &quot;Asia/Tokyo&quot;, scheduleStartIso: &quot;2026-01-15T09:00:00Z&quot;, clockInIso: &quot;2026-01-15T00:00:00Z&quot;)" computerName="DESKTOP-8D7JJFD" duration="00:00:00.0068651" startTime="2026-08-03T10:33:44.6589675-04:00" endTime="2026-08-03T10:33:44.6589676-04:00" testType="13cdc9d9-ddb5-4fa4-a97d-d965ccfc6d4b" outcome="Passed" testListId="8c84fa94-04c1-424b-9868-57a2d4851a1d" relativeResultsDirectory="328e5dc4-8a0d-4c9d-acc7-81e1ca356180" />
    <UnitTestResult executionId="eef0bbf4-5f56-4314-945f-8edd16435abc" testId="deb7c88e-d5b0-8719-ed0f-299e494eb2fb" testName="ShiftWork.Api.Tests.Sandbox.SandboxServiceTests.ResetSandboxData_SeedCountIsIdempotent" computerName="DESKTOP-8D7JJFD" duration="00:00:00.4939360" startTime="2026-08-03T10:33:48.4765599-04:00" endTime="2026-08-03T10:33:48.4765600-04:00" testType="13cdc9d9-ddb5-4fa4-a97d-d965ccfc6d4b" outcome="Passed" testListId="8c84fa94-04c1-424b-9868-57a2d4851a1d" relativeResultsDirectory="eef0bbf4-5f56-4314-945f-8edd16435abc" />
    <UnitTestResult executionId="3de031be-64a7-44f7-b6e9-a0a3f7e07754" testId="b8c68d12-7fa5-8b84-c6f1-977be606f6d2" testName="ShiftWork.Api.Tests.ShiftEvents.ShiftEventServiceTimingStatusTests.CreateShiftEvent_ClockIn_ReportsEarlyAndLateAcrossZones(timeZone: &quot;America/New_York&quot;, scheduleStartIso: &quot;2026-01-15T09:00:00Z&quot;, clockInIso: &quot;2026-01-15T14:10:00Z&quot;, expectedStatus: &quot;OnShift:Late&quot;)" computerName="DESKTOP-8D7JJFD" duration="00:00:00.0071541" startTime="2026-08-03T10:33:44.6662218-04:00" endTime="2026-08-03T10:33:44.6662219-04:00" testType="13cdc9d9-ddb5-4fa4-a97d-d965ccfc6d4b" outcome="Passed" testListId="8c84fa94-04c1-424b-9868-57a2d4851a1d" relativeResultsDirectory="3de031be-64a7-44f7-b6e9-a0a3f7e07754" />
    <UnitTestResult executionId="467717a0-a4b0-4789-91c0-f729cbeeac24" testId="ee5bd466-ad9f-ea32-162a-2b9220359bd6" testName="ShiftWork.Api.Tests.Sandbox.SandboxServiceTests.DeleteSandboxData_RemovesAllSandboxRecords" computerName="DESKTOP-8D7JJFD" duration="00:00:00.2524804" startTime="2026-08-03T10:33:49.2260392-04:00" endTime="2026-08-03T10:33:49.2260393-04:00" testType="13cdc9d9-ddb5-4fa4-a97d-d965ccfc6d4b" outcome="Passed" testListId="8c84fa94-04c1-424b-9868-57a2d4851a1d" relativeResultsDirectory="467717a0-a4b0-4789-91c0-f729cbeeac24" />
    <UnitTestResult executionId="9f5b68dc-2da3-41ab-983c-f5b213f30026" testId="8b16d45c-9530-3e29-f10b-2365379ec3d6" testName="ShiftWork.Api.Tests.Safety.SafetyServiceTests.AcknowledgeAsync_ReturnsFalse_ForWrongCompany" computerName="DESKTOP-8D7JJFD" duration="00:00:00.0020244" startTime="2026-08-03T10:33:44.5816174-04:00" endTime="2026-08-03T10:33:44.5816176-04:00" testType="13cdc9d9-ddb5-4fa4-a97d-d965ccfc6d4b" outcome="Passed" testListId="8c84fa94-04c1-424b-9868-57a2d4851a1d" relativeResultsDirectory="9f5b68dc-2da3-41ab-983c-f5b213f30026" />
    <UnitTestResult executionId="239fd7ee-8aea-4b15-9aa0-f097562aa443" testId="06d1e618-2b3c-6eff-8e60-8e44f07f6600" testName="ShiftWork.Api.Tests.Audit.AuditInterceptorTests.Bulletin_Create_IsAudited" computerName="DESKTOP-8D7JJFD" duration="00:00:00.0368329" startTime="2026-08-03T10:33:44.5351180-04:00" endTime="2026-08-03T10:33:44.5351181-04:00" testType="13cdc9d9-ddb5-4fa4-a97d-d965ccfc6d4b" outcome="Passed" testListId="8c84fa94-04c1-424b-9868-57a2d4851a1d" relativeResultsDirectory="239fd7ee-8aea-4b15-9aa0-f097562aa443" />
    <UnitTestResult executionId="cb63aefd-4fc8-43a7-84e5-07e2078e0816" testId="d8797588-a78d-8135-f234-379fca640f6b" testName="ShiftWork.Api.Tests.Plan.PlanServiceTests.IsFeatureEnabled_SandboxDelete_ReturnsFalseForFreePlan" computerName="DESKTOP-8D7JJFD" duration="00:00:00.0079456" startTime="2026-08-03T10:33:44.5610071-04:00" endTime="2026-08-03T10:33:44.5610072-04:00" testType="13cdc9d9-ddb5-4fa4-a97d-d965ccfc6d4b" outcome="Passed" testListId="8c84fa94-04c1-424b-9868-57a2d4851a1d" relativeResultsDirectory="cb63aefd-4fc8-43a7-84e5-07e2078e0816" />
    <UnitTestResult executionId="e3d030b2-8e54-4661-ba0f-e5dabc0e8802" testId="d8cab243-825e-cffa-5da1-55a4fba1fd8e" testName="ShiftWork.Api.Tests.Analytics.AnalyticsServiceTests.Attendance_ClassifiesOnTimeLateAndNoShow" computerName="DESKTOP-8D7JJFD" duration="00:00:00.1264679" startTime="2026-08-03T10:33:44.7750423-04:00" endTime="2026-08-03T10:33:44.7750427-04:00" testType="13cdc9d9-ddb5-4fa4-a97d-d965ccfc6d4b" outcome="Passed" testListId="8c84fa94-04c1-424b-9868-57a2d4851a1d" relativeResultsDirectory="e3d030b2-8e54-4661-ba0f-e5dabc0e8802" />
    <UnitTestResult executionId="a50e1c6d-e550-4f71-86d2-0221879cc3b3" testId="54c2d8ec-4337-ea43-0d9d-3bc0e316a691" testName="ShiftWork.Api.Tests.Plan.PlanServiceTests.UpgradePlan_WithoutStripeKey_UpdatesPlanInDatabase" computerName="DESKTOP-8D7JJFD" duration="00:00:00.0050117" startTime="2026-08-03T10:33:44.5504817-04:00" endTime="2026-08-03T10:33:44.5504818-04:00" testType="13cdc9d9-ddb5-4fa4-a97d-d965ccfc6d4b" outcome="Passed" testListId="8c84fa94-04c1-424b-9868-57a2d4851a1d" relativeResultsDirectory="a50e1c6d-e550-4f71-86d2-0221879cc3b3" />
    <UnitTestResult executionId="20648e74-e569-4e1d-af6f-2d21fe4cf8a6" testId="e587800a-ee54-08a0-2ad6-b0307ed4fb2d" testName="ShiftWork.Api.Tests.Sandbox.SandboxServiceTests.DeleteSandboxData_DoesNotDeleteNonSandboxRecords" computerName="DESKTOP-8D7JJFD" duration="00:00:00.2475208" startTime="2026-08-03T10:33:48.9732065-04:00" endTime="2026-08-03T10:33:48.9732066-04:00" testType="13cdc9d9-ddb5-4fa4-a97d-d965ccfc6d4b" outcome="Passed" testListId="8c84fa94-04c1-424b-9868-57a2d4851a1d" relativeResultsDirectory="20648e74-e569-4e1d-af6f-2d21fe4cf8a6" />
    <UnitTestResult executionId="0e92ebcd-91a4-4708-a84f-3de51a92f64f" testId="3fc83c52-c216-52c1-93f6-223ed46d4d6b" testName="ShiftWork.Api.Tests.ShiftEvents.ShiftEventServiceTimingStatusTests.CreateShiftEvent_ClockIn_OnTimeAcrossTimeZones(timeZone: &quot;UTC&quot;, scheduleStartIso: &quot;2026-01-15T09:00:00Z&quot;, clockInIso: &quot;2026-01-15T09:00:00Z&quot;)" computerName="DESKTOP-8D7JJFD" duration="00:00:00.0014608" startTime="2026-08-03T10:33:44.6520399-04:00" endTime="2026-08-03T10:33:44.6520400-04:00" testType="13cdc9d9-ddb5-4fa4-a97d-d965ccfc6d4b" outcome="Passed" testListId="8c84fa94-04c1-424b-9868-57a2d4851a1d" relativeResultsDirectory="0e92ebcd-91a4-4708-a84f-3de51a92f64f" />
    <UnitTestResult executionId="56505a50-87ae-4e57-8d82-ce8b3829ff1b" testId="cbfbcfec-9249-0b2f-4f58-5dd9897526fc" testName="ShiftWork.Api.Tests.DailyReports.DailyReportServiceTests.AddMediaAsync_ReturnsNull_ForWrongCompany" computerName="DESKTOP-8D7JJFD" duration="00:00:00.0138354" startTime="2026-08-03T10:33:44.6126687-04:00" endTime="2026-08-03T10:33:44.6126689-04:00" testType="13cdc9d9-ddb5-4fa4-a97d-d965ccfc6d4b" outcome="Passed" testListId="8c84fa94-04c1-424b-9868-57a2d4851a1d" relativeResultsDirectory="56505a50-87ae-4e57-8d82-ce8b3829ff1b" />
    <UnitTestResult executionId="ab44cb80-4940-4cb5-bb53-7054c4300bfd" testId="ea074fab-38ee-022e-a219-64aa4db620e8" testName="ShiftWork.Api.Tests.Safety.SafetyServiceTests.AcknowledgeAsync_IsIdempotent" computerName="DESKTOP-8D7JJFD" duration="00:00:00.0811959" startTime="2026-08-03T10:33:44.5801186-04:00" endTime="2026-08-03T10:33:44.5801187-04:00" testType="13cdc9d9-ddb5-4fa4-a97d-d965ccfc6d4b" outcome="Passed" testListId="8c84fa94-04c1-424b-9868-57a2d4851a1d" relativeResultsDirectory="ab44cb80-4940-4cb5-bb53-7054c4300bfd" />
    <UnitTestResult executionId="f9f15672-7935-4d7f-ae78-ea6683695724" testId="0409aa02-a669-4ba0-fee7-843b17297094" testName="ShiftWork.Api.Tests.Plan.PlanServiceTests.IsFeatureEnabled_MissingCompany_ReturnsFalse" computerName="DESKTOP-8D7JJFD" duration="00:00:02.0809089" startTime="2026-08-03T10:33:44.4813334-04:00" endTime="2026-08-03T10:33:44.4813526-04:00" testType="13cdc9d9-ddb5-4fa4-a97d-d965ccfc6d4b" outcome="Passed" testListId="8c84fa94-04c1-424b-9868-57a2d4851a1d" relativeResultsDirectory="f9f15672-7935-4d7f-ae78-ea6683695724" />
    <UnitTestResult executionId="3d519220-67a9-4a78-93a2-4f1df69e9d0f" testId="10f44cda-1c82-097a-092b-1bed3d36551c" testName="ShiftWork.Api.Tests.Safety.SafetyServiceTests.ArchiveAsync_SetsStatusToArchived" computerName="DESKTOP-8D7JJFD" duration="00:00:00.0023281" startTime="2026-08-03T10:33:44.6237928-04:00" endTime="2026-08-03T10:33:44.6237930-04:00" testType="13cdc9d9-ddb5-4fa4-a97d-d965ccfc6d4b" outcome="Passed" testListId="8c84fa94-04c1-424b-9868-57a2d4851a1d" relativeResultsDirectory="3d519220-67a9-4a78-93a2-4f1df69e9d0f" />
    <UnitTestResult executionId="9e3a3714-583a-45f2-85d6-5cd8ca567750" testId="eaa93f8d-9528-65ee-68d2-cca28534f044" testName="ShiftWork.Api.Tests.Plan.PlanServiceTests.UpgradePlan_MissingCompany_ReturnsFalse" computerName="DESKTOP-8D7JJFD" duration="00:00:00.0092205" startTime="2026-08-03T10:33:44.5703264-04:00" endTime="2026-08-03T10:33:44.5703266-04:00" testType="13cdc9d9-ddb5-4fa4-a97d-d965ccfc6d4b" outcome="Passed" testListId="8c84fa94-04c1-424b-9868-57a2d4851a1d" relativeResultsDirectory="9e3a3714-583a-45f2-85d6-5cd8ca567750" />
    <UnitTestResult executionId="c0a71448-1251-49c2-a0cf-0881bfdbe3d7" testId="3298813f-cf3b-2b88-95d5-951a23e6fef2" testName="ShiftWork.Api.Tests.DailyReports.DailyReportServiceTests.UpdateAsync_UpdatesStatusAndNotes" computerName="DESKTOP-8D7JJFD" duration="00:00:00.0099230" startTime="2026-08-03T10:33:44.6476077-04:00" endTime="2026-08-03T10:33:44.6476078-04:00" testType="13cdc9d9-ddb5-4fa4-a97d-d965ccfc6d4b" outcome="Passed" testListId="8c84fa94-04c1-424b-9868-57a2d4851a1d" relativeResultsDirectory="c0a71448-1251-49c2-a0cf-0881bfdbe3d7" />
    <UnitTestResult executionId="475abb92-450b-43b2-8429-a05032bd39e9" testId="87b00b17-f27b-b5d1-d08c-ac803f62f1be" testName="ShiftWork.Api.Tests.Sandbox.SandboxServiceTests.SeedSandboxData_CreatesExactlyOneLocation" computerName="DESKTOP-8D7JJFD" duration="00:00:00.2482152" startTime="2026-08-03T10:33:49.4740962-04:00" endTime="2026-08-03T10:33:49.4740964-04:00" testType="13cdc9d9-ddb5-4fa4-a97d-d965ccfc6d4b" outcome="Passed" testListId="8c84fa94-04c1-424b-9868-57a2d4851a1d" relativeResultsDirectory="475abb92-450b-43b2-8429-a05032bd39e9" />
    <UnitTestResult executionId="b681168e-5a59-4419-897a-736b5315ef19" testId="cc299c98-d69c-e699-2b8f-935105662c9d" testName="ShiftWork.Api.Tests.Plan.PlanServiceTests.GetCurrentPlan_ReturnsExpectedPlan(plan: &quot;Free&quot;)" computerName="DESKTOP-8D7JJFD" duration="00:00:00.0006705" startTime="2026-08-03T10:33:44.5407925-04:00" endTime="2026-08-03T10:33:44.5407926-04:00" testType="13cdc9d9-ddb5-4fa4-a97d-d965ccfc6d4b" outcome="Passed" testListId="8c84fa94-04c1-424b-9868-57a2d4851a1d" relativeResultsDirectory="b681168e-5a59-4419-897a-736b5315ef19" />
    <UnitTestResult executionId="11092194-e874-4e15-b9e4-da0bc8f50cc9" testId="bf2e6b74-8f06-c33e-048e-7e147a33db9f" testName="ShiftWork.Api.Tests.Analytics.AnalyticsServiceTests.HoursSummary_UnclosedShift_ExcludedFromWorked_AndFlagged" computerName="DESKTOP-8D7JJFD" duration="00:00:00.0015598" startTime="2026-08-03T10:33:44.7839054-04:00" endTime="2026-08-03T10:33:44.7839055-04:00" testType="13cdc9d9-ddb5-4fa4-a97d-d965ccfc6d4b" outcome="Passed" testListId="8c84fa94-04c1-424b-9868-57a2d4851a1d" relativeResultsDirectory="11092194-e874-4e15-b9e4-da0bc8f50cc9" />
    <UnitTestResult executionId="41860951-c2b7-4412-883e-2706d080fb9d" testId="e68d94e1-eeff-07fb-ff5c-852c668902a2" testName="ShiftWork.Api.Tests.Plan.PlanServiceTests.GetCurrentPlan_MissingCompany_ReturnsFree" computerName="DESKTOP-8D7JJFD" duration="00:00:00.0010288" startTime="2026-08-03T10:33:44.5529459-04:00" endTime="2026-08-03T10:33:44.5529460-04:00" testType="13cdc9d9-ddb5-4fa4-a97d-d965ccfc6d4b" outcome="Passed" testListId="8c84fa94-04c1-424b-9868-57a2d4851a1d" relativeResultsDirectory="41860951-c2b7-4412-883e-2706d080fb9d" />
    <UnitTestResult executionId="4a4732f9-d9d3-4226-a0bf-8a206fc17456" testId="7c315f65-f066-6c17-7a1e-dde7366bf1eb" testName="ShiftWork.Api.Tests.Analytics.AnalyticsServiceTests.Coverage_GroupByLocation_UsesLocationLabels" computerName="DESKTOP-8D7JJFD" duration="00:00:00.0027054" startTime="2026-08-03T10:33:44.7866674-04:00" endTime="2026-08-03T10:33:44.7866675-04:00" testType="13cdc9d9-ddb5-4fa4-a97d-d965ccfc6d4b" outcome="Passed" testListId="8c84fa94-04c1-424b-9868-57a2d4851a1d" relativeResultsDirectory="4a4732f9-d9d3-4226-a0bf-8a206fc17456" />
    <UnitTestResult executionId="94c7a579-9f71-40fd-9fd0-4140a6c9bc01" testId="ec2ea88a-2105-94b3-be2a-caa84d681071" testName="ShiftWork.Api.Tests.ShiftEvents.ShiftEventServiceTimingStatusTests.CreateShiftEvent_ClockIn_OnTimeAcrossDstTransitions(scheduleStartIso: &quot;2026-03-08T09:00:00Z&quot;, clockInIso: &quot;2026-03-08T13:00:00Z&quot;)" computerName="DESKTOP-8D7JJFD" duration="00:00:02.2510152" startTime="2026-08-03T10:33:44.6452018-04:00" endTime="2026-08-03T10:33:44.6452023-04:00" testType="13cdc9d9-ddb5-4fa4-a97d-d965ccfc6d4b" outcome="Passed" testListId="8c84fa94-04c1-424b-9868-57a2d4851a1d" relativeResultsDirectory="94c7a579-9f71-40fd-9fd0-4140a6c9bc01" />
    <UnitTestResult executionId="1d9a8194-2553-413a-8e93-7037ba198758" testId="58076474-596b-dd59-303f-5ab1e04bf968" testName="ShiftWork.Api.Tests.Safety.SafetyServiceTests.GetPendingForPersonAsync_ExcludesAcknowledgedContent" computerName="DESKTOP-8D7JJFD" duration="00:00:00.0270844" startTime="2026-08-03T10:33:44.6179469-04:00" endTime="2026-08-03T10:33:44.6179470-04:00" testType="13cdc9d9-ddb5-4fa4-a97d-d965ccfc6d4b" outcome="Passed" testListId="8c84fa94-04c1-424b-9868-57a2d4851a1d" relativeResultsDirectory="1d9a8194-2553-413a-8e93-7037ba198758" />
    <UnitTestResult executionId="a7cca607-908f-43a9-a3d3-cfbb3a009331" testId="93fe091e-6f94-c03f-2906-cc9bd9b54b61" testName="ShiftWork.Api.Tests.Analytics.AnalyticsServiceTests.HoursSummary_WorkedHours_FromClockInOutPair_MinusBreak" computerName="DESKTOP-8D7JJFD" duration="00:00:00.0020419" startTime="2026-08-03T10:33:44.7822925-04:00" endTime="2026-08-03T10:33:44.7822926-04:00" testType="13cdc9d9-ddb5-4fa4-a97d-d965ccfc6d4b" outcome="Passed" testListId="8c84fa94-04c1-424b-9868-57a2d4851a1d" relativeResultsDirectory="a7cca607-908f-43a9-a3d3-cfbb3a009331" />
    <UnitTestResult executionId="f11493b1-68de-415c-93e8-634ddfa2ead0" testId="622a8622-109c-15d9-b10e-008a967807a9" testName="ShiftWork.Api.Tests.Safety.SafetyServiceTests.GetAcknowledgmentStatusAsync_ReturnsEmptyStatus_ForWrongCompany" computerName="DESKTOP-8D7JJFD" duration="00:00:00.0052003" startTime="2026-08-03T10:33:44.5890534-04:00" endTime="2026-08-03T10:33:44.5890536-04:00" testType="13cdc9d9-ddb5-4fa4-a97d-d965ccfc6d4b" outcome="Passed" testListId="8c84fa94-04c1-424b-9868-57a2d4851a1d" relativeResultsDirectory="f11493b1-68de-415c-93e8-634ddfa2ead0" />
    <UnitTestResult executionId="064886fa-de11-46bd-845b-4fafd1d594bf" testId="34c9c911-e37d-324e-9400-5223abd03d2e" testName="ShiftWork.Api.Tests.DailyReports.DailyReportServiceTests.GetOrCreateAsync_ReturnsExistingReport_WhenAlreadyExists" computerName="DESKTOP-8D7JJFD" duration="00:00:02.1849040" startTime="2026-08-03T10:33:44.5789981-04:00" endTime="2026-08-03T10:33:44.5789983-04:00" testType="13cdc9d9-ddb5-4fa4-a97d-d965ccfc6d4b" outcome="Passed" testListId="8c84fa94-04c1-424b-9868-57a2d4851a1d" relativeResultsDirectory="064886fa-de11-46bd-845b-4fafd1d594bf" />
    <UnitTestResult executionId="21043a25-cc02-4729-a06e-2c3fd63b2bd4" testId="f44cbdf2-6ead-dade-187f-366126f30be0" testName="ShiftWork.Api.Tests.Bulletins.BulletinServiceTests.MarkAsReadAsync_IsIdempotent" computerName="DESKTOP-8D7JJFD" duration="00:00:00.0145186" startTime="2026-08-03T10:33:44.5878331-04:00" endTime="2026-08-03T10:33:44.5878332-04:00" testType="13cdc9d9-ddb5-4fa4-a97d-d965ccfc6d4b" outcome="Passed" testListId="8c84fa94-04c1-424b-9868-57a2d4851a1d" relativeResultsDirectory="21043a25-cc02-4729-a06e-2c3fd63b2bd4" />
    <UnitTestResult executionId="448d8a8d-cda8-4cf3-a1ae-7babdde1b60d" testId="524a327e-88a4-1150-caf7-f36f70106aa4" testName="ShiftWork.Api.Tests.Documents.DocumentServiceTests.ConfirmUploadAsync_SetsStatusToActive" computerName="DESKTOP-8D7JJFD" duration="00:00:00.0011876" startTime="2026-08-03T10:33:44.6237187-04:00" endTime="2026-08-03T10:33:44.6237188-04:00" testType="13cdc9d9-ddb5-4fa4-a97d-d965ccfc6d4b" outcome="Passed" testListId="8c84fa94-04c1-424b-9868-57a2d4851a1d" relativeResultsDirectory="448d8a8d-cda8-4cf3-a1ae-7babdde1b60d" />
    <UnitTestResult executionId="8af0d74f-c90d-4a3d-b5fe-5758dd59d55d" testId="ab45451e-ab33-8568-c900-007e1c7d20d7" testName="ShiftWork.Api.Tests.Analytics.AnalyticsServiceTests.Kpis_WorkedHours_ComputesDeltaVsPreviousPeriod" computerName="DESKTOP-8D7JJFD" duration="00:00:00.0050736" startTime="2026-08-03T10:33:44.7801918-04:00" endTime="2026-08-03T10:33:44.7801919-04:00" testType="13cdc9d9-ddb5-4fa4-a97d-d965ccfc6d4b" outcome="Passed" testListId="8c84fa94-04c1-424b-9868-57a2d4851a1d" relativeResultsDirectory="8af0d74f-c90d-4a3d-b5fe-5758dd59d55d" />
    <UnitTestResult executionId="9088d686-8dee-41f9-bbeb-6015134999a3" testId="d8f1ac37-71e0-9b39-26de-4c2e0a2364ba" testName="ShiftWork.Api.Tests.Sandbox.SandboxServiceTests.GetSandboxStatus_ReturnsTrueAfterSeed" computerName="DESKTOP-8D7JJFD" duration="00:00:00.5707426" startTime="2026-08-03T10:33:46.3023220-04:00" endTime="2026-08-03T10:33:46.3023221-04:00" testType="13cdc9d9-ddb5-4fa4-a97d-d965ccfc6d4b" outcome="Passed" testListId="8c84fa94-04c1-424b-9868-57a2d4851a1d" relativeResultsDirectory="9088d686-8dee-41f9-bbeb-6015134999a3" />
    <UnitTestResult executionId="77e67168-21e2-4076-aebb-c858a3249e1e" testId="56a6c6ab-4359-14ea-10b0-e1c58df07e48" testName="ShiftWork.Api.Tests.Bulletins.BulletinServiceTests.ArchiveAsync_SetsBulletinStatusToArchived" computerName="DESKTOP-8D7JJFD" duration="00:00:00.0025607" startTime="2026-08-03T10:33:44.5731710-04:00" endTime="2026-08-03T10:33:44.5731712-04:00" testType="13cdc9d9-ddb5-4fa4-a97d-d965ccfc6d4b" outcome="Passed" testListId="8c84fa94-04c1-424b-9868-57a2d4851a1d" relativeResultsDirectory="77e67168-21e2-4076-aebb-c858a3249e1e" />
    <UnitTestResult executionId="82fe4904-7069-4435-834e-0dfcd972fbf9" testId="1082c235-5799-1760-ddea-0bb07f70b780" testName="ShiftWork.Api.Tests.Bulletins.BulletinServiceTests.GetReadsAsync_ReturnsEmpty_ForWrongCompany" computerName="DESKTOP-8D7JJFD" duration="00:00:00.0037422" startTime="2026-08-03T10:33:44.6231889-04:00" endTime="2026-08-03T10:33:44.6231890-04:00" testType="13cdc9d9-ddb5-4fa4-a97d-d965ccfc6d4b" outcome="Passed" testListId="8c84fa94-04c1-424b-9868-57a2d4851a1d" relativeResultsDirectory="82fe4904-7069-4435-834e-0dfcd972fbf9" />
    <UnitTestResult executionId="88d715d6-e298-46ac-9203-eec0b7d545d3" testId="8f23eed2-80ca-eb8b-5c61-abdde330662d" testName="ShiftWork.Api.Tests.Registration.RegistrationIntegrationTests.Register_HappyPath_CreatesCompanyAndCompanyUser" computerName="DESKTOP-8D7JJFD" duration="00:00:00.0057413" startTime="2026-08-03T10:33:46.3175631-04:00" endTime="2026-08-03T10:33:46.3175632-04:00" testType="13cdc9d9-ddb5-4fa4-a97d-d965ccfc6d4b" outcome="Passed" testListId="8c84fa94-04c1-424b-9868-57a2d4851a1d" relativeResultsDirectory="88d715d6-e298-46ac-9203-eec0b7d545d3" />
    <UnitTestResult executionId="a7d66f3d-e177-4754-be78-59c2bd8837a6" testId="4814f94c-492d-0319-6e91-4bb8554d0fd2" testName="ShiftWork.Api.Tests.Sandbox.SandboxServiceTests.HideSandboxData_DoesNotAffectNonSandboxPersons" computerName="DESKTOP-8D7JJFD" duration="00:00:00.2545790" startTime="2026-08-03T10:33:47.9825218-04:00" endTime="2026-08-03T10:33:47.9825220-04:00" testType="13cdc9d9-ddb5-4fa4-a97d-d965ccfc6d4b" outcome="Passed" testListId="8c84fa94-04c1-424b-9868-57a2d4851a1d" relativeResultsDirectory="a7d66f3d-e177-4754-be78-59c2bd8837a6" />
    <UnitTestResult executionId="48c1d27b-946f-4a3e-ba02-bc4d042e39a4" testId="9bb38b47-bcef-6b7a-0787-a3f63e4f507a" testName="ShiftWork.Api.Tests.Sandbox.SandboxServiceTests.SeedSandboxData_CreatesExactlyTwoPersons" computerName="DESKTOP-8D7JJFD" duration="00:00:00.2463004" startTime="2026-08-03T10:33:47.7278617-04:00" endTime="2026-08-03T10:33:47.7278618-04:00" testType="13cdc9d9-ddb5-4fa4-a97d-d965ccfc6d4b" outcome="Passed" testListId="8c84fa94-04c1-424b-9868-57a2d4851a1d" relativeResultsDirectory="48c1d27b-946f-4a3e-ba02-bc4d042e39a4" />
    <UnitTestResult executionId="0606dc35-c622-4c67-9bdb-7d5383abe2d1" testId="76ab2aba-119e-f9d4-dd04-cc95e596e8de" testName="ShiftWork.Api.Tests.Audit.AuditInterceptorTests.ReportMedia_Create_IsAudited_WithCompanyIdResolvedFromParentReport" computerName="DESKTOP-8D7JJFD" duration="00:00:00.0329510" startTime="2026-08-03T10:33:44.5956564-04:00" endTime="2026-08-03T10:33:44.5956566-04:00" testType="13cdc9d9-ddb5-4fa4-a97d-d965ccfc6d4b" outcome="Passed" testListId="8c84fa94-04c1-424b-9868-57a2d4851a1d" relativeResultsDirectory="0606dc35-c622-4c67-9bdb-7d5383abe2d1" />
    <UnitTestResult executionId="d4ee40b3-2028-4b56-acd5-46dfef820d22" testId="25d9d33f-8c3c-32a8-160d-d4f9c4b60174" testName="ShiftWork.Api.Tests.DailyReports.DailyReportServiceTests.RemoveMediaAsync_ReturnsFalse_ForWrongCompany" computerName="DESKTOP-8D7JJFD" duration="00:00:00.0065113" startTime="2026-08-03T10:33:44.6354089-04:00" endTime="2026-08-03T10:33:44.6354091-04:00" testType="13cdc9d9-ddb5-4fa4-a97d-d965ccfc6d4b" outcome="Passed" testListId="8c84fa94-04c1-424b-9868-57a2d4851a1d" relativeResultsDirectory="d4ee40b3-2028-4b56-acd5-46dfef820d22" />
    <UnitTestResult executionId="686233dc-3c88-4b49-a2ba-a959ad196f53" testId="33f7df68-fe1f-c931-804d-1b4c443736d0" testName="ShiftWork.Api.Tests.Documents.DocumentServiceTests.GetReadLogsAsync_ReturnsEmpty_ForWrongCompany" computerName="DESKTOP-8D7JJFD" duration="00:00:00.0211075" startTime="2026-08-03T10:33:44.6006094-04:00" endTime="2026-08-03T10:33:44.6006095-04:00" testType="13cdc9d9-ddb5-4fa4-a97d-d965ccfc6d4b" outcome="Passed" testListId="8c84fa94-04c1-424b-9868-57a2d4851a1d" relativeResultsDirectory="686233dc-3c88-4b49-a2ba-a959ad196f53" />
    <UnitTestResult executionId="4f1ed239-7085-41d7-b6bd-a4ba54b7d8cf" testId="2f51197e-614b-0bfa-70f8-4e47d8d5af9f" testName="ShiftWork.Api.Tests.Plan.PlanServiceTests.IsFeatureEnabled_SandboxReset_ReturnsTrueForAllPlans(plan: &quot;Pro&quot;)" computerName="DESKTOP-8D7JJFD" duration="00:00:00.0006447" startTime="2026-08-03T10:33:44.5368775-04:00" endTime="2026-08-03T10:33:44.5368775-04:00" testType="13cdc9d9-ddb5-4fa4-a97d-d965ccfc6d4b" outcome="Passed" testListId="8c84fa94-04c1-424b-9868-57a2d4851a1d" relativeResultsDirectory="4f1ed239-7085-41d7-b6bd-a4ba54b7d8cf" />
    <UnitTestResult executionId="b9de10db-445a-451c-a98f-ba8698c78287" testId="2f0020c5-a97f-b5d6-eda3-1f5e6f198927" testName="ShiftWork.Api.Tests.Bulletins.BulletinServiceTests.GetBulletinsAsync_IsScopedToCompany" computerName="DESKTOP-8D7JJFD" duration="00:00:02.1041138" startTime="2026-08-03T10:33:44.4982064-04:00" endTime="2026-08-03T10:33:44.4982066-04:00" testType="13cdc9d9-ddb5-4fa4-a97d-d965ccfc6d4b" outcome="Passed" testListId="8c84fa94-04c1-424b-9868-57a2d4851a1d" relativeResultsDirectory="b9de10db-445a-451c-a98f-ba8698c78287" />
    <UnitTestResult executionId="7ddf82b7-1601-4102-9c17-e6f49b338c5d" testId="9f220e5f-8e40-439c-eddf-1ffaf82e2358" testName="ShiftWork.Api.Tests.Registration.RegistrationIntegrationTests.Register_SandboxSeed_AllRecordsTaggedIsSandboxTrue" computerName="DESKTOP-8D7JJFD" duration="00:00:00.5800580" startTime="2026-08-03T10:33:46.3117659-04:00" endTime="2026-08-03T10:33:46.3117662-04:00" testType="13cdc9d9-ddb5-4fa4-a97d-d965ccfc6d4b" outcome="Passed" testListId="8c84fa94-04c1-424b-9868-57a2d4851a1d" relativeResultsDirectory="7ddf82b7-1601-4102-9c17-e6f49b338c5d" />
    <UnitTestResult executionId="4cf92e66-699c-49a4-86b0-f3285637d076" testId="a2096bad-67ad-b757-8f46-f08a049e4cf7" testName="ShiftWork.Api.Tests.Safety.SafetyServiceTests.AcknowledgeAsync_CreatesAcknowledgmentRecord" computerName="DESKTOP-8D7JJFD" duration="00:00:00.0130349" startTime="2026-08-03T10:33:44.6480130-04:00" endTime="2026-08-03T10:33:44.6480131-04:00" testType="13cdc9d9-ddb5-4fa4-a97d-d965ccfc6d4b" outcome="Passed" testListId="8c84fa94-04c1-424b-9868-57a2d4851a1d" relativeResultsDirectory="4cf92e66-699c-49a4-86b0-f3285637d076" />
    <UnitTestResult executionId="400ecd99-2a68-4f3d-a7fe-11643e88b493" testId="9079b14f-7f23-0da4-4895-016e480c1257" testName="ShiftWork.Api.Tests.Plan.PlanServiceTests.GetCurrentPlan_ReturnsExpectedPlan(plan: &quot;Pro&quot;)" computerName="DESKTOP-8D7JJFD" duration="00:00:00.0012931" startTime="2026-08-03T10:33:44.5391745-04:00" endTime="2026-08-03T10:33:44.5391746-04:00" testType="13cdc9d9-ddb5-4fa4-a97d-d965ccfc6d4b" outcome="Passed" testListId="8c84fa94-04c1-424b-9868-57a2d4851a1d" relativeResultsDirectory="400ecd99-2a68-4f3d-a7fe-11643e88b493" />
    <UnitTestResult executionId="8859030f-b3c2-40cc-b1c1-399a6e525f8e" testId="924eb0a3-453c-1802-2366-b9e651f2aaef" testName="ShiftWork.Api.Tests.Audit.AuditInterceptorTests.SafetyAcknowledgment_Create_IsAudited_WithCompanyIdResolvedFromParentContent" computerName="DESKTOP-8D7JJFD" duration="00:00:00.0140276" startTime="2026-08-03T10:33:44.6097885-04:00" endTime="2026-08-03T10:33:44.6097887-04:00" testType="13cdc9d9-ddb5-4fa4-a97d-d965ccfc6d4b" outcome="Passed" testListId="8c84fa94-04c1-424b-9868-57a2d4851a1d" relativeResultsDirectory="8859030f-b3c2-40cc-b1c1-399a6e525f8e" />
    <UnitTestResult executionId="0a83e10b-76f6-48a0-be6e-b2e05445021f" testId="c855cfdd-5378-f2f0-7893-82fbe2b87f3c" testName="ShiftWork.Api.Tests.Bulletins.BulletinServiceTests.CreateAsync_PersistsBulletin_WithCompanyId" computerName="DESKTOP-8D7JJFD" duration="00:00:00.0336784" startTime="2026-08-03T10:33:44.5319911-04:00" endTime="2026-08-03T10:33:44.5319912-04:00" testType="13cdc9d9-ddb5-4fa4-a97d-d965ccfc6d4b" outcome="Passed" testListId="8c84fa94-04c1-424b-9868-57a2d4851a1d" relativeResultsDirectory="0a83e10b-76f6-48a0-be6e-b2e05445021f" />
    <UnitTestResult executionId="b9c246fd-fa22-419f-b993-9d25725af61d" testId="8b00c067-86b2-6d07-73e2-d3a3364b9b31" testName="ShiftWork.Api.Tests.Sandbox.SandboxServiceTests.HideSandboxData_SetsSandboxLocationStatusToSandbox" computerName="DESKTOP-8D7JJFD" duration="00:00:00.2489815" startTime="2026-08-03T10:33:48.7256038-04:00" endTime="2026-08-03T10:33:48.7256043-04:00" testType="13cdc9d9-ddb5-4fa4-a97d-d965ccfc6d4b" outcome="Passed" testListId="8c84fa94-04c1-424b-9868-57a2d4851a1d" relativeResultsDirectory="b9c246fd-fa22-419f-b993-9d25725af61d" />
    <UnitTestResult executionId="944ab44f-313d-4af0-821d-ef98ffb89816" testId="3e887f8e-030c-8374-7a86-e977cc67cedd" testName="ShiftWork.Api.Tests.DailyReports.DailyReportServiceTests.AddMediaAsync_AttachesMediaToReport" computerName="DESKTOP-8D7JJFD" duration="00:00:00.0021507" startTime="2026-08-03T10:33:44.6375956-04:00" endTime="2026-08-03T10:33:44.6375957-04:00" testType="13cdc9d9-ddb5-4fa4-a97d-d965ccfc6d4b" outcome="Passed" testListId="8c84fa94-04c1-424b-9868-57a2d4851a1d" relativeResultsDirectory="944ab44f-313d-4af0-821d-ef98ffb89816" />
    <UnitTestResult executionId="b1877b9a-f52f-4e1f-813a-df8761f06526" testId="70d7790c-f0c2-e7f5-1a85-a4a0c4ddc0f7" testName="ShiftWork.Api.Tests.ShiftEvents.ShiftEventServiceTimingStatusTests.CreateShiftEvent_ClockIn_OnTimeAcrossDstTransitions(scheduleStartIso: &quot;2026-11-01T09:00:00Z&quot;, clockInIso: &quot;2026-11-01T14:00:00Z&quot;)" computerName="DESKTOP-8D7JJFD" duration="00:00:00.0027611" startTime="2026-08-03T10:33:44.6480699-04:00" endTime="2026-08-03T10:33:44.6480699-04:00" testType="13cdc9d9-ddb5-4fa4-a97d-d965ccfc6d4b" outcome="Passed" testListId="8c84fa94-04c1-424b-9868-57a2d4851a1d" relativeResultsDirectory="b1877b9a-f52f-4e1f-813a-df8761f06526" />
    <UnitTestResult executionId="f3d7cd85-ba7e-4c1d-b82a-a04d5efafd94" testId="a2a0c2ce-5c3c-3dd1-b106-0e4664f950e1" testName="ShiftWork.Api.Tests.Plan.PlanServiceTests.IsFeatureEnabled_SandboxReset_ReturnsTrueForAllPlans(plan: &quot;Trial&quot;)" computerName="DESKTOP-8D7JJFD" duration="00:00:00.0012424" startTime="2026-08-03T10:33:44.5349176-04:00" endTime="2026-08-03T10:33:44.5349177-04:00" testType="13cdc9d9-ddb5-4fa4-a97d-d965ccfc6d4b" outcome="Passed" testListId="8c84fa94-04c1-424b-9868-57a2d4851a1d" relativeResultsDirectory="f3d7cd85-ba7e-4c1d-b82a-a04d5efafd94" />
    <UnitTestResult executionId="cf75f563-d0a2-48be-aac0-ca1165d1fe3b" testId="bbdcdb8d-0111-a41f-f22a-5277fd1c1075" testName="ShiftWork.Api.Tests.Plan.PlanServiceTests.IsFeatureEnabled_SandboxHide_ReturnsTrueForAllPlans(plan: &quot;Free&quot;)" computerName="DESKTOP-8D7JJFD" duration="00:00:00.0009143" startTime="2026-08-03T10:33:44.5327541-04:00" endTime="2026-08-03T10:33:44.5327542-04:00" testType="13cdc9d9-ddb5-4fa4-a97d-d965ccfc6d4b" outcome="Passed" testListId="8c84fa94-04c1-424b-9868-57a2d4851a1d" relativeResultsDirectory="cf75f563-d0a2-48be-aac0-ca1165d1fe3b" />
    <UnitTestResult executionId="4ef635db-2e62-4c47-88cd-6ccf6b92da42" testId="7ed69423-f9e5-3766-c89e-04e74011ad43" testName="ShiftWork.Api.Tests.Bulletins.BulletinServiceTests.UpdateAsync_ReturnsNull_ForWrongCompany" computerName="DESKTOP-8D7JJFD" duration="00:00:00.0033112" startTime="2026-08-03T10:33:44.5912506-04:00" endTime="2026-08-03T10:33:44.5912507-04:00" testType="13cdc9d9-ddb5-4fa4-a97d-d965ccfc6d4b" outcome="Passed" testListId="8c84fa94-04c1-424b-9868-57a2d4851a1d" relativeResultsDirectory="4ef635db-2e62-4c47-88cd-6ccf6b92da42" />
    <UnitTestResult executionId="741cac9d-1f7c-4be6-bfb5-ff1ff14bec9b" testId="84e8eb68-237f-c9a0-4040-f9c1b8ee0e9b" testName="ShiftWork.Api.Tests.Documents.DocumentServiceTests.UpdateAsync_ReturnsNull_ForWrongCompany" computerName="DESKTOP-8D7JJFD" duration="00:00:00.0022671" startTime="2026-08-03T10:33:44.6174210-04:00" endTime="2026-08-03T10:33:44.6174211-04:00" testType="13cdc9d9-ddb5-4fa4-a97d-d965ccfc6d4b" outcome="Passed" testListId="8c84fa94-04c1-424b-9868-57a2d4851a1d" relativeResultsDirectory="741cac9d-1f7c-4be6-bfb5-ff1ff14bec9b" />
    <UnitTestResult executionId="f5202717-5622-456d-886c-86c2bedce8fa" testId="0f08097c-3f76-acbb-e099-4ca013352a0b" testName="ShiftWork.Api.Tests.ShiftEvents.ShiftEventServiceTimingStatusTests.CreateShiftEvent_ClockIn_OnTimeAcrossTimeZones(timeZone: &quot;America/New_York&quot;, scheduleStartIso: &quot;2026-01-15T09:00:00Z&quot;, clockInIso: &quot;2026-01-15T14:00:00Z&quot;)" computerName="DESKTOP-8D7JJFD" duration="00:00:00.0024260" startTime="2026-08-03T10:33:44.6505284-04:00" endTime="2026-08-03T10:33:44.6505285-04:00" testType="13cdc9d9-ddb5-4fa4-a97d-d965ccfc6d4b" outcome="Passed" testListId="8c84fa94-04c1-424b-9868-57a2d4851a1d" relativeResultsDirectory="f5202717-5622-456d-886c-86c2bedce8fa" />
    <UnitTestResult executionId="db71f5b1-428b-4c27-b381-e720b746593f" testId="ed71b534-0324-a219-cf6a-d99b6f25db15" testName="ShiftWork.Api.Tests.Safety.SafetyServiceTests.GetByIdAsync_ReturnsNull_ForWrongCompany" computerName="DESKTOP-8D7JJFD" duration="00:00:00.0112342" startTime="2026-08-03T10:33:44.6348925-04:00" endTime="2026-08-03T10:33:44.6348926-04:00" testType="13cdc9d9-ddb5-4fa4-a97d-d965ccfc6d4b" outcome="Passed" testListId="8c84fa94-04c1-424b-9868-57a2d4851a1d" relativeResultsDirectory="db71f5b1-428b-4c27-b381-e720b746593f" />
    <UnitTestResult executionId="5171f5b0-ad54-4b01-acd2-e57e3b0942a7" testId="909a486d-9024-f9ef-67bd-8330d76fc109" testName="ShiftWork.Api.Tests.Safety.SafetyServiceTests.AcknowledgeAsync_ReturnsFalse_ForUnknownContentId" computerName="DESKTOP-8D7JJFD" duration="00:00:00.0016053" startTime="2026-08-03T10:33:44.5907797-04:00" endTime="2026-08-03T10:33:44.5907798-04:00" testType="13cdc9d9-ddb5-4fa4-a97d-d965ccfc6d4b" outcome="Passed" testListId="8c84fa94-04c1-424b-9868-57a2d4851a1d" relativeResultsDirectory="5171f5b0-ad54-4b01-acd2-e57e3b0942a7" />
    <UnitTestResult executionId="51123ce6-129e-42ce-a49a-ba0be022c14a" testId="9cde0385-727a-a8da-3c0e-a5233ece09de" testName="ShiftWork.Api.Tests.Analytics.AnalyticsServiceTests.ScheduleCoverage_CountsOpenVsFilled" computerName="DESKTOP-8D7JJFD" duration="00:00:02.2131617" startTime="2026-08-03T10:33:44.6075387-04:00" endTime="2026-08-03T10:33:44.6075388-04:00" testType="13cdc9d9-ddb5-4fa4-a97d-d965ccfc6d4b" outcome="Passed" testListId="8c84fa94-04c1-424b-9868-57a2d4851a1d" relativeResultsDirectory="51123ce6-129e-42ce-a49a-ba0be022c14a" />
    <UnitTestResult executionId="4a9fcedd-0c77-427e-b108-560a32252488" testId="ce399f1e-74be-5037-0f53-7b525d8f2bc0" testName="ShiftWork.Api.Tests.DailyReports.DailyReportServiceTests.GetReportsAsync_IsScopedToCompany" computerName="DESKTOP-8D7JJFD" duration="00:00:00.0196353" startTime="2026-08-03T10:33:44.5987454-04:00" endTime="2026-08-03T10:33:44.5987456-04:00" testType="13cdc9d9-ddb5-4fa4-a97d-d965ccfc6d4b" outcome="Passed" testListId="8c84fa94-04c1-424b-9868-57a2d4851a1d" relativeResultsDirectory="4a9fcedd-0c77-427e-b108-560a32252488" />
    <UnitTestResult executionId="e1dd0565-0d7a-4fa3-b7f0-594d9014234e" testId="eae9d286-0af3-eec7-32f8-ff8ca8eb3db8" testName="ShiftWork.Api.Tests.Plan.PlanServiceTests.IsFeatureEnabled_SandboxHide_ReturnsTrueForAllPlans(plan: &quot;Trial&quot;)" computerName="DESKTOP-8D7JJFD" duration="00:00:00.0007460" startTime="2026-08-03T10:33:44.5335814-04:00" endTime="2026-08-03T10:33:44.5335815-04:00" testType="13cdc9d9-ddb5-4fa4-a97d-d965ccfc6d4b" outcome="Passed" testListId="8c84fa94-04c1-424b-9868-57a2d4851a1d" relativeResultsDirectory="e1dd0565-0d7a-4fa3-b7f0-594d9014234e" />
    <UnitTestResult executionId="3bad8112-adb4-40ff-956d-c919cf959dda" testId="434831b7-d409-7142-7868-9ba0717f0d4a" testName="ShiftWork.Api.Tests.Safety.SafetyServiceTests.UpdateAsync_ReturnsNull_ForWrongCompany" computerName="DESKTOP-8D7JJFD" duration="00:00:02.1041168" startTime="2026-08-03T10:33:44.4982431-04:00" endTime="2026-08-03T10:33:44.4982431-04:00" testType="13cdc9d9-ddb5-4fa4-a97d-d965ccfc6d4b" outcome="Passed" testListId="8c84fa94-04c1-424b-9868-57a2d4851a1d" relativeResultsDirectory="3bad8112-adb4-40ff-956d-c919cf959dda" />
    <UnitTestResult executionId="dfa0357c-2bfb-4d10-b385-529049d6ee7c" testId="b1767f9e-04ee-2c03-5cb2-f72f96d39b2e" testName="ShiftWork.Api.Tests.Bulletins.BulletinServiceTests.GetBulletinsAsync_ExcludesArchivedByDefault" computerName="DESKTOP-8D7JJFD" duration="00:00:00.0038368" startTime="2026-08-03T10:33:44.6193387-04:00" endTime="2026-08-03T10:33:44.6193388-04:00" testType="13cdc9d9-ddb5-4fa4-a97d-d965ccfc6d4b" outcome="Passed" testListId="8c84fa94-04c1-424b-9868-57a2d4851a1d" relativeResultsDirectory="dfa0357c-2bfb-4d10-b385-529049d6ee7c" />
    <UnitTestResult executionId="1e94f6fb-9c66-4ec1-ba8f-bbd38bccb6b5" testId="d2a2c9e2-434e-3eff-2a40-d8b01d36802e" testName="ShiftWork.Api.Tests.Audit.AuditInterceptorTests.DocumentReadLog_Create_IsAudited_WithCompanyIdResolvedFromParentDocument" computerName="DESKTOP-8D7JJFD" duration="00:00:02.1015757" startTime="2026-08-03T10:33:44.4982672-04:00" endTime="2026-08-03T10:33:44.4982672-04:00" testType="13cdc9d9-ddb5-4fa4-a97d-d965ccfc6d4b" outcome="Passed" testListId="8c84fa94-04c1-424b-9868-57a2d4851a1d" relativeResultsDirectory="1e94f6fb-9c66-4ec1-ba8f-bbd38bccb6b5" />
    <UnitTestResult executionId="62b7c6de-9dc0-4cc4-8b82-0f16eefb95ec" testId="14e71e9a-b028-5534-ac6b-c22465dbdcfb" testName="ShiftWork.Api.Tests.Sandbox.SandboxServiceTests.SeedSandboxData_LocationNameMatchesTemplate" computerName="DESKTOP-8D7JJFD" duration="00:00:00.4272554" startTime="2026-08-03T10:33:46.7296851-04:00" endTime="2026-08-03T10:33:46.7296853-04:00" testType="13cdc9d9-ddb5-4fa4-a97d-d965ccfc6d4b" outcome="Passed" testListId="8c84fa94-04c1-424b-9868-57a2d4851a1d" relativeResultsDirectory="62b7c6de-9dc0-4cc4-8b82-0f16eefb95ec" />
    <UnitTestResult executionId="e9377769-963e-4af5-a2a9-915904e9bd62" testId="2259cfae-11e3-baf8-6b51-7eb898c5aca6" testName="ShiftWork.Api.Tests.Sandbox.SandboxServiceTests.SeedSandboxData_CreatesExactlyOneArea" computerName="DESKTOP-8D7JJFD" duration="00:00:00.2493097" startTime="2026-08-03T10:33:47.2324229-04:00" endTime="2026-08-03T10:33:47.2324230-04:00" testType="13cdc9d9-ddb5-4fa4-a97d-d965ccfc6d4b" outcome="Passed" testListId="8c84fa94-04c1-424b-9868-57a2d4851a1d" relativeResultsDirectory="e9377769-963e-4af5-a2a9-915904e9bd62" />
    <UnitTestResult executionId="d3d2f982-1b69-4994-8558-8a9493164b5c" testId="d3d432b7-1cb8-b026-8cc5-c282d62dedd2" testName="ShiftWork.Api.Tests.Analytics.AnalyticsServiceTests.HoursSummary_IsScopedByCompany_TenantCannotSeeOther" computerName="DESKTOP-8D7JJFD" duration="00:00:00.0408173" startTime="2026-08-03T10:33:44.6484522-04:00" endTime="2026-08-03T10:33:44.6484523-04:00" testType="13cdc9d9-ddb5-4fa4-a97d-d965ccfc6d4b" outcome="Passed" testListId="8c84fa94-04c1-424b-9868-57a2d4851a1d" relativeResultsDirectory="d3d2f982-1b69-4994-8558-8a9493164b5c" />
  </Results>
  <TestDefinitions>
    <UnitTest name="ShiftWork.Api.Tests.Documents.DocumentServiceTests.UpdateAsync_ReturnsNull_ForWrongCompany" storage="d:\projects\baseshiftwork\shiftwork.api.tests\bin\release\net9.0\shiftwork.api.tests.dll" id="84e8eb68-237f-c9a0-4040-f9c1b8ee0e9b">
      <Execution id="741cac9d-1f7c-4be6-bfb5-ff1ff14bec9b" />
      <TestMethod codeBase="D:\Projects\BaseShiftWork\ShiftWork.Api.Tests\bin\Release\net9.0\ShiftWork.Api.Tests.dll" adapterTypeName="executor://xunit/VsTestRunner2/netcoreapp" className="ShiftWork.Api.Tests.Documents.DocumentServiceTests" name="UpdateAsync_ReturnsNull_ForWrongCompany" />
    </UnitTest>
    <UnitTest name="ShiftWork.Api.Tests.Plan.PlanServiceTests.GetCurrentPlan_ReturnsExpectedPlan(plan: &quot;Trial&quot;)" storage="d:\projects\baseshiftwork\shiftwork.api.tests\bin\release\net9.0\shiftwork.api.tests.dll" id="839d8b24-47b3-5883-56be-6983826a410d">
      <Execution id="72adc992-eeb0-45ef-bdc4-ba83079b869f" />
      <TestMethod codeBase="D:\Projects\BaseShiftWork\ShiftWork.Api.Tests\bin\Release\net9.0\ShiftWork.Api.Tests.dll" adapterTypeName="executor://xunit/VsTestRunner2/netcoreapp" className="ShiftWork.Api.Tests.Plan.PlanServiceTests" name="GetCurrentPlan_ReturnsExpectedPlan" />
    </UnitTest>
    <UnitTest name="ShiftWork.Api.Tests.Plan.PlanServiceTests.GetCurrentPlan_ReturnsExpectedPlan(plan: &quot;Pro&quot;)" storage="d:\projects\baseshiftwork\shiftwork.api.tests\bin\release\net9.0\shiftwork.api.tests.dll" id="9079b14f-7f23-0da4-4895-016e480c1257">
      <Execution id="400ecd99-2a68-4f3d-a7fe-11643e88b493" />
      <TestMethod codeBase="D:\Projects\BaseShiftWork\ShiftWork.Api.Tests\bin\Release\net9.0\ShiftWork.Api.Tests.dll" adapterTypeName="executor://xunit/VsTestRunner2/netcoreapp" className="ShiftWork.Api.Tests.Plan.PlanServiceTests" name="GetCurrentPlan_ReturnsExpectedPlan" />
    </UnitTest>
    <UnitTest name="ShiftWork.Api.Tests.Sandbox.SandboxServiceTests.SeedSandboxData_CreatesExactlyTwoPersons" storage="d:\projects\baseshiftwork\shiftwork.api.tests\bin\release\net9.0\shiftwork.api.tests.dll" id="9bb38b47-bcef-6b7a-0787-a3f63e4f507a">
      <Execution id="48c1d27b-946f-4a3e-ba02-bc4d042e39a4" />
      <TestMethod codeBase="D:\Projects\BaseShiftWork\ShiftWork.Api.Tests\bin\Release\net9.0\ShiftWork.Api.Tests.dll" adapterTypeName="executor://xunit/VsTestRunner2/netcoreapp" className="ShiftWork.Api.Tests.Sandbox.SandboxServiceTests" name="SeedSandboxData_CreatesExactlyTwoPersons" />
    </UnitTest>
    <UnitTest name="ShiftWork.Api.Tests.Safety.SafetyServiceTests.AcknowledgeAsync_CreatesAcknowledgmentRecord" storage="d:\projects\baseshiftwork\shiftwork.api.tests\bin\release\net9.0\shiftwork.api.tests.dll" id="a2096bad-67ad-b757-8f46-f08a049e4cf7">
      <Execution id="4cf92e66-699c-49a4-86b0-f3285637d076" />
      <TestMethod codeBase="D:\Projects\BaseShiftWork\ShiftWork.Api.Tests\bin\Release\net9.0\ShiftWork.Api.Tests.dll" adapterTypeName="executor://xunit/VsTestRunner2/netcoreapp" className="ShiftWork.Api.Tests.Safety.SafetyServiceTests" name="AcknowledgeAsync_CreatesAcknowledgmentRecord" />
    </UnitTest>
    <UnitTest name="ShiftWork.Api.Tests.Safety.SafetyServiceTests.UpdateAsync_ReturnsNull_ForWrongCompany" storage="d:\projects\baseshiftwork\shiftwork.api.tests\bin\release\net9.0\shiftwork.api.tests.dll" id="434831b7-d409-7142-7868-9ba0717f0d4a">
      <Execution id="3bad8112-adb4-40ff-956d-c919cf959dda" />
      <TestMethod codeBase="D:\Projects\BaseShiftWork\ShiftWork.Api.Tests\bin\Release\net9.0\ShiftWork.Api.Tests.dll" adapterTypeName="executor://xunit/VsTestRunner2/netcoreapp" className="ShiftWork.Api.Tests.Safety.SafetyServiceTests" name="UpdateAsync_ReturnsNull_ForWrongCompany" />
    </UnitTest>
    <UnitTest name="ShiftWork.Api.Tests.Sandbox.SandboxServiceTests.HideSandboxData_SetsSandboxLocationStatusToSandbox" storage="d:\projects\baseshiftwork\shiftwork.api.tests\bin\release\net9.0\shiftwork.api.tests.dll" id="8b00c067-86b2-6d07-73e2-d3a3364b9b31">
      <Execution id="b9c246fd-fa22-419f-b993-9d25725af61d" />
      <TestMethod codeBase="D:\Projects\BaseShiftWork\ShiftWork.Api.Tests\bin\Release\net9.0\ShiftWork.Api.Tests.dll" adapterTypeName="executor://xunit/VsTestRunner2/netcoreapp" className="ShiftWork.Api.Tests.Sandbox.SandboxServiceTests" name="HideSandboxData_SetsSandboxLocationStatusToSandbox" />
    </UnitTest>
    <UnitTest name="ShiftWork.Api.Tests.DailyReports.DailyReportServiceTests.GetReportsAsync_IsScopedToCompany" storage="d:\projects\baseshiftwork\shiftwork.api.tests\bin\release\net9.0\shiftwork.api.tests.dll" id="ce399f1e-74be-5037-0f53-7b525d8f2bc0">
      <Execution id="4a9fcedd-0c77-427e-b108-560a32252488" />
      <TestMethod codeBase="D:\Projects\BaseShiftWork\ShiftWork.Api.Tests\bin\Release\net9.0\ShiftWork.Api.Tests.dll" adapterTypeName="executor://xunit/VsTestRunner2/netcoreapp" className="ShiftWork.Api.Tests.DailyReports.DailyReportServiceTests" name="GetReportsAsync_IsScopedToCompany" />
    </UnitTest>
    <UnitTest name="ShiftWork.Api.Tests.Analytics.AnalyticsServiceTests.HoursSummary_ExcludesEventsOutsideRange" storage="d:\projects\baseshiftwork\shiftwork.api.tests\bin\release\net9.0\shiftwork.api.tests.dll" id="e97fea39-5635-b6a5-d8e4-c7bf36c9a9a9">
      <Execution id="1c688967-9b73-4264-8269-a087b812b4d5" />
      <TestMethod codeBase="D:\Projects\BaseShiftWork\ShiftWork.Api.Tests\bin\Release\net9.0\ShiftWork.Api.Tests.dll" adapterTypeName="executor://xunit/VsTestRunner2/netcoreapp" className="ShiftWork.Api.Tests.Analytics.AnalyticsServiceTests" name="HoursSummary_ExcludesEventsOutsideRange" />
    </UnitTest>
    <UnitTest name="ShiftWork.Api.Tests.Bulletins.BulletinServiceTests.GetByIdAsync_ReturnsNull_ForWrongCompany" storage="d:\projects\baseshiftwork\shiftwork.api.tests\bin\release\net9.0\shiftwork.api.tests.dll" id="652ff2e4-7e1b-f518-5455-c0a9f83c91b8">
      <Execution id="289352df-35b2-487c-8df2-c76d85e87843" />
      <TestMethod codeBase="D:\Projects\BaseShiftWork\ShiftWork.Api.Tests\bin\Release\net9.0\ShiftWork.Api.Tests.dll" adapterTypeName="executor://xunit/VsTestRunner2/netcoreapp" className="ShiftWork.Api.Tests.Bulletins.BulletinServiceTests" name="GetByIdAsync_ReturnsNull_ForWrongCompany" />
    </UnitTest>
    <UnitTest name="ShiftWork.Api.Tests.Sandbox.SandboxServiceTests.DeleteSandboxData_RemovesAllSandboxRecords" storage="d:\projects\baseshiftwork\shiftwork.api.tests\bin\release\net9.0\shiftwork.api.tests.dll" id="ee5bd466-ad9f-ea32-162a-2b9220359bd6">
      <Execution id="467717a0-a4b0-4789-91c0-f729cbeeac24" />
      <TestMethod codeBase="D:\Projects\BaseShiftWork\ShiftWork.Api.Tests\bin\Release\net9.0\ShiftWork.Api.Tests.dll" adapterTypeName="executor://xunit/VsTestRunner2/netcoreapp" className="ShiftWork.Api.Tests.Sandbox.SandboxServiceTests" name="DeleteSandboxData_RemovesAllSandboxRecords" />
    </UnitTest>
    <UnitTest name="ShiftWork.Api.Tests.Safety.SafetyServiceTests.GetAcknowledgmentStatusAsync_ReturnsEmptyStatus_ForWrongCompany" storage="d:\projects\baseshiftwork\shiftwork.api.tests\bin\release\net9.0\shiftwork.api.tests.dll" id="622a8622-109c-15d9-b10e-008a967807a9">
      <Execution id="f11493b1-68de-415c-93e8-634ddfa2ead0" />
      <TestMethod codeBase="D:\Projects\BaseShiftWork\ShiftWork.Api.Tests\bin\Release\net9.0\ShiftWork.Api.Tests.dll" adapterTypeName="executor://xunit/VsTestRunner2/netcoreapp" className="ShiftWork.Api.Tests.Safety.SafetyServiceTests" name="GetAcknowledgmentStatusAsync_ReturnsEmptyStatus_ForWrongCompany" />
    </UnitTest>
    <UnitTest name="ShiftWork.Api.Tests.Registration.RegistrationIntegrationTests.Register_DuplicateCompanyEmail_DetectedByQuery" storage="d:\projects\baseshiftwork\shiftwork.api.tests\bin\release\net9.0\shiftwork.api.tests.dll" id="67ac1884-3c97-ad89-6652-ad1f5ea18565">
      <Execution id="4ff0712d-bd77-4783-9578-f896f8108450" />
      <TestMethod codeBase="D:\Projects\BaseShiftWork\ShiftWork.Api.Tests\bin\Release\net9.0\ShiftWork.Api.Tests.dll" adapterTypeName="executor://xunit/VsTestRunner2/netcoreapp" className="ShiftWork.Api.Tests.Registration.RegistrationIntegrationTests" name="Register_DuplicateCompanyEmail_DetectedByQuery" />
    </UnitTest>
    <UnitTest name="ShiftWork.Api.Tests.Sandbox.SandboxServiceTests.SeedSandboxData_CreatesExactlyOneLocation" storage="d:\projects\baseshiftwork\shiftwork.api.tests\bin\release\net9.0\shiftwork.api.tests.dll" id="87b00b17-f27b-b5d1-d08c-ac803f62f1be">
      <Execution id="475abb92-450b-43b2-8429-a05032bd39e9" />
      <TestMethod codeBase="D:\Projects\BaseShiftWork\ShiftWork.Api.Tests\bin\Release\net9.0\ShiftWork.Api.Tests.dll" adapterTypeName="executor://xunit/VsTestRunner2/netcoreapp" className="ShiftWork.Api.Tests.Sandbox.SandboxServiceTests" name="SeedSandboxData_CreatesExactlyOneLocation" />
    </UnitTest>
    <UnitTest name="ShiftWork.Api.Tests.Bulletins.BulletinServiceTests.UpdateAsync_ReturnsNull_ForWrongCompany" storage="d:\projects\baseshiftwork\shiftwork.api.tests\bin\release\net9.0\shiftwork.api.tests.dll" id="7ed69423-f9e5-3766-c89e-04e74011ad43">
      <Execution id="4ef635db-2e62-4c47-88cd-6ccf6b92da42" />
      <TestMethod codeBase="D:\Projects\BaseShiftWork\ShiftWork.Api.Tests\bin\Release\net9.0\ShiftWork.Api.Tests.dll" adapterTypeName="executor://xunit/VsTestRunner2/netcoreapp" className="ShiftWork.Api.Tests.Bulletins.BulletinServiceTests" name="UpdateAsync_ReturnsNull_ForWrongCompany" />
    </UnitTest>
    <UnitTest name="ShiftWork.Api.Tests.Plan.PlanServiceTests.IsFeatureEnabled_SandboxReset_ReturnsTrueForAllPlans(plan: &quot;Pro&quot;)" storage="d:\projects\baseshiftwork\shiftwork.api.tests\bin\release\net9.0\shiftwork.api.tests.dll" id="2f51197e-614b-0bfa-70f8-4e47d8d5af9f">
      <Execution id="4f1ed239-7085-41d7-b6bd-a4ba54b7d8cf" />
      <TestMethod codeBase="D:\Projects\BaseShiftWork\ShiftWork.Api.Tests\bin\Release\net9.0\ShiftWork.Api.Tests.dll" adapterTypeName="executor://xunit/VsTestRunner2/netcoreapp" className="ShiftWork.Api.Tests.Plan.PlanServiceTests" name="IsFeatureEnabled_SandboxReset_ReturnsTrueForAllPlans" />
    </UnitTest>
    <UnitTest name="ShiftWork.Api.Tests.Registration.RegistrationIntegrationTests.Register_SandboxSeed_AllRecordsTaggedIsSandboxTrue" storage="d:\projects\baseshiftwork\shiftwork.api.tests\bin\release\net9.0\shiftwork.api.tests.dll" id="9f220e5f-8e40-439c-eddf-1ffaf82e2358">
      <Execution id="7ddf82b7-1601-4102-9c17-e6f49b338c5d" />
      <TestMethod codeBase="D:\Projects\BaseShiftWork\ShiftWork.Api.Tests\bin\Release\net9.0\ShiftWork.Api.Tests.dll" adapterTypeName="executor://xunit/VsTestRunner2/netcoreapp" className="ShiftWork.Api.Tests.Registration.RegistrationIntegrationTests" name="Register_SandboxSeed_AllRecordsTaggedIsSandboxTrue" />
    </UnitTest>
    <UnitTest name="ShiftWork.Api.Tests.Documents.DocumentServiceTests.InitiateUploadAsync_CreatesDocumentWithDraftStatus" storage="d:\projects\baseshiftwork\shiftwork.api.tests\bin\release\net9.0\shiftwork.api.tests.dll" id="bcb5384d-5e28-96e9-3c24-3d63715c86a0">
      <Execution id="d01bd521-7c2a-4d8f-b2c1-859ec418fc23" />
      <TestMethod codeBase="D:\Projects\BaseShiftWork\ShiftWork.Api.Tests\bin\Release\net9.0\ShiftWork.Api.Tests.dll" adapterTypeName="executor://xunit/VsTestRunner2/netcoreapp" className="ShiftWork.Api.Tests.Documents.DocumentServiceTests" name="InitiateUploadAsync_CreatesDocumentWithDraftStatus" />
    </UnitTest>
    <UnitTest name="ShiftWork.Api.Tests.Sandbox.SandboxServiceTests.GetSandboxStatus_ReturnsFalseAfterDelete" storage="d:\projects\baseshiftwork\shiftwork.api.tests\bin\release\net9.0\shiftwork.api.tests.dll" id="7c59cc0e-b2c4-7a31-b92e-15f61da50789">
      <Execution id="e4688a99-049a-41a1-bfab-5bfcc44838dc" />
      <TestMethod codeBase="D:\Projects\BaseShiftWork\ShiftWork.Api.Tests\bin\Release\net9.0\ShiftWork.Api.Tests.dll" adapterTypeName="executor://xunit/VsTestRunner2/netcoreapp" className="ShiftWork.Api.Tests.Sandbox.SandboxServiceTests" name="GetSandboxStatus_ReturnsFalseAfterDelete" />
    </UnitTest>
    <UnitTest name="ShiftWork.Api.Tests.Plan.PlanServiceTests.IsFeatureEnabled_SandboxDelete_ReturnsFalseForFreePlan" storage="d:\projects\baseshiftwork\shiftwork.api.tests\bin\release\net9.0\shiftwork.api.tests.dll" id="d8797588-a78d-8135-f234-379fca640f6b">
      <Execution id="cb63aefd-4fc8-43a7-84e5-07e2078e0816" />
      <TestMethod codeBase="D:\Projects\BaseShiftWork\ShiftWork.Api.Tests\bin\Release\net9.0\ShiftWork.Api.Tests.dll" adapterTypeName="executor://xunit/VsTestRunner2/netcoreapp" className="ShiftWork.Api.Tests.Plan.PlanServiceTests" name="IsFeatureEnabled_SandboxDelete_ReturnsFalseForFreePlan" />
    </UnitTest>
    <UnitTest name="ShiftWork.Api.Tests.Sandbox.SandboxServiceTests.SeedSandboxData_LocationNameMatchesTemplate" storage="d:\projects\baseshiftwork\shiftwork.api.tests\bin\release\net9.0\shiftwork.api.tests.dll" id="14e71e9a-b028-5534-ac6b-c22465dbdcfb">
      <Execution id="62b7c6de-9dc0-4cc4-8b82-0f16eefb95ec" />
      <TestMethod codeBase="D:\Projects\BaseShiftWork\ShiftWork.Api.Tests\bin\Release\net9.0\ShiftWork.Api.Tests.dll" adapterTypeName="executor://xunit/VsTestRunner2/netcoreapp" className="ShiftWork.Api.Tests.Sandbox.SandboxServiceTests" name="SeedSandboxData_LocationNameMatchesTemplate" />
    </UnitTest>
    <UnitTest name="ShiftWork.Api.Tests.Registration.RegistrationIntegrationTests.Register_SandboxSeed_DoesNotAffectExistingNonSandboxRecords" storage="d:\projects\baseshiftwork\shiftwork.api.tests\bin\release\net9.0\shiftwork.api.tests.dll" id="24aa5caa-1333-0d56-8527-fb399bc62213">
      <Execution id="4194b76f-0712-4075-822e-b03d1ac13ef7" />
      <TestMethod codeBase="D:\Projects\BaseShiftWork\ShiftWork.Api.Tests\bin\Release\net9.0\ShiftWork.Api.Tests.dll" adapterTypeName="executor://xunit/VsTestRunner2/netcoreapp" className="ShiftWork.Api.Tests.Registration.RegistrationIntegrationTests" name="Register_SandboxSeed_DoesNotAffectExistingNonSandboxRecords" />
    </UnitTest>
    <UnitTest name="ShiftWork.Api.Tests.Audit.AuditInterceptorTests.ReportMedia_Create_IsAudited_WithCompanyIdResolvedFromParentReport" storage="d:\projects\baseshiftwork\shiftwork.api.tests\bin\release\net9.0\shiftwork.api.tests.dll" id="76ab2aba-119e-f9d4-dd04-cc95e596e8de">
      <Execution id="0606dc35-c622-4c67-9bdb-7d5383abe2d1" />
      <TestMethod codeBase="D:\Projects\BaseShiftWork\ShiftWork.Api.Tests\bin\Release\net9.0\ShiftWork.Api.Tests.dll" adapterTypeName="executor://xunit/VsTestRunner2/netcoreapp" className="ShiftWork.Api.Tests.Audit.AuditInterceptorTests" name="ReportMedia_Create_IsAudited_WithCompanyIdResolvedFromParentReport" />
    </UnitTest>
    <UnitTest name="ShiftWork.Api.Tests.Safety.SafetyServiceTests.AcknowledgeAsync_IsIdempotent" storage="d:\projects\baseshiftwork\shiftwork.api.tests\bin\release\net9.0\shiftwork.api.tests.dll" id="ea074fab-38ee-022e-a219-64aa4db620e8">
      <Execution id="ab44cb80-4940-4cb5-bb53-7054c4300bfd" />
      <TestMethod codeBase="D:\Projects\BaseShiftWork\ShiftWork.Api.Tests\bin\Release\net9.0\ShiftWork.Api.Tests.dll" adapterTypeName="executor://xunit/VsTestRunner2/netcoreapp" className="ShiftWork.Api.Tests.Safety.SafetyServiceTests" name="AcknowledgeAsync_IsIdempotent" />
    </UnitTest>
    <UnitTest name="ShiftWork.Api.Tests.DailyReports.DailyReportServiceTests.UpdateAsync_UpdatesStatusAndNotes" storage="d:\projects\baseshiftwork\shiftwork.api.tests\bin\release\net9.0\shiftwork.api.tests.dll" id="3298813f-cf3b-2b88-95d5-951a23e6fef2">
      <Execution id="c0a71448-1251-49c2-a0cf-0881bfdbe3d7" />
      <TestMethod codeBase="D:\Projects\BaseShiftWork\ShiftWork.Api.Tests\bin\Release\net9.0\ShiftWork.Api.Tests.dll" adapterTypeName="executor://xunit/VsTestRunner2/netcoreapp" className="ShiftWork.Api.Tests.DailyReports.DailyReportServiceTests" name="UpdateAsync_UpdatesStatusAndNotes" />
    </UnitTest>
    <UnitTest name="ShiftWork.Api.Tests.Plan.PlanServiceTests.UpgradePlan_WithoutStripeKey_UpdatesPlanInDatabase" storage="d:\projects\baseshiftwork\shiftwork.api.tests\bin\release\net9.0\shiftwork.api.tests.dll" id="54c2d8ec-4337-ea43-0d9d-3bc0e316a691">
      <Execution id="a50e1c6d-e550-4f71-86d2-0221879cc3b3" />
      <TestMethod codeBase="D:\Projects\BaseShiftWork\ShiftWork.Api.Tests\bin\Release\net9.0\ShiftWork.Api.Tests.dll" adapterTypeName="executor://xunit/VsTestRunner2/netcoreapp" className="ShiftWork.Api.Tests.Plan.PlanServiceTests" name="UpgradePlan_WithoutStripeKey_UpdatesPlanInDatabase" />
    </UnitTest>
    <UnitTest name="ShiftWork.Api.Tests.Documents.DocumentServiceTests.ArchiveAsync_SetsStatusToArchived" storage="d:\projects\baseshiftwork\shiftwork.api.tests\bin\release\net9.0\shiftwork.api.tests.dll" id="51fcc60a-5479-667f-8130-bd98f96057ec">
      <Execution id="00ca4305-f0e3-4e0f-85ad-5ab1b73d675b" />
      <TestMethod codeBase="D:\Projects\BaseShiftWork\ShiftWork.Api.Tests\bin\Release\net9.0\ShiftWork.Api.Tests.dll" adapterTypeName="executor://xunit/VsTestRunner2/netcoreapp" className="ShiftWork.Api.Tests.Documents.DocumentServiceTests" name="ArchiveAsync_SetsStatusToArchived" />
    </UnitTest>
    <UnitTest name="ShiftWork.Api.Tests.Audit.AuditInterceptorTests.BulletinRead_Create_IsAudited_WithCompanyIdResolvedFromParentBulletin" storage="d:\projects\baseshiftwork\shiftwork.api.tests\bin\release\net9.0\shiftwork.api.tests.dll" id="08ac0855-58d2-38ad-b7e9-8b9052ab414d">
      <Execution id="9bb81a1b-8aee-4ec3-ad53-1222a3bdddec" />
      <TestMethod codeBase="D:\Projects\BaseShiftWork\ShiftWork.Api.Tests\bin\Release\net9.0\ShiftWork.Api.Tests.dll" adapterTypeName="executor://xunit/VsTestRunner2/netcoreapp" className="ShiftWork.Api.Tests.Audit.AuditInterceptorTests" name="BulletinRead_Create_IsAudited_WithCompanyIdResolvedFromParentBulletin" />
    </UnitTest>
    <UnitTest name="ShiftWork.Api.Tests.Bulletins.BulletinServiceTests.MarkAsReadAsync_ReturnsFalse_ForWrongCompany" storage="d:\projects\baseshiftwork\shiftwork.api.tests\bin\release\net9.0\shiftwork.api.tests.dll" id="71eb79f6-3aaf-4592-8923-31fd16d8b2b4">
      <Execution id="987c1831-0ede-4215-ac2c-28dd0c123753" />
      <TestMethod codeBase="D:\Projects\BaseShiftWork\ShiftWork.Api.Tests\bin\Release\net9.0\ShiftWork.Api.Tests.dll" adapterTypeName="executor://xunit/VsTestRunner2/netcoreapp" className="ShiftWork.Api.Tests.Bulletins.BulletinServiceTests" name="MarkAsReadAsync_ReturnsFalse_ForWrongCompany" />
    </UnitTest>
    <UnitTest name="ShiftWork.Api.Tests.Documents.DocumentServiceTests.GetDocumentsAsync_ReturnsOnlyPublicDocs_ForPersonWithNoRoles" storage="d:\projects\baseshiftwork\shiftwork.api.tests\bin\release\net9.0\shiftwork.api.tests.dll" id="82252800-d28d-952b-3341-479c90f2a1d9">
      <Execution id="ae6c41ec-046f-4a4e-8775-31465f7f1d7b" />
      <TestMethod codeBase="D:\Projects\BaseShiftWork\ShiftWork.Api.Tests\bin\Release\net9.0\ShiftWork.Api.Tests.dll" adapterTypeName="executor://xunit/VsTestRunner2/netcoreapp" className="ShiftWork.Api.Tests.Documents.DocumentServiceTests" name="GetDocumentsAsync_ReturnsOnlyPublicDocs_ForPersonWithNoRoles" />
    </UnitTest>
    <UnitTest name="ShiftWork.Api.Tests.Documents.DocumentServiceTests.ConfirmUploadAsync_ReturnsNull_ForWrongCompany" storage="d:\projects\baseshiftwork\shiftwork.api.tests\bin\release\net9.0\shiftwork.api.tests.dll" id="6c7ba4d7-9dc3-47c9-1965-d28434daf9b6">
      <Execution id="56be738d-2f6b-419f-9c67-61aabc87882f" />
      <TestMethod codeBase="D:\Projects\BaseShiftWork\ShiftWork.Api.Tests\bin\Release\net9.0\ShiftWork.Api.Tests.dll" adapterTypeName="executor://xunit/VsTestRunner2/netcoreapp" className="ShiftWork.Api.Tests.Documents.DocumentServiceTests" name="ConfirmUploadAsync_ReturnsNull_ForWrongCompany" />
    </UnitTest>
    <UnitTest name="ShiftWork.Api.Tests.Registration.RegistrationIntegrationTests.Register_HappyPath_CreatesCompanyAndCompanyUser" storage="d:\projects\baseshiftwork\shiftwork.api.tests\bin\release\net9.0\shiftwork.api.tests.dll" id="8f23eed2-80ca-eb8b-5c61-abdde330662d">
      <Execution id="88d715d6-e298-46ac-9203-eec0b7d545d3" />
      <TestMethod codeBase="D:\Projects\BaseShiftWork\ShiftWork.Api.Tests\bin\Release\net9.0\ShiftWork.Api.Tests.dll" adapterTypeName="executor://xunit/VsTestRunner2/netcoreapp" className="ShiftWork.Api.Tests.Registration.RegistrationIntegrationTests" name="Register_HappyPath_CreatesCompanyAndCompanyUser" />
    </UnitTest>
    <UnitTest name="ShiftWork.Api.Tests.Bulletins.BulletinServiceTests.ArchiveAsync_SetsBulletinStatusToArchived" storage="d:\projects\baseshiftwork\shiftwork.api.tests\bin\release\net9.0\shiftwork.api.tests.dll" id="56a6c6ab-4359-14ea-10b0-e1c58df07e48">
      <Execution id="77e67168-21e2-4076-aebb-c858a3249e1e" />
      <TestMethod codeBase="D:\Projects\BaseShiftWork\ShiftWork.Api.Tests\bin\Release\net9.0\ShiftWork.Api.Tests.dll" adapterTypeName="executor://xunit/VsTestRunner2/netcoreapp" className="ShiftWork.Api.Tests.Bulletins.BulletinServiceTests" name="ArchiveAsync_SetsBulletinStatusToArchived" />
    </UnitTest>
    <UnitTest name="ShiftWork.Api.Tests.DailyReports.DailyReportServiceTests.AddMediaAsync_AttachesMediaToReport" storage="d:\projects\baseshiftwork\shiftwork.api.tests\bin\release\net9.0\shiftwork.api.tests.dll" id="3e887f8e-030c-8374-7a86-e977cc67cedd">
      <Execution id="944ab44f-313d-4af0-821d-ef98ffb89816" />
      <TestMethod codeBase="D:\Projects\BaseShiftWork\ShiftWork.Api.Tests\bin\Release\net9.0\ShiftWork.Api.Tests.dll" adapterTypeName="executor://xunit/VsTestRunner2/netcoreapp" className="ShiftWork.Api.Tests.DailyReports.DailyReportServiceTests" name="AddMediaAsync_AttachesMediaToReport" />
    </UnitTest>
    <UnitTest name="ShiftWork.Api.Tests.Sandbox.SandboxServiceTests.HideSandboxData_DoesNotAffectNonSandboxPersons" storage="d:\projects\baseshiftwork\shiftwork.api.tests\bin\release\net9.0\shiftwork.api.tests.dll" id="4814f94c-492d-0319-6e91-4bb8554d0fd2">
      <Execution id="a7d66f3d-e177-4754-be78-59c2bd8837a6" />
      <TestMethod codeBase="D:\Projects\BaseShiftWork\ShiftWork.Api.Tests\bin\Release\net9.0\ShiftWork.Api.Tests.dll" adapterTypeName="executor://xunit/VsTestRunner2/netcoreapp" className="ShiftWork.Api.Tests.Sandbox.SandboxServiceTests" name="HideSandboxData_DoesNotAffectNonSandboxPersons" />
    </UnitTest>
    <UnitTest name="ShiftWork.Api.Tests.Analytics.AnalyticsServiceTests.Coverage_GroupByLocation_UsesLocationLabels" storage="d:\projects\baseshiftwork\shiftwork.api.tests\bin\release\net9.0\shiftwork.api.tests.dll" id="7c315f65-f066-6c17-7a1e-dde7366bf1eb">
      <Execution id="4a4732f9-d9d3-4226-a0bf-8a206fc17456" />
[...]
    <UnitTest name="ShiftWork.Api.Tests.Bulletins.BulletinServiceTests.GetBulletinsAsync_ExcludesExpiredBulletins" storage="d:\projects\baseshiftwork\shiftwork.api.tests\bin\release\net9.0\shiftwork.api.tests.dll" id="dca8019e-9a0f-6a0d-7c99-b7c55267f690">
      <Execution id="7414d9fe-a1e6-481b-988b-2b2390f9f9cb" />
      <TestMethod codeBase="D:\Projects\BaseShiftWork\ShiftWork.Api.Tests\bin\Release\net9.0\ShiftWork.Api.Tests.dll" adapterTypeName="executor://xunit/VsTestRunner2/netcoreapp" className="ShiftWork.Api.Tests.Bulletins.BulletinServiceTests" name="GetBulletinsAsync_ExcludesExpiredBulletins" />
    </UnitTest>
    <UnitTest name="ShiftWork.Api.Tests.Documents.DocumentServiceTests.GetReadLogsAsync_ReturnsEmpty_ForWrongCompany" storage="d:\projects\baseshiftwork\shiftwork.api.tests\bin\release\net9.0\shiftwork.api.tests.dll" id="33f7df68-fe1f-c931-804d-1b4c443736d0">
      <Execution id="686233dc-3c88-4b49-a2ba-a959ad196f53" />
      <TestMethod codeBase="D:\Projects\BaseShiftWork\ShiftWork.Api.Tests\bin\Release\net9.0\ShiftWork.Api.Tests.dll" adapterTypeName="executor://xunit/VsTestRunner2/netcoreapp" className="ShiftWork.Api.Tests.Documents.DocumentServiceTests" name="GetReadLogsAsync_ReturnsEmpty_ForWrongCompany" />
    </UnitTest>
    <UnitTest name="ShiftWork.Api.Tests.Analytics.AnalyticsServiceTests.HoursSummary_IsScopedByCompany_TenantCannotSeeOther" storage="d:\projects\baseshiftwork\shiftwork.api.tests\bin\release\net9.0\shiftwork.api.tests.dll" id="d3d432b7-1cb8-b026-8cc5-c282d62dedd2">
      <Execution id="d3d2f982-1b69-4994-8558-8a9493164b5c" />
      <TestMethod codeBase="D:\Projects\BaseShiftWork\ShiftWork.Api.Tests\bin\Release\net9.0\ShiftWork.Api.Tests.dll" adapterTypeName="executor://xunit/VsTestRunner2/netcoreapp" className="ShiftWork.Api.Tests.Analytics.AnalyticsServiceTests" name="HoursSummary_IsScopedByCompany_TenantCannotSeeOther" />
    </UnitTest>
    <UnitTest name="ShiftWork.Api.Tests.Analytics.AnalyticsServiceTests.ScheduleCoverage_CountsOpenVsFilled" storage="d:\projects\baseshiftwork\shiftwork.api.tests\bin\release\net9.0\shiftwork.api.tests.dll" id="9cde0385-727a-a8da-3c0e-a5233ece09de">
      <Execution id="51123ce6-129e-42ce-a49a-ba0be022c14a" />
      <TestMethod codeBase="D:\Projects\BaseShiftWork\ShiftWork.Api.Tests\bin\Release\net9.0\ShiftWork.Api.Tests.dll" adapterTypeName="executor://xunit/VsTestRunner2/netcoreapp" className="ShiftWork.Api.Tests.Analytics.AnalyticsServiceTests" name="ScheduleCoverage_CountsOpenVsFilled" />
    </UnitTest>
  </TestDefinitions>
  <TestEntries>
    <TestEntry testId="08ac0855-58d2-38ad-b7e9-8b9052ab414d" executionId="9bb81a1b-8aee-4ec3-ad53-1222a3bdddec" testListId="8c84fa94-04c1-424b-9868-57a2d4851a1d" />
    <TestEntry testId="c7b51c49-47f8-08fe-42ec-239e14f37b99" executionId="a675ebae-9bc7-4665-abe8-b807256503ab" testListId="8c84fa94-04c1-424b-9868-57a2d4851a1d" />
    <TestEntry testId="bcb5384d-5e28-96e9-3c24-3d63715c86a0" executionId="d01bd521-7c2a-4d8f-b2c1-859ec418fc23" testListId="8c84fa94-04c1-424b-9868-57a2d4851a1d" />
    <TestEntry testId="21556ae0-86bc-6fe3-9fc9-8de739636792" executionId="07ecc412-8f93-4b01-a89c-b0e8c36b5a8d" testListId="8c84fa94-04c1-424b-9868-57a2d4851a1d" />
    <TestEntry testId="7c59cc0e-b2c4-7a31-b92e-15f61da50789" executionId="e4688a99-049a-41a1-bfab-5bfcc44838dc" testListId="8c84fa94-04c1-424b-9868-57a2d4851a1d" />
    <TestEntry testId="839d8b24-47b3-5883-56be-6983826a410d" executionId="72adc992-eeb0-45ef-bdc4-ba83079b869f" testListId="8c84fa94-04c1-424b-9868-57a2d4851a1d" />
    <TestEntry testId="0021b011-825b-5011-1fe0-e6c6b1ec48ac" executionId="0698ac39-0170-4620-b7ee-2887ac93be12" testListId="8c84fa94-04c1-424b-9868-57a2d4851a1d" />
    <TestEntry testId="5d941f20-af6d-391c-aa2d-908096e8e16f" executionId="7365e8e8-ef70-4210-b60f-d73d1cd24df2" testListId="8c84fa94-04c1-424b-9868-57a2d4851a1d" />
    <TestEntry testId="b3dfd431-7fbe-644e-aa53-531fcd1b0ca2" executionId="ed6fa168-dd3b-48b6-bb4f-325b3564607f" testListId="8c84fa94-04c1-424b-9868-57a2d4851a1d" />
    <TestEntry testId="356bccdc-8d93-2f4a-8663-d3d9946b2cca" executionId="9862a340-65d3-4d09-96dc-7c45c4b918f2" testListId="8c84fa94-04c1-424b-9868-57a2d4851a1d" />
    <TestEntry testId="7ba89a49-fac3-b828-b27c-1893e35d3604" executionId="9d6f6c9a-6cc9-4460-a4e7-d5777bbb1411" testListId="8c84fa94-04c1-424b-9868-57a2d4851a1d" />
    <TestEntry testId="731d63c8-83c5-2bb7-1caa-66496a3e88f0" executionId="12fc4dd8-89c6-4422-ac69-3704a1e26aa7" testListId="8c84fa94-04c1-424b-9868-57a2d4851a1d" />
    <TestEntry testId="652ff2e4-7e1b-f518-5455-c0a9f83c91b8" executionId="289352df-35b2-487c-8df2-c76d85e87843" testListId="8c84fa94-04c1-424b-9868-57a2d4851a1d" />
    <TestEntry testId="41b037dc-d6e5-346e-f83c-eb241b1b09a5" executionId="0b9ee2d3-2d76-4c5c-98d4-2a57817d4d12" testListId="8c84fa94-04c1-424b-9868-57a2d4851a1d" />
    <TestEntry testId="6c7ba4d7-9dc3-47c9-1965-d28434daf9b6" executionId="56be738d-2f6b-419f-9c67-61aabc87882f" testListId="8c84fa94-04c1-424b-9868-57a2d4851a1d" />
    <TestEntry testId="51fcc60a-5479-667f-8130-bd98f96057ec" executionId="00ca4305-f0e3-4e0f-85ad-5ab1b73d675b" testListId="8c84fa94-04c1-424b-9868-57a2d4851a1d" />
    <TestEntry testId="0fb83730-3d09-f7c3-c0e0-7fea18cb869c" executionId="fce47d29-0d02-43d4-b21a-7f05aa460562" testListId="8c84fa94-04c1-424b-9868-57a2d4851a1d" />
    <TestEntry testId="dca8019e-9a0f-6a0d-7c99-b7c55267f690" executionId="7414d9fe-a1e6-481b-988b-2b2390f9f9cb" testListId="8c84fa94-04c1-424b-9868-57a2d4851a1d" />
    <TestEntry testId="c83e7ec3-e875-958d-a051-bf28640f7793" executionId="8b030582-de7e-4ea2-99f3-e4c7e683f31b" testListId="8c84fa94-04c1-424b-9868-57a2d4851a1d" />
    <TestEntry testId="e97fea39-5635-b6a5-d8e4-c7bf36c9a9a9" executionId="1c688967-9b73-4264-8269-a087b812b4d5" testListId="8c84fa94-04c1-424b-9868-57a2d4851a1d" />
    <TestEntry testId="c8348b94-0eb7-ee8e-104f-aeb428796d93" executionId="66a4ccad-684e-4cdd-8293-00aa457bfe01" testListId="8c84fa94-04c1-424b-9868-57a2d4851a1d" />
    <TestEntry testId="82252800-d28d-952b-3341-479c90f2a1d9" executionId="ae6c41ec-046f-4a4e-8775-31465f7f1d7b" testListId="8c84fa94-04c1-424b-9868-57a2d4851a1d" />
    <TestEntry testId="ff614ddd-d569-1290-8606-42d30f593f5c" executionId="0094ffb4-8420-4b7c-aa1e-2fe838f3860f" testListId="8c84fa94-04c1-424b-9868-57a2d4851a1d" />
    <TestEntry testId="a7eb2c22-aec9-35bb-4344-b6e9dc314248" executionId="b1bd2cda-a0ea-4294-8b4c-f129e09fbffc" testListId="8c84fa94-04c1-424b-9868-57a2d4851a1d" />
    <TestEntry testId="24aa5caa-1333-0d56-8527-fb399bc62213" executionId="4194b76f-0712-4075-822e-b03d1ac13ef7" testListId="8c84fa94-04c1-424b-9868-57a2d4851a1d" />
    <TestEntry testId="834ee7b6-0bcf-b45f-3706-9c0fedc1e982" executionId="d908a84a-6924-4dfa-a9f1-9e0f9474eeac" testListId="8c84fa94-04c1-424b-9868-57a2d4851a1d" />
    <TestEntry testId="71eb79f6-3aaf-4592-8923-31fd16d8b2b4" executionId="987c1831-0ede-4215-ac2c-28dd0c123753" testListId="8c84fa94-04c1-424b-9868-57a2d4851a1d" />
    <TestEntry testId="547eac10-0065-e6d3-3d37-c955c2dd419f" executionId="37200a52-d331-4ef4-929d-2a4a31002d68" testListId="8c84fa94-04c1-424b-9868-57a2d4851a1d" />
    <TestEntry testId="60eb3a6c-5f29-3cd7-96f2-cdd8daadce7d" executionId="b22e1120-3718-4e9d-a4ba-7bcd6b5e9ce6" testListId="8c84fa94-04c1-424b-9868-57a2d4851a1d" />
    <TestEntry testId="67ac1884-3c97-ad89-6652-ad1f5ea18565" executionId="4ff0712d-bd77-4783-9578-f896f8108450" testListId="8c84fa94-04c1-424b-9868-57a2d4851a1d" />
    <TestEntry testId="7485c957-e19f-252c-9a3a-04c1a054e5ec" executionId="dde88fe2-ae07-4a04-8f98-98268f2a7ce3" testListId="8c84fa94-04c1-424b-9868-57a2d4851a1d" />
    <TestEntry testId="78df6134-726d-48ce-8c9a-0099ec5c1223" executionId="da805d6a-fbfd-4cef-a95e-860f4b4cf474" testListId="8c84fa94-04c1-424b-9868-57a2d4851a1d" />
    <TestEntry testId="35a6ff0b-2ba2-a49c-d347-4887a73f87e5" executionId="8da81f06-365e-4972-a554-735c1a9f9671" testListId="8c84fa94-04c1-424b-9868-57a2d4851a1d" />
    <TestEntry testId="7a32a132-ce2f-6894-e35f-0856470ba2d6" executionId="ac129708-c5a5-4dd3-84d3-da81b0506c53" testListId="8c84fa94-04c1-424b-9868-57a2d4851a1d" />
    <TestEntry testId="f56b375f-3a8d-4479-12df-0ae9fefe5a02" executionId="8815e7a8-41fb-4436-8f03-345102bb2975" testListId="8c84fa94-04c1-424b-9868-57a2d4851a1d" />
    <TestEntry testId="7bbe317d-1d3a-98bc-bb9b-fddf4f6b64ff" executionId="328e5dc4-8a0d-4c9d-acc7-81e1ca356180" testListId="8c84fa94-04c1-424b-9868-57a2d4851a1d" />
    <TestEntry testId="deb7c88e-d5b0-8719-ed0f-299e494eb2fb" executionId="eef0bbf4-5f56-4314-945f-8edd16435abc" testListId="8c84fa94-04c1-424b-9868-57a2d4851a1d" />
    <TestEntry testId="b8c68d12-7fa5-8b84-c6f1-977be606f6d2" executionId="3de031be-64a7-44f7-b6e9-a0a3f7e07754" testListId="8c84fa94-04c1-424b-9868-57a2d4851a1d" />
    <TestEntry testId="ee5bd466-ad9f-ea32-162a-2b9220359bd6" executionId="467717a0-a4b0-4789-91c0-f729cbeeac24" testListId="8c84fa94-04c1-424b-9868-57a2d4851a1d" />
    <TestEntry testId="8b16d45c-9530-3e29-f10b-2365379ec3d6" executionId="9f5b68dc-2da3-41ab-983c-f5b213f30026" testListId="8c84fa94-04c1-424b-9868-57a2d4851a1d" />
    <TestEntry testId="06d1e618-2b3c-6eff-8e60-8e44f07f6600" executionId="239fd7ee-8aea-4b15-9aa0-f097562aa443" testListId="8c84fa94-04c1-424b-9868-57a2d4851a1d" />
    <TestEntry testId="d8797588-a78d-8135-f234-379fca640f6b" executionId="cb63aefd-4fc8-43a7-84e5-07e2078e0816" testListId="8c84fa94-04c1-424b-9868-57a2d4851a1d" />
    <TestEntry testId="d8cab243-825e-cffa-5da1-55a4fba1fd8e" executionId="e3d030b2-8e54-4661-ba0f-e5dabc0e8802" testListId="8c84fa94-04c1-424b-9868-57a2d4851a1d" />
    <TestEntry testId="54c2d8ec-4337-ea43-0d9d-3bc0e316a691" executionId="a50e1c6d-e550-4f71-86d2-0221879cc3b3" testListId="8c84fa94-04c1-424b-9868-57a2d4851a1d" />
    <TestEntry testId="e587800a-ee54-08a0-2ad6-b0307ed4fb2d" executionId="20648e74-e569-4e1d-af6f-2d21fe4cf8a6" testListId="8c84fa94-04c1-424b-9868-57a2d4851a1d" />
    <TestEntry testId="3fc83c52-c216-52c1-93f6-223ed46d4d6b" executionId="0e92ebcd-91a4-4708-a84f-3de51a92f64f" testListId="8c84fa94-04c1-424b-9868-57a2d4851a1d" />
    <TestEntry testId="cbfbcfec-9249-0b2f-4f58-5dd9897526fc" executionId="56505a50-87ae-4e57-8d82-ce8b3829ff1b" testListId="8c84fa94-04c1-424b-9868-57a2d4851a1d" />
    <TestEntry testId="ea074fab-38ee-022e-a219-64aa4db620e8" executionId="ab44cb80-4940-4cb5-bb53-7054c4300bfd" testListId="8c84fa94-04c1-424b-9868-57a2d4851a1d" />
    <TestEntry testId="0409aa02-a669-4ba0-fee7-843b17297094" executionId="f9f15672-7935-4d7f-ae78-ea6683695724" testListId="8c84fa94-04c1-424b-9868-57a2d4851a1d" />
    <TestEntry testId="10f44cda-1c82-097a-092b-1bed3d36551c" executionId="3d519220-67a9-4a78-93a2-4f1df69e9d0f" testListId="8c84fa94-04c1-424b-9868-57a2d4851a1d" />
    <TestEntry testId="eaa93f8d-9528-65ee-68d2-cca28534f044" executionId="9e3a3714-583a-45f2-85d6-5cd8ca567750" testListId="8c84fa94-04c1-424b-9868-57a2d4851a1d" />
    <TestEntry testId="3298813f-cf3b-2b88-95d5-951a23e6fef2" executionId="c0a71448-1251-49c2-a0cf-0881bfdbe3d7" testListId="8c84fa94-04c1-424b-9868-57a2d4851a1d" />
    <TestEntry testId="87b00b17-f27b-b5d1-d08c-ac803f62f1be" executionId="475abb92-450b-43b2-8429-a05032bd39e9" testListId="8c84fa94-04c1-424b-9868-57a2d4851a1d" />
    <TestEntry testId="cc299c98-d69c-e699-2b8f-935105662c9d" executionId="b681168e-5a59-4419-897a-736b5315ef19" testListId="8c84fa94-04c1-424b-9868-57a2d4851a1d" />
    <TestEntry testId="bf2e6b74-8f06-c33e-048e-7e147a33db9f" executionId="11092194-e874-4e15-b9e4-da0bc8f50cc9" testListId="8c84fa94-04c1-424b-9868-57a2d4851a1d" />
    <TestEntry testId="e68d94e1-eeff-07fb-ff5c-852c668902a2" executionId="41860951-c2b7-4412-883e-2706d080fb9d" testListId="8c84fa94-04c1-424b-9868-57a2d4851a1d" />
    <TestEntry testId="7c315f65-f066-6c17-7a1e-dde7366bf1eb" executionId="4a4732f9-d9d3-4226-a0bf-8a206fc17456" testListId="8c84fa94-04c1-424b-9868-57a2d4851a1d" />
    <TestEntry testId="ec2ea88a-2105-94b3-be2a-caa84d681071" executionId="94c7a579-9f71-40fd-9fd0-4140a6c9bc01" testListId="8c84fa94-04c1-424b-9868-57a2d4851a1d" />
    <TestEntry testId="58076474-596b-dd59-303f-5ab1e04bf968" executionId="1d9a8194-2553-413a-8e93-7037ba198758" testListId="8c84fa94-04c1-424b-9868-57a2d4851a1d" />
    <TestEntry testId="93fe091e-6f94-c03f-2906-cc9bd9b54b61" executionId="a7cca607-908f-43a9-a3d3-cfbb3a009331" testListId="8c84fa94-04c1-424b-9868-57a2d4851a1d" />
    <TestEntry testId="622a8622-109c-15d9-b10e-008a967807a9" executionId="f11493b1-68de-415c-93e8-634ddfa2ead0" testListId="8c84fa94-04c1-424b-9868-57a2d4851a1d" />
    <TestEntry testId="34c9c911-e37d-324e-9400-5223abd03d2e" executionId="064886fa-de11-46bd-845b-4fafd1d594bf" testListId="8c84fa94-04c1-424b-9868-57a2d4851a1d" />
    <TestEntry testId="f44cbdf2-6ead-dade-187f-366126f30be0" executionId="21043a25-cc02-4729-a06e-2c3fd63b2bd4" testListId="8c84fa94-04c1-424b-9868-57a2d4851a1d" />
    <TestEntry testId="524a327e-88a4-1150-caf7-f36f70106aa4" executionId="448d8a8d-cda8-4cf3-a1ae-7babdde1b60d" testListId="8c84fa94-04c1-424b-9868-57a2d4851a1d" />
    <TestEntry testId="ab45451e-ab33-8568-c900-007e1c7d20d7" executionId="8af0d74f-c90d-4a3d-b5fe-5758dd59d55d" testListId="8c84fa94-04c1-424b-9868-57a2d4851a1d" />
    <TestEntry testId="d8f1ac37-71e0-9b39-26de-4c2e0a2364ba" executionId="9088d686-8dee-41f9-bbeb-6015134999a3" testListId="8c84fa94-04c1-424b-9868-57a2d4851a1d" />
    <TestEntry testId="56a6c6ab-4359-14ea-10b0-e1c58df07e48" executionId="77e67168-21e2-4076-aebb-c858a3249e1e" testListId="8c84fa94-04c1-424b-9868-57a2d4851a1d" />
    <TestEntry testId="1082c235-5799-1760-ddea-0bb07f70b780" executionId="82fe4904-7069-4435-834e-0dfcd972fbf9" testListId="8c84fa94-04c1-424b-9868-57a2d4851a1d" />
    <TestEntry testId="8f23eed2-80ca-eb8b-5c61-abdde330662d" executionId="88d715d6-e298-46ac-9203-eec0b7d545d3" testListId="8c84fa94-04c1-424b-9868-57a2d4851a1d" />
    <TestEntry testId="4814f94c-492d-0319-6e91-4bb8554d0fd2" executionId="a7d66f3d-e177-4754-be78-59c2bd8837a6" testListId="8c84fa94-04c1-424b-9868-57a2d4851a1d" />
    <TestEntry testId="9bb38b47-bcef-6b7a-0787-a3f63e4f507a" executionId="48c1d27b-946f-4a3e-ba02-bc4d042e39a4" testListId="8c84fa94-04c1-424b-9868-57a2d4851a1d" />
    <TestEntry testId="76ab2aba-119e-f9d4-dd04-cc95e596e8de" executionId="0606dc35-c622-4c67-9bdb-7d5383abe2d1" testListId="8c84fa94-04c1-424b-9868-57a2d4851a1d" />
    <TestEntry testId="25d9d33f-8c3c-32a8-160d-d4f9c4b60174" executionId="d4ee40b3-2028-4b56-acd5-46dfef820d22" testListId="8c84fa94-04c1-424b-9868-57a2d4851a1d" />
    <TestEntry testId="33f7df68-fe1f-c931-804d-1b4c443736d0" executionId="686233dc-3c88-4b49-a2ba-a959ad196f53" testListId="8c84fa94-04c1-424b-9868-57a2d4851a1d" />
    <TestEntry testId="2f51197e-614b-0bfa-70f8-4e47d8d5af9f" executionId="4f1ed239-7085-41d7-b6bd-a4ba54b7d8cf" testListId="8c84fa94-04c1-424b-9868-57a2d4851a1d" />
    <TestEntry testId="2f0020c5-a97f-b5d6-eda3-1f5e6f198927" executionId="b9de10db-445a-451c-a98f-ba8698c78287" testListId="8c84fa94-04c1-424b-9868-57a2d4851a1d" />
    <TestEntry testId="9f220e5f-8e40-439c-eddf-1ffaf82e2358" executionId="7ddf82b7-1601-4102-9c17-e6f49b338c5d" testListId="8c84fa94-04c1-424b-9868-57a2d4851a1d" />
    <TestEntry testId="a2096bad-67ad-b757-8f46-f08a049e4cf7" executionId="4cf92e66-699c-49a4-86b0-f3285637d076" testListId="8c84fa94-04c1-424b-9868-57a2d4851a1d" />
    <TestEntry testId="9079b14f-7f23-0da4-4895-016e480c1257" executionId="400ecd99-2a68-4f3d-a7fe-11643e88b493" testListId="8c84fa94-04c1-424b-9868-57a2d4851a1d" />
    <TestEntry testId="924eb0a3-453c-1802-2366-b9e651f2aaef" executionId="8859030f-b3c2-40cc-b1c1-399a6e525f8e" testListId="8c84fa94-04c1-424b-9868-57a2d4851a1d" />
    <TestEntry testId="c855cfdd-5378-f2f0-7893-82fbe2b87f3c" executionId="0a83e10b-76f6-48a0-be6e-b2e05445021f" testListId="8c84fa94-04c1-424b-9868-57a2d4851a1d" />
    <TestEntry testId="8b00c067-86b2-6d07-73e2-d3a3364b9b31" executionId="b9c246fd-fa22-419f-b993-9d25725af61d" testListId="8c84fa94-04c1-424b-9868-57a2d4851a1d" />
    <TestEntry testId="3e887f8e-030c-8374-7a86-e977cc67cedd" executionId="944ab44f-313d-4af0-821d-ef98ffb89816" testListId="8c84fa94-04c1-424b-9868-57a2d4851a1d" />
    <TestEntry testId="70d7790c-f0c2-e7f5-1a85-a4a0c4ddc0f7" executionId="b1877b9a-f52f-4e1f-813a-df8761f06526" testListId="8c84fa94-04c1-424b-9868-57a2d4851a1d" />
    <TestEntry testId="a2a0c2ce-5c3c-3dd1-b106-0e4664f950e1" executionId="f3d7cd85-ba7e-4c1d-b82a-a04d5efafd94" testListId="8c84fa94-04c1-424b-9868-57a2d4851a1d" />
    <TestEntry testId="bbdcdb8d-0111-a41f-f22a-5277fd1c1075" executionId="cf75f563-d0a2-48be-aac0-ca1165d1fe3b" testListId="8c84fa94-04c1-424b-9868-57a2d4851a1d" />
    <TestEntry testId="7ed69423-f9e5-3766-c89e-04e74011ad43" executionId="4ef635db-2e62-4c47-88cd-6ccf6b92da42" testListId="8c84fa94-04c1-424b-9868-57a2d4851a1d" />
    <TestEntry testId="84e8eb68-237f-c9a0-4040-f9c1b8ee0e9b" executionId="741cac9d-1f7c-4be6-bfb5-ff1ff14bec9b" testListId="8c84fa94-04c1-424b-9868-57a2d4851a1d" />
    <TestEntry testId="0f08097c-3f76-acbb-e099-4ca013352a0b" executionId="f5202717-5622-456d-886c-86c2bedce8fa" testListId="8c84fa94-04c1-424b-9868-57a2d4851a1d" />
    <TestEntry testId="ed71b534-0324-a219-cf6a-d99b6f25db15" executionId="db71f5b1-428b-4c27-b381-e720b746593f" testListId="8c84fa94-04c1-424b-9868-57a2d4851a1d" />
    <TestEntry testId="909a486d-9024-f9ef-67bd-8330d76fc109" executionId="5171f5b0-ad54-4b01-acd2-e57e3b0942a7" testListId="8c84fa94-04c1-424b-9868-57a2d4851a1d" />
    <TestEntry testId="9cde0385-727a-a8da-3c0e-a5233ece09de" executionId="51123ce6-129e-42ce-a49a-ba0be022c14a" testListId="8c84fa94-04c1-424b-9868-57a2d4851a1d" />
    <TestEntry testId="ce399f1e-74be-5037-0f53-7b525d8f2bc0" executionId="4a9fcedd-0c77-427e-b108-560a32252488" testListId="8c84fa94-04c1-424b-9868-57a2d4851a1d" />
    <TestEntry testId="eae9d286-0af3-eec7-32f8-ff8ca8eb3db8" executionId="e1dd0565-0d7a-4fa3-b7f0-594d9014234e" testListId="8c84fa94-04c1-424b-9868-57a2d4851a1d" />
    <TestEntry testId="434831b7-d409-7142-7868-9ba0717f0d4a" executionId="3bad8112-adb4-40ff-956d-c919cf959dda" testListId="8c84fa94-04c1-424b-9868-57a2d4851a1d" />
    <TestEntry testId="b1767f9e-04ee-2c03-5cb2-f72f96d39b2e" executionId="dfa0357c-2bfb-4d10-b385-529049d6ee7c" testListId="8c84fa94-04c1-424b-9868-57a2d4851a1d" />
    <TestEntry testId="d2a2c9e2-434e-3eff-2a40-d8b01d36802e" executionId="1e94f6fb-9c66-4ec1-ba8f-bbd38bccb6b5" testListId="8c84fa94-04c1-424b-9868-57a2d4851a1d" />
    <TestEntry testId="14e71e9a-b028-5534-ac6b-c22465dbdcfb" executionId="62b7c6de-9dc0-4cc4-8b82-0f16eefb95ec" testListId="8c84fa94-04c1-424b-9868-57a2d4851a1d" />
    <TestEntry testId="2259cfae-11e3-baf8-6b51-7eb898c5aca6" executionId="e9377769-963e-4af5-a2a9-915904e9bd62" testListId="8c84fa94-04c1-424b-9868-57a2d4851a1d" />
    <TestEntry testId="d3d432b7-1cb8-b026-8cc5-c282d62dedd2" executionId="d3d2f982-1b69-4994-8558-8a9493164b5c" testListId="8c84fa94-04c1-424b-9868-57a2d4851a1d" />
  </TestEntries>
  <TestLists>
    <TestList name="Results Not in a List" id="8c84fa94-04c1-424b-9868-57a2d4851a1d" />
    <TestList name="All Loaded Results" id="19431567-8539-422a-85d7-44ee4e166bda" />
  </TestLists>
  <ResultSummary outcome="Completed">
    <Counters total="100" executed="100" passed="100" failed="0" error="0" timeout="0" aborted="0" inconclusive="0" passedButRunAborted="0" notRunnable="0" notExecuted="0" disconnected="0" warning="0" completed="0" inProgress="0" pending="0" />
    <Output>
      <StdOut>[xUnit.net 00:00:00.00] xUnit.net VSTest Adapter v2.5.6+bf9b858c26 (64-bit .NET 9.0.10)&#xD;
[xUnit.net 00:00:00.56]   Discovering: ShiftWork.Api.Tests&#xD;
[xUnit.net 00:00:00.61]   Discovered:  ShiftWork.Api.Tests&#xD;
[xUnit.net 00:00:00.61]   Starting:    ShiftWork.Api.Tests&#xD;
[xUnit.net 00:00:07.74]   Finished:    ShiftWork.Api.Tests&#xD;
</StdOut>
    </Output>
  </ResultSummary>
</TestRun>