<?xml version="1.0" encoding="utf-8"?>
<TestRun id="11bae0f6-f3cc-427e-b13f-4801e26beea6" name="William@DESKTOP-8D7JJFD 2026-08-03 12:25:04" runUser="DESKTOP-8D7JJFD\William" xmlns="http://microsoft.com/schemas/VisualStudio/TeamTest/2010">
  <Times creation="2026-08-03T12:25:04.1307799-04:00" queuing="2026-08-03T12:25:04.1307803-04:00" start="2026-08-03T12:24:58.8818351-04:00" finish="2026-08-03T12:25:09.1565030-04:00" />
  <TestSettings name="default" id="34d94ca4-49c9-41f8-abf2-f3d0d7144c69">
    <Deployment runDeploymentRoot="William_DESKTOP-8D7JJFD_2026-08-03_12_25_04" />
  </TestSettings>
  <Results>
    <UnitTestResult executionId="dfcf9cc9-c5f0-4b87-bdef-1f9e8a2f32e3" testId="d8f1ac37-71e0-9b39-26de-4c2e0a2364ba" testName="ShiftWork.Api.Tests.Sandbox.SandboxServiceTests.GetSandboxStatus_ReturnsTrueAfterSeed" computerName="DESKTOP-8D7JJFD" duration="00:00:00.5018106" startTime="2026-08-03T12:25:05.8349839-04:00" endTime="2026-08-03T12:25:05.8349840-04:00" testType="13cdc9d9-ddb5-4fa4-a97d-d965ccfc6d4b" outcome="Passed" testListId="8c84fa94-04c1-424b-9868-57a2d4851a1d" relativeResultsDirectory="dfcf9cc9-c5f0-4b87-bdef-1f9e8a2f32e3" />
    <UnitTestResult executionId="b9c9c00a-0583-4763-8435-21aa591748ba" testId="d3d432b7-1cb8-b026-8cc5-c282d62dedd2" testName="ShiftWork.Api.Tests.Analytics.AnalyticsServiceTests.HoursSummary_IsScopedByCompany_TenantCannotSeeOther" computerName="DESKTOP-8D7JJFD" duration="00:00:00.0504369" startTime="2026-08-03T12:25:04.2291118-04:00" endTime="2026-08-03T12:25:04.2291119-04:00" testType="13cdc9d9-ddb5-4fa4-a97d-d965ccfc6d4b" outcome="Passed" testListId="8c84fa94-04c1-424b-9868-57a2d4851a1d" relativeResultsDirectory="b9c9c00a-0583-4763-8435-21aa591748ba" />
    <UnitTestResult executionId="28007be1-cdc8-47f9-a4a3-8fe2ddc034c4" testId="434831b7-d409-7142-7868-9ba0717f0d4a" testName="ShiftWork.Api.Tests.Safety.SafetyServiceTests.UpdateAsync_ReturnsNull_ForWrongCompany" computerName="DESKTOP-8D7JJFD" duration="00:00:02.4034143" startTime="2026-08-03T12:25:04.1031915-04:00" endTime="2026-08-03T12:25:04.1031915-04:00" testType="13cdc9d9-ddb5-4fa4-a97d-d965ccfc6d4b" outcome="Passed" testListId="8c84fa94-04c1-424b-9868-57a2d4851a1d" relativeResultsDirectory="28007be1-cdc8-47f9-a4a3-8fe2ddc034c4" />
    <UnitTestResult executionId="746d10ca-cd69-45ab-83a3-c5880ae18cbb" testId="a2a0c2ce-5c3c-3dd1-b106-0e4664f950e1" testName="ShiftWork.Api.Tests.Plan.PlanServiceTests.IsFeatureEnabled_SandboxReset_ReturnsTrueForAllPlans(plan: &quot;Trial&quot;)" computerName="DESKTOP-8D7JJFD" duration="00:00:00.0006407" startTime="2026-08-03T12:25:09.0316727-04:00" endTime="2026-08-03T12:25:09.0316728-04:00" testType="13cdc9d9-ddb5-4fa4-a97d-d965ccfc6d4b" outcome="Passed" testListId="8c84fa94-04c1-424b-9868-57a2d4851a1d" relativeResultsDirectory="746d10ca-cd69-45ab-83a3-c5880ae18cbb" />
    <UnitTestResult executionId="8fa70bbd-1485-4881-82d4-cf16e7a7888e" testId="8f23eed2-80ca-eb8b-5c61-abdde330662d" testName="ShiftWork.Api.Tests.Registration.RegistrationIntegrationTests.Register_HappyPath_CreatesCompanyAndCompanyUser" computerName="DESKTOP-8D7JJFD" duration="00:00:00.0068020" startTime="2026-08-03T12:25:05.8625941-04:00" endTime="2026-08-03T12:25:05.8625943-04:00" testType="13cdc9d9-ddb5-4fa4-a97d-d965ccfc6d4b" outcome="Passed" testListId="8c84fa94-04c1-424b-9868-57a2d4851a1d" relativeResultsDirectory="8fa70bbd-1485-4881-82d4-cf16e7a7888e" />
    <UnitTestResult executionId="564e2382-db8c-4c11-bd1e-238f0d79fb3e" testId="e68d94e1-eeff-07fb-ff5c-852c668902a2" testName="ShiftWork.Api.Tests.Plan.PlanServiceTests.GetCurrentPlan_MissingCompany_ReturnsFree" computerName="DESKTOP-8D7JJFD" duration="00:00:00.0005051" startTime="2026-08-03T12:25:09.0391176-04:00" endTime="2026-08-03T12:25:09.0391177-04:00" testType="13cdc9d9-ddb5-4fa4-a97d-d965ccfc6d4b" outcome="Passed" testListId="8c84fa94-04c1-424b-9868-57a2d4851a1d" relativeResultsDirectory="564e2382-db8c-4c11-bd1e-238f0d79fb3e" />
    <UnitTestResult executionId="ed10a96e-aeae-4ebc-b330-74d80e89abf4" testId="c7b51c49-47f8-08fe-42ec-239e14f37b99" testName="ShiftWork.Api.Tests.Sandbox.SandboxServiceTests.DeleteSandboxData_IsIdempotent_WhenCalledTwice" computerName="DESKTOP-8D7JJFD" duration="00:00:00.2488521" startTime="2026-08-03T12:25:06.8486795-04:00" endTime="2026-08-03T12:25:06.8486796-04:00" testType="13cdc9d9-ddb5-4fa4-a97d-d965ccfc6d4b" outcome="Passed" testListId="8c84fa94-04c1-424b-9868-57a2d4851a1d" relativeResultsDirectory="ed10a96e-aeae-4ebc-b330-74d80e89abf4" />
    <UnitTestResult executionId="1eba973a-2d19-43cf-908d-a4bbbfdd1a5d" testId="35a6ff0b-2ba2-a49c-d347-4887a73f87e5" testName="ShiftWork.Api.Tests.DailyReports.DailyReportServiceTests.RemoveMediaAsync_RemovesMedia_ForCorrectCompany" computerName="DESKTOP-8D7JJFD" duration="00:00:00.0149620" startTime="2026-08-03T12:25:04.2563046-04:00" endTime="2026-08-03T12:25:04.2563048-04:00" testType="13cdc9d9-ddb5-4fa4-a97d-d965ccfc6d4b" outcome="Passed" testListId="8c84fa94-04c1-424b-9868-57a2d4851a1d" relativeResultsDirectory="1eba973a-2d19-43cf-908d-a4bbbfdd1a5d" />
    <UnitTestResult executionId="70042171-2ae9-46c1-a896-c76ff8d2a8ec" testId="08ac0855-58d2-38ad-b7e9-8b9052ab414d" testName="ShiftWork.Api.Tests.Audit.AuditInterceptorTests.BulletinRead_Create_IsAudited_WithCompanyIdResolvedFromParentBulletin" computerName="DESKTOP-8D7JJFD" duration="00:00:00.0200588" startTime="2026-08-03T12:25:04.1512595-04:00" endTime="2026-08-03T12:25:04.1512596-04:00" testType="13cdc9d9-ddb5-4fa4-a97d-d965ccfc6d4b" outcome="Passed" testListId="8c84fa94-04c1-424b-9868-57a2d4851a1d" relativeResultsDirectory="70042171-2ae9-46c1-a896-c76ff8d2a8ec" />
    <UnitTestResult executionId="364f4d2e-3f28-446d-88ce-9438c7eac066" testId="7bbe317d-1d3a-98bc-bb9b-fddf4f6b64ff" testName="ShiftWork.Api.Tests.ShiftEvents.ShiftEventServiceTimingStatusTests.CreateShiftEvent_ClockIn_OnTimeAcrossTimeZones(timeZone: &quot;Asia/Tokyo&quot;, scheduleStartIso: &quot;2026-01-15T09:00:00Z&quot;, clockInIso: &quot;2026-01-15T00:00:00Z&quot;)" computerName="DESKTOP-8D7JJFD" duration="00:00:00.0061380" startTime="2026-08-03T12:25:04.2465615-04:00" endTime="2026-08-03T12:25:04.2465616-04:00" testType="13cdc9d9-ddb5-4fa4-a97d-d965ccfc6d4b" outcome="Passed" testListId="8c84fa94-04c1-424b-9868-57a2d4851a1d" relativeResultsDirectory="364f4d2e-3f28-446d-88ce-9438c7eac066" />
    <UnitTestResult executionId="373adccb-afc5-4194-bd1d-47044d2ec837" testId="87b00b17-f27b-b5d1-d08c-ac803f62f1be" testName="ShiftWork.Api.Tests.Sandbox.SandboxServiceTests.SeedSandboxData_CreatesExactlyOneLocation" computerName="DESKTOP-8D7JJFD" duration="00:00:00.2465269" startTime="2026-08-03T12:25:08.8446439-04:00" endTime="2026-08-03T12:25:08.8446440-04:00" testType="13cdc9d9-ddb5-4fa4-a97d-d965ccfc6d4b" outcome="Passed" testListId="8c84fa94-04c1-424b-9868-57a2d4851a1d" relativeResultsDirectory="373adccb-afc5-4194-bd1d-47044d2ec837" />
    <UnitTestResult executionId="eaf9a054-511d-4c20-8e69-70feaa4fa3cf" testId="ed71b534-0324-a219-cf6a-d99b6f25db15" testName="ShiftWork.Api.Tests.Safety.SafetyServiceTests.GetByIdAsync_ReturnsNull_ForWrongCompany" computerName="DESKTOP-8D7JJFD" duration="00:00:00.0158028" startTime="2026-08-03T12:25:04.2277543-04:00" endTime="2026-08-03T12:25:04.2277544-04:00" testType="13cdc9d9-ddb5-4fa4-a97d-d965ccfc6d4b" outcome="Passed" testListId="8c84fa94-04c1-424b-9868-57a2d4851a1d" relativeResultsDirectory="eaf9a054-511d-4c20-8e69-70feaa4fa3cf" />
    <UnitTestResult executionId="bf08fae5-079d-42ab-8a79-9af13fba0e88" testId="0fb83730-3d09-f7c3-c0e0-7fea18cb869c" testName="ShiftWork.Api.Tests.Bulletins.BulletinServiceTests.GetUnreadAsync_ExcludesAlreadyReadBulletins" computerName="DESKTOP-8D7JJFD" duration="00:00:00.0197286" startTime="2026-08-03T12:25:04.2151204-04:00" endTime="2026-08-03T12:25:04.2151205-04:00" testType="13cdc9d9-ddb5-4fa4-a97d-d965ccfc6d4b" outcome="Passed" testListId="8c84fa94-04c1-424b-9868-57a2d4851a1d" relativeResultsDirectory="bf08fae5-079d-42ab-8a79-9af13fba0e88" />
    <UnitTestResult executionId="34b17765-6acf-4b95-b12b-e78f52c6c84b" testId="7c59cc0e-b2c4-7a31-b92e-15f61da50789" testName="ShiftWork.Api.Tests.Sandbox.SandboxServiceTests.GetSandboxStatus_ReturnsFalseAfterDelete" computerName="DESKTOP-8D7JJFD" duration="00:00:00.5948046" startTime="2026-08-03T12:25:05.3330661-04:00" endTime="2026-08-03T12:25:05.3330662-04:00" testType="13cdc9d9-ddb5-4fa4-a97d-d965ccfc6d4b" outcome="Passed" testListId="8c84fa94-04c1-424b-9868-57a2d4851a1d" relativeResultsDirectory="34b17765-6acf-4b95-b12b-e78f52c6c84b" />
    <UnitTestResult executionId="f98e7934-c759-4f9a-9b65-25862cc1d21d" testId="a2096bad-67ad-b757-8f46-f08a049e4cf7" testName="ShiftWork.Api.Tests.Safety.SafetyServiceTests.AcknowledgeAsync_CreatesAcknowledgmentRecord" computerName="DESKTOP-8D7JJFD" duration="00:00:00.0059514" startTime="2026-08-03T12:25:04.2337679-04:00" endTime="2026-08-03T12:25:04.2337680-04:00" testType="13cdc9d9-ddb5-4fa4-a97d-d965ccfc6d4b" outcome="Passed" testListId="8c84fa94-04c1-424b-9868-57a2d4851a1d" relativeResultsDirectory="f98e7934-c759-4f9a-9b65-25862cc1d21d" />
    <UnitTestResult executionId="7fd85b0f-f573-4742-b394-df1300204b63" testId="cc299c98-d69c-e699-2b8f-935105662c9d" testName="ShiftWork.Api.Tests.Plan.PlanServiceTests.GetCurrentPlan_ReturnsExpectedPlan(plan: &quot;Free&quot;)" computerName="DESKTOP-8D7JJFD" duration="00:00:00.0002676" startTime="2026-08-03T12:25:09.0344935-04:00" endTime="2026-08-03T12:25:09.0344938-04:00" testType="13cdc9d9-ddb5-4fa4-a97d-d965ccfc6d4b" outcome="Passed" testListId="8c84fa94-04c1-424b-9868-57a2d4851a1d" relativeResultsDirectory="7fd85b0f-f573-4742-b394-df1300204b63" />
    <UnitTestResult executionId="91c575f9-d79d-4443-9089-01e1625f9d9e" testId="a7eb2c22-aec9-35bb-4344-b6e9dc314248" testName="ShiftWork.Api.Tests.Bulletins.BulletinServiceTests.ArchiveAsync_ReturnsFalse_ForWrongCompany" computerName="DESKTOP-8D7JJFD" duration="00:00:00.0214257" startTime="2026-08-03T12:25:04.1727017-04:00" endTime="2026-08-03T12:25:04.1727018-04:00" testType="13cdc9d9-ddb5-4fa4-a97d-d965ccfc6d4b" outcome="Passed" testListId="8c84fa94-04c1-424b-9868-57a2d4851a1d" relativeResultsDirectory="91c575f9-d79d-4443-9089-01e1625f9d9e" />
    <UnitTestResult executionId="51ee2a94-c931-4006-8ed0-0c0f9dc46bf1" testId="34c9c911-e37d-324e-9400-5223abd03d2e" testName="ShiftWork.Api.Tests.DailyReports.DailyReportServiceTests.GetOrCreateAsync_ReturnsExistingReport_WhenAlreadyExists" computerName="DESKTOP-8D7JJFD" duration="00:00:02.4889850" startTime="2026-08-03T12:25:04.1676433-04:00" endTime="2026-08-03T12:25:04.1676434-04:00" testType="13cdc9d9-ddb5-4fa4-a97d-d965ccfc6d4b" outcome="Passed" testListId="8c84fa94-04c1-424b-9868-57a2d4851a1d" relativeResultsDirectory="51ee2a94-c931-4006-8ed0-0c0f9dc46bf1" />
    <UnitTestResult executionId="c1f47704-ed15-4c84-a8af-055a29ec81ef" testId="51fcc60a-5479-667f-8130-bd98f96057ec" testName="ShiftWork.Api.Tests.Documents.DocumentServiceTests.ArchiveAsync_SetsStatusToArchived" computerName="DESKTOP-8D7JJFD" duration="00:00:00.0152673" startTime="2026-08-03T12:25:04.2056685-04:00" endTime="2026-08-03T12:25:04.2056686-04:00" testType="13cdc9d9-ddb5-4fa4-a97d-d965ccfc6d4b" outcome="Passed" testListId="8c84fa94-04c1-424b-9868-57a2d4851a1d" relativeResultsDirectory="c1f47704-ed15-4c84-a8af-055a29ec81ef" />
    <UnitTestResult executionId="2b733c86-74b2-4949-ac59-9aeb55f8c674" testId="ffaf1bbc-2d1d-31d7-a08d-2bdea53845e8" testName="ShiftWork.Api.Tests.Plan.StripeWebhookServiceTests.SubscriptionDeleted_DowngradesToFreeAndClearsBillingFields" computerName="DESKTOP-8D7JJFD" duration="00:00:00.0018168" startTime="2026-08-03T12:25:09.0986796-04:00" endTime="2026-08-03T12:25:09.0986797-04:00" testType="13cdc9d9-ddb5-4fa4-a97d-d965ccfc6d4b" outcome="Passed" testListId="8c84fa94-04c1-424b-9868-57a2d4851a1d" relativeResultsDirectory="2b733c86-74b2-4949-ac59-9aeb55f8c674" />
    <UnitTestResult executionId="ae4d9bb6-e489-4750-941a-b404fa0337e7" testId="00b53927-3dd8-8506-0155-06f4b0c09d1b" testName="ShiftWork.Api.Tests.Plan.StripeWebhookServiceTests.InvoicePaymentFailed_SendsNotificationToCompanyEmail" computerName="DESKTOP-8D7JJFD" duration="00:00:00.0363857" startTime="2026-08-03T12:25:09.0864132-04:00" endTime="2026-08-03T12:25:09.0864134-04:00" testType="13cdc9d9-ddb5-4fa4-a97d-d965ccfc6d4b" outcome="Passed" testListId="8c84fa94-04c1-424b-9868-57a2d4851a1d" relativeResultsDirectory="ae4d9bb6-e489-4750-941a-b404fa0337e7" />
    <UnitTestResult executionId="7a616018-001c-402d-b73c-739bc20e1d95" testId="c83e7ec3-e875-958d-a051-bf28640f7793" testName="ShiftWork.Api.Tests.Plan.PlanServiceTests.IsFeatureEnabled_KeyIsCaseInsensitive" computerName="DESKTOP-8D7JJFD" duration="00:00:00.0008280" startTime="2026-08-03T12:25:09.0353669-04:00" endTime="2026-08-03T12:25:09.0353670-04:00" testType="13cdc9d9-ddb5-4fa4-a97d-d965ccfc6d4b" outcome="Passed" testListId="8c84fa94-04c1-424b-9868-57a2d4851a1d" relativeResultsDirectory="7a616018-001c-402d-b73c-739bc20e1d95" />
    <UnitTestResult executionId="1858a4f9-4195-45ef-a7f1-480b6a83eb0c" testId="c8348b94-0eb7-ee8e-104f-aeb428796d93" testName="ShiftWork.Api.Tests.Documents.DocumentServiceTests.GetByIdAsync_ReturnsNull_ForWrongCompany" computerName="DESKTOP-8D7JJFD" duration="00:00:00.0048718" startTime="2026-08-03T12:25:04.2145808-04:00" endTime="2026-08-03T12:25:04.2145810-04:00" testType="13cdc9d9-ddb5-4fa4-a97d-d965ccfc6d4b" outcome="Passed" testListId="8c84fa94-04c1-424b-9868-57a2d4851a1d" relativeResultsDirectory="1858a4f9-4195-45ef-a7f1-480b6a83eb0c" />
    <UnitTestResult executionId="42d3470e-cce8-4d3d-9320-c267c16ee6d2" testId="34ba39bc-857b-bc25-cdba-d9905c911b51" testName="ShiftWork.Api.Tests.Plan.StripeWebhookServiceTests.SubscriptionUpserted_UnknownCustomer_DoesNotThrow" computerName="DESKTOP-8D7JJFD" duration="00:00:00.0006625" startTime="2026-08-03T12:25:09.0994263-04:00" endTime="2026-08-03T12:25:09.0994264-04:00" testType="13cdc9d9-ddb5-4fa4-a97d-d965ccfc6d4b" outcome="Passed" testListId="8c84fa94-04c1-424b-9868-57a2d4851a1d" relativeResultsDirectory="42d3470e-cce8-4d3d-9320-c267c16ee6d2" />
    <UnitTestResult executionId="b92d5839-08d9-4cec-a69e-7277e30c9ff0" testId="ec2ea88a-2105-94b3-be2a-caa84d681071" testName="ShiftWork.Api.Tests.ShiftEvents.ShiftEventServiceTimingStatusTests.CreateShiftEvent_ClockIn_OnTimeAcrossDstTransitions(scheduleStartIso: &quot;2026-03-08T09:00:00Z&quot;, clockInIso: &quot;2026-03-08T13:00:00Z&quot;)" computerName="DESKTOP-8D7JJFD" duration="00:00:02.5194837" startTime="2026-08-03T12:25:04.1981510-04:00" endTime="2026-08-03T12:25:04.1981512-04:00" testType="13cdc9d9-ddb5-4fa4-a97d-d965ccfc6d4b" outcome="Passed" testListId="8c84fa94-04c1-424b-9868-57a2d4851a1d" relativeResultsDirectory="b92d5839-08d9-4cec-a69e-7277e30c9ff0" />
    <UnitTestResult executionId="7a43d273-70b4-4336-8647-3463f04b93ed" testId="9cde0385-727a-a8da-3c0e-a5233ece09de" testName="ShiftWork.Api.Tests.Analytics.AnalyticsServiceTests.ScheduleCoverage_CountsOpenVsFilled" computerName="DESKTOP-8D7JJFD" duration="00:00:02.4993596" startTime="2026-08-03T12:25:04.1786164-04:00" endTime="2026-08-03T12:25:04.1786165-04:00" testType="13cdc9d9-ddb5-4fa4-a97d-d965ccfc6d4b" outcome="Passed" testListId="8c84fa94-04c1-424b-9868-57a2d4851a1d" relativeResultsDirectory="7a43d273-70b4-4336-8647-3463f04b93ed" />
    <UnitTestResult executionId="8f898dd8-7720-42f7-8592-b93d55a4583c" testId="bbdcdb8d-0111-a41f-f22a-5277fd1c1075" testName="ShiftWork.Api.Tests.Plan.PlanServiceTests.IsFeatureEnabled_SandboxHide_ReturnsTrueForAllPlans(plan: &quot;Free&quot;)" computerName="DESKTOP-8D7JJFD" duration="00:00:00.0004225" startTime="2026-08-03T12:25:09.0306831-04:00" endTime="2026-08-03T12:25:09.0306832-04:00" testType="13cdc9d9-ddb5-4fa4-a97d-d965ccfc6d4b" outcome="Passed" testListId="8c84fa94-04c1-424b-9868-57a2d4851a1d" relativeResultsDirectory="8f898dd8-7720-42f7-8592-b93d55a4583c" />
    <UnitTestResult executionId="93079f36-a255-4e28-a6be-c2f958e744d7" testId="1082c235-5799-1760-ddea-0bb07f70b780" testName="ShiftWork.Api.Tests.Bulletins.BulletinServiceTests.GetReadsAsync_ReturnsEmpty_ForWrongCompany" computerName="DESKTOP-8D7JJFD" duration="00:00:00.0036607" startTime="2026-08-03T12:25:04.2220045-04:00" endTime="2026-08-03T12:25:04.2220046-04:00" testType="13cdc9d9-ddb5-4fa4-a97d-d965ccfc6d4b" outcome="Passed" testListId="8c84fa94-04c1-424b-9868-57a2d4851a1d" relativeResultsDirectory="93079f36-a255-4e28-a6be-c2f958e744d7" />
    <UnitTestResult executionId="e928e432-5351-4e51-ab5c-50b7d99701e4" testId="d40a2f0b-48f6-10f8-73b1-fe5c6083db00" testName="ShiftWork.Api.Tests.Plan.StripeWebhookServiceTests.SubscriptionUpserted_ActiveWithKnownPrice_UpgradesPlanAndSetsExpiry" computerName="DESKTOP-8D7JJFD" duration="00:00:00.0014965" startTime="2026-08-03T12:25:09.0967537-04:00" endTime="2026-08-03T12:25:09.0967538-04:00" testType="13cdc9d9-ddb5-4fa4-a97d-d965ccfc6d4b" outcome="Passed" testListId="8c84fa94-04c1-424b-9868-57a2d4851a1d" relativeResultsDirectory="e928e432-5351-4e51-ab5c-50b7d99701e4" />
    <UnitTestResult executionId="97511922-fea2-4478-b970-3e4d5fe9c25f" testId="652ff2e4-7e1b-f518-5455-c0a9f83c91b8" testName="ShiftWork.Api.Tests.Bulletins.BulletinServiceTests.GetByIdAsync_ReturnsNull_ForWrongCompany" computerName="DESKTOP-8D7JJFD" duration="00:00:00.0136478" startTime="2026-08-03T12:25:04.1511580-04:00" endTime="2026-08-03T12:25:04.1511581-04:00" testType="13cdc9d9-ddb5-4fa4-a97d-d965ccfc6d4b" outcome="Passed" testListId="8c84fa94-04c1-424b-9868-57a2d4851a1d" relativeResultsDirectory="97511922-fea2-4478-b970-3e4d5fe9c25f" />
    <UnitTestResult executionId="6cc82ccc-bbf5-444b-b9d1-14fde68f8ab7" testId="84e8eb68-237f-c9a0-4040-f9c1b8ee0e9b" testName="ShiftWork.Api.Tests.Documents.DocumentServiceTests.UpdateAsync_ReturnsNull_ForWrongCompany" computerName="DESKTOP-8D7JJFD" duration="00:00:00.0020653" startTime="2026-08-03T12:25:04.2096812-04:00" endTime="2026-08-03T12:25:04.2096812-04:00" testType="13cdc9d9-ddb5-4fa4-a97d-d965ccfc6d4b" outcome="Passed" testListId="8c84fa94-04c1-424b-9868-57a2d4851a1d" relativeResultsDirectory="6cc82ccc-bbf5-444b-b9d1-14fde68f8ab7" />
    <UnitTestResult executionId="967ff74f-a0d1-4614-be02-afc8d2db33bb" testId="2259cfae-11e3-baf8-6b51-7eb898c5aca6" testName="ShiftWork.Api.Tests.Sandbox.SandboxServiceTests.SeedSandboxData_CreatesExactlyOneArea" computerName="DESKTOP-8D7JJFD" duration="00:00:00.2522326" startTime="2026-08-03T12:25:06.5997393-04:00" endTime="2026-08-03T12:25:06.5997394-04:00" testType="13cdc9d9-ddb5-4fa4-a97d-d965ccfc6d4b" outcome="Passed" testListId="8c84fa94-04c1-424b-9868-57a2d4851a1d" relativeResultsDirectory="967ff74f-a0d1-4614-be02-afc8d2db33bb" />
    <UnitTestResult executionId="944b3f4c-0b13-4a39-ba87-1c3340cb9c40" testId="8eaf1638-439d-18db-1d40-5788c19b9f5a" testName="ShiftWork.Api.Tests.Plan.PlanServiceTests.UpgradePlan_WithoutStripeKey_UpdatesPlanDirectlyWithoutCallingStripe" computerName="DESKTOP-8D7JJFD" duration="00:00:00.0011620" startTime="2026-08-03T12:25:09.0427936-04:00" endTime="2026-08-03T12:25:09.0427937-04:00" testType="13cdc9d9-ddb5-4fa4-a97d-d965ccfc6d4b" outcome="Passed" testListId="8c84fa94-04c1-424b-9868-57a2d4851a1d" relativeResultsDirectory="944b3f4c-0b13-4a39-ba87-1c3340cb9c40" />
    <UnitTestResult executionId="0cae4369-b039-4bcc-bcf2-fdfc5a84c984" testId="0f08097c-3f76-acbb-e099-4ca013352a0b" testName="ShiftWork.Api.Tests.ShiftEvents.ShiftEventServiceTimingStatusTests.CreateShiftEvent_ClockIn_OnTimeAcrossTimeZones(timeZone: &quot;America/New_York&quot;, scheduleStartIso: &quot;2026-01-15T09:00:00Z&quot;, clockInIso: &quot;2026-01-15T14:00:00Z&quot;)" computerName="DESKTOP-8D7JJFD" duration="00:00:00.0143264" startTime="2026-08-03T12:25:04.2387229-04:00" endTime="2026-08-03T12:25:04.2387230-04:00" testType="13cdc9d9-ddb5-4fa4-a97d-d965ccfc6d4b" outcome="Passed" testListId="8c84fa94-04c1-424b-9868-57a2d4851a1d" relativeResultsDirectory="0cae4369-b039-4bcc-bcf2-fdfc5a84c984" />
    <UnitTestResult executionId="e71ae995-28d9-4e77-a16a-512755db1dea" testId="9bb38b47-bcef-6b7a-0787-a3f63e4f507a" testName="ShiftWork.Api.Tests.Sandbox.SandboxServiceTests.SeedSandboxData_CreatesExactlyTwoPersons" computerName="DESKTOP-8D7JJFD" duration="00:00:00.2479620" startTime="2026-08-03T12:25:07.0967199-04:00" endTime="2026-08-03T12:25:07.0967200-04:00" testType="13cdc9d9-ddb5-4fa4-a97d-d965ccfc6d4b" outcome="Passed" testListId="8c84fa94-04c1-424b-9868-57a2d4851a1d" relativeResultsDirectory="e71ae995-28d9-4e77-a16a-512755db1dea" />
    <UnitTestResult executionId="5716769a-324c-43ae-a69d-712f2920c15e" testId="3fc83c52-c216-52c1-93f6-223ed46d4d6b" testName="ShiftWork.Api.Tests.ShiftEvents.ShiftEventServiceTimingStatusTests.CreateShiftEvent_ClockIn_OnTimeAcrossTimeZones(timeZone: &quot;UTC&quot;, scheduleStartIso: &quot;2026-01-15T09:00:00Z&quot;, clockInIso: &quot;2026-01-15T09:00:00Z&quot;)" computerName="DESKTOP-8D7JJFD" duration="00:00:00.0015767" startTime="2026-08-03T12:25:04.2403595-04:00" endTime="2026-08-03T12:25:04.2403596-04:00" testType="13cdc9d9-ddb5-4fa4-a97d-d965ccfc6d4b" outcome="Passed" testListId="8c84fa94-04c1-424b-9868-57a2d4851a1d" relativeResultsDirectory="5716769a-324c-43ae-a69d-712f2920c15e" />
    <UnitTestResult executionId="9fd2a7d8-8ad6-4bf2-8be1-738c9d12b914" testId="60eb3a6c-5f29-3cd7-96f2-cdd8daadce7d" testName="ShiftWork.Api.Tests.Documents.DocumentServiceTests.ArchiveAsync_ReturnsFalse_ForWrongCompany" computerName="DESKTOP-8D7JJFD" duration="00:00:00.0017117" startTime="2026-08-03T12:25:04.2074977-04:00" endTime="2026-08-03T12:25:04.2074978-04:00" testType="13cdc9d9-ddb5-4fa4-a97d-d965ccfc6d4b" outcome="Passed" testListId="8c84fa94-04c1-424b-9868-57a2d4851a1d" relativeResultsDirectory="9fd2a7d8-8ad6-4bf2-8be1-738c9d12b914" />
    <UnitTestResult executionId="3313b149-4193-48dd-a15e-68eb6cd9f57f" testId="3e887f8e-030c-8374-7a86-e977cc67cedd" testName="ShiftWork.Api.Tests.DailyReports.DailyReportServiceTests.AddMediaAsync_AttachesMediaToReport" computerName="DESKTOP-8D7JJFD" duration="00:00:00.0017524" startTime="2026-08-03T12:25:04.2338153-04:00" endTime="2026-08-03T12:25:04.2338153-04:00" testType="13cdc9d9-ddb5-4fa4-a97d-d965ccfc6d4b" outcome="Passed" testListId="8c84fa94-04c1-424b-9868-57a2d4851a1d" relativeResultsDirectory="3313b149-4193-48dd-a15e-68eb6cd9f57f" />
    <UnitTestResult executionId="d644f1ff-f513-4509-b9a4-ca7c53b5a3a5" testId="b8c68d12-7fa5-8b84-c6f1-977be606f6d2" testName="ShiftWork.Api.Tests.ShiftEvents.ShiftEventServiceTimingStatusTests.CreateShiftEvent_ClockIn_ReportsEarlyAndLateAcrossZones(timeZone: &quot;America/New_York&quot;, scheduleStartIso: &quot;2026-01-15T09:00:00Z&quot;, clockInIso: &quot;2026-01-15T14:10:00Z&quot;, expectedStatus: &quot;OnShift:Late&quot;)" computerName="DESKTOP-8D7JJFD" duration="00:00:00.0027618" startTime="2026-08-03T12:25:04.2494072-04:00" endTime="2026-08-03T12:25:04.2494073-04:00" testType="13cdc9d9-ddb5-4fa4-a97d-d965ccfc6d4b" outcome="Passed" testListId="8c84fa94-04c1-424b-9868-57a2d4851a1d" relativeResultsDirectory="d644f1ff-f513-4509-b9a4-ca7c53b5a3a5" />
    <UnitTestResult executionId="3a5f8c2e-799a-49d6-be19-3a3e15cb8b89" testId="25d9d33f-8c3c-32a8-160d-d4f9c4b60174" testName="ShiftWork.Api.Tests.DailyReports.DailyReportServiceTests.RemoveMediaAsync_ReturnsFalse_ForWrongCompany" computerName="DESKTOP-8D7JJFD" duration="00:00:00.0050192" startTime="2026-08-03T12:25:04.2320232-04:00" endTime="2026-08-03T12:25:04.2320233-04:00" testType="13cdc9d9-ddb5-4fa4-a97d-d965ccfc6d4b" outcome="Passed" testListId="8c84fa94-04c1-424b-9868-57a2d4851a1d" relativeResultsDirectory="3a5f8c2e-799a-49d6-be19-3a3e15cb8b89" />
    <UnitTestResult executionId="22d19406-35aa-4162-9b6b-73156c20263e" testId="8b00c067-86b2-6d07-73e2-d3a3364b9b31" testName="ShiftWork.Api.Tests.Sandbox.SandboxServiceTests.HideSandboxData_SetsSandboxLocationStatusToSandbox" computerName="DESKTOP-8D7JJFD" duration="00:00:00.2517900" startTime="2026-08-03T12:25:08.0940213-04:00" endTime="2026-08-03T12:25:08.0940222-04:00" testType="13cdc9d9-ddb5-4fa4-a97d-d965ccfc6d4b" outcome="Passed" testListId="8c84fa94-04c1-424b-9868-57a2d4851a1d" relativeResultsDirectory="22d19406-35aa-4162-9b6b-73156c20263e" />
    <UnitTestResult executionId="a8497c7d-f5f9-489a-800e-21d646cfd0f8" testId="356bccdc-8d93-2f4a-8663-d3d9946b2cca" testName="ShiftWork.Api.Tests.Registration.RegistrationIntegrationTests.Register_HappyPath_SandboxIsSeeded" computerName="DESKTOP-8D7JJFD" duration="00:00:00.5848015" startTime="2026-08-03T12:25:05.3428331-04:00" endTime="2026-08-03T12:25:05.3428331-04:00" testType="13cdc9d9-ddb5-4fa4-a97d-d965ccfc6d4b" outcome="Passed" testListId="8c84fa94-04c1-424b-9868-57a2d4851a1d" relativeResultsDirectory="a8497c7d-f5f9-489a-800e-21d646cfd0f8" />
    <UnitTestResult executionId="c7eca563-ab47-4963-8e44-7ee3d47ed942" testId="d8cab243-825e-cffa-5da1-55a4fba1fd8e" testName="ShiftWork.Api.Tests.Analytics.AnalyticsServiceTests.Attendance_ClassifiesOnTimeLateAndNoShow" computerName="DESKTOP-8D7JJFD" duration="00:00:00.1149492" startTime="2026-08-03T12:25:04.3441666-04:00" endTime="2026-08-03T12:25:04.3441668-04:00" testType="13cdc9d9-ddb5-4fa4-a97d-d965ccfc6d4b" outcome="Passed" testListId="8c84fa94-04c1-424b-9868-57a2d4851a1d" relativeResultsDirectory="c7eca563-ab47-4963-8e44-7ee3d47ed942" />
    <UnitTestResult executionId="36934452-b5bc-4caa-8d50-97c8a90ef40e" testId="24aa5caa-1333-0d56-8527-fb399bc62213" testName="ShiftWork.Api.Tests.Registration.RegistrationIntegrationTests.Register_SandboxSeed_DoesNotAffectExistingNonSandboxRecords" computerName="DESKTOP-8D7JJFD" duration="00:00:00.5974469" startTime="2026-08-03T12:25:04.7579351-04:00" endTime="2026-08-03T12:25:04.7579354-04:00" testType="13cdc9d9-ddb5-4fa4-a97d-d965ccfc6d4b" outcome="Passed" testListId="8c84fa94-04c1-424b-9868-57a2d4851a1d" relativeResultsDirectory="36934452-b5bc-4caa-8d50-97c8a90ef40e" />
    <UnitTestResult executionId="3ac938ff-3ad2-4709-ac57-f884682889fa" testId="10f44cda-1c82-097a-092b-1bed3d36551c" testName="ShiftWork.Api.Tests.Safety.SafetyServiceTests.ArchiveAsync_SetsStatusToArchived" computerName="DESKTOP-8D7JJFD" duration="00:00:00.0021814" startTime="2026-08-03T12:25:04.2118976-04:00" endTime="2026-08-03T12:25:04.2118977-04:00" testType="13cdc9d9-ddb5-4fa4-a97d-d965ccfc6d4b" outcome="Passed" testListId="8c84fa94-04c1-424b-9868-57a2d4851a1d" relativeResultsDirectory="3ac938ff-3ad2-4709-ac57-f884682889fa" />
    <UnitTestResult executionId="98700e43-790d-4af2-9ff2-21876b360b15" testId="06d1e618-2b3c-6eff-8e60-8e44f07f6600" testName="ShiftWork.Api.Tests.Audit.AuditInterceptorTests.Bulletin_Create_IsAudited" computerName="DESKTOP-8D7JJFD" duration="00:00:00.0469301" startTime="2026-08-03T12:25:04.1311095-04:00" endTime="2026-08-03T12:25:04.1311097-04:00" testType="13cdc9d9-ddb5-4fa4-a97d-d965ccfc6d4b" outcome="Passed" testListId="8c84fa94-04c1-424b-9868-57a2d4851a1d" relativeResultsDirectory="98700e43-790d-4af2-9ff2-21876b360b15" />
    <UnitTestResult executionId="7a1c76d5-0d1e-4981-87f7-9cb29441b495" testId="63a27d58-edfb-456d-4db8-4be6dec5c62f" testName="ShiftWork.Api.Tests.Plan.PlanServiceTests.UpgradePlan_WithStripeConfigured_ActiveSubscription_UpgradesPlanAndStoresStripeIds" computerName="DESKTOP-8D7JJFD" duration="00:00:00.1771739" startTime="2026-08-03T12:25:09.0290868-04:00" endTime="2026-08-03T12:25:09.0290875-04:00" testType="13cdc9d9-ddb5-4fa4-a97d-d965ccfc6d4b" outcome="Passed" testListId="8c84fa94-04c1-424b-9868-57a2d4851a1d" relativeResultsDirectory="7a1c76d5-0d1e-4981-87f7-9cb29441b495" />
    <UnitTestResult executionId="b136843c-fe63-464d-9361-6c448ac4405c" testId="93fe091e-6f94-c03f-2906-cc9bd9b54b61" testName="ShiftWork.Api.Tests.Analytics.AnalyticsServiceTests.HoursSummary_WorkedHours_FromClockInOutPair_MinusBreak" computerName="DESKTOP-8D7JJFD" duration="00:00:00.0017629" startTime="2026-08-03T12:25:04.3506205-04:00" endTime="2026-08-03T12:25:04.3506206-04:00" testType="13cdc9d9-ddb5-4fa4-a97d-d965ccfc6d4b" outcome="Passed" testListId="8c84fa94-04c1-424b-9868-57a2d4851a1d" relativeResultsDirectory="b136843c-fe63-464d-9361-6c448ac4405c" />
    <UnitTestResult executionId="f14e703e-cb5a-4945-a013-f3a4f42ff773" testId="2f0020c5-a97f-b5d6-eda3-1f5e6f198927" testName="ShiftWork.Api.Tests.Bulletins.BulletinServiceTests.GetBulletinsAsync_IsScopedToCompany" computerName="DESKTOP-8D7JJFD" duration="00:00:02.4519559" startTime="2026-08-03T12:25:04.1306367-04:00" endTime="2026-08-03T12:25:04.1306369-04:00" testType="13cdc9d9-ddb5-4fa4-a97d-d965ccfc6d4b" outcome="Passed" testListId="8c84fa94-04c1-424b-9868-57a2d4851a1d" relativeResultsDirectory="f14e703e-cb5a-4945-a013-f3a4f42ff773" />
    <UnitTestResult executionId="36d01929-ed3a-4a44-b8f9-6232720f7c9e" testId="ab45451e-ab33-8568-c900-007e1c7d20d7" testName="ShiftWork.Api.Tests.Analytics.AnalyticsServiceTests.Kpis_WorkedHours_ComputesDeltaVsPreviousPeriod" computerName="DESKTOP-8D7JJFD" duration="00:00:00.0045655" startTime="2026-08-03T12:25:04.3487957-04:00" endTime="2026-08-03T12:25:04.3487958-04:00" testType="13cdc9d9-ddb5-4fa4-a97d-d965ccfc6d4b" outcome="Passed" testListId="8c84fa94-04c1-424b-9868-57a2d4851a1d" relativeResultsDirectory="36d01929-ed3a-4a44-b8f9-6232720f7c9e" />
    <UnitTestResult executionId="e27c1981-f964-4924-9111-c2712226f34a" testId="7485c957-e19f-252c-9a3a-04c1a054e5ec" testName="ShiftWork.Api.Tests.DailyReports.DailyReportServiceTests.GetOrCreateAsync_CreatesReport_WhenNoneExists" computerName="DESKTOP-8D7JJFD" duration="00:00:00.0140710" startTime="2026-08-03T12:25:04.2269090-04:00" endTime="2026-08-03T12:25:04.2269091-04:00" testType="13cdc9d9-ddb5-4fa4-a97d-d965ccfc6d4b" outcome="Passed" testListId="8c84fa94-04c1-424b-9868-57a2d4851a1d" relativeResultsDirectory="e27c1981-f964-4924-9111-c2712226f34a" />
    <UnitTestResult executionId="63c8c128-eae5-4ded-9cb8-3d770e3b89da" testId="9f220e5f-8e40-439c-eddf-1ffaf82e2358" testName="ShiftWork.Api.Tests.Registration.RegistrationIntegrationTests.Register_SandboxSeed_AllRecordsTaggedIsSandboxTrue" computerName="DESKTOP-8D7JJFD" duration="00:00:00.5127788" startTime="2026-08-03T12:25:05.8556919-04:00" endTime="2026-08-03T12:25:05.8556922-04:00" testType="13cdc9d9-ddb5-4fa4-a97d-d965ccfc6d4b" outcome="Passed" testListId="8c84fa94-04c1-424b-9868-57a2d4851a1d" relativeResultsDirectory="63c8c128-eae5-4ded-9cb8-3d770e3b89da" />
    <UnitTestResult executionId="1302ca2f-efbc-4838-8ba7-97f8151386fd" testId="bf2e6b74-8f06-c33e-048e-7e147a33db9f" testName="ShiftWork.Api.Tests.Analytics.AnalyticsServiceTests.HoursSummary_UnclosedShift_ExcludedFromWorked_AndFlagged" computerName="DESKTOP-8D7JJFD" duration="00:00:00.0014943" startTime="2026-08-03T12:25:04.3521854-04:00" endTime="2026-08-03T12:25:04.3521855-04:00" testType="13cdc9d9-ddb5-4fa4-a97d-d965ccfc6d4b" outcome="Passed" testListId="8c84fa94-04c1-424b-9868-57a2d4851a1d" relativeResultsDirectory="1302ca2f-efbc-4838-8ba7-97f8151386fd" />
    <UnitTestResult executionId="f4256258-3869-48d0-83dc-188b75a51ec5" testId="ea074fab-38ee-022e-a219-64aa4db620e8" testName="ShiftWork.Api.Tests.Safety.SafetyServiceTests.AcknowledgeAsync_IsIdempotent" computerName="DESKTOP-8D7JJFD" duration="00:00:00.0887925" startTime="2026-08-03T12:25:04.1728875-04:00" endTime="2026-08-03T12:25:04.1728876-04:00" testType="13cdc9d9-ddb5-4fa4-a97d-d965ccfc6d4b" outcome="Passed" testListId="8c84fa94-04c1-424b-9868-57a2d4851a1d" relativeResultsDirectory="f4256258-3869-48d0-83dc-188b75a51ec5" />
    <UnitTestResult executionId="d9130cf1-e318-4121-8178-aa4aeb5c86d2" testId="0409aa02-a669-4ba0-fee7-843b17297094" testName="ShiftWork.Api.Tests.Plan.PlanServiceTests.IsFeatureEnabled_MissingCompany_ReturnsFalse" computerName="DESKTOP-8D7JJFD" duration="00:00:00.0065416" startTime="2026-08-03T12:25:08.8518351-04:00" endTime="2026-08-03T12:25:08.8518352-04:00" testType="13cdc9d9-ddb5-4fa4-a97d-d965ccfc6d4b" outcome="Passed" testListId="8c84fa94-04c1-424b-9868-57a2d4851a1d" relativeResultsDirectory="d9130cf1-e318-4121-8178-aa4aeb5c86d2" />
    <UnitTestResult executionId="afc5df72-9f84-408e-b548-c5b3734d020d" testId="7ba89a49-fac3-b828-b27c-1893e35d3604" testName="ShiftWork.Api.Tests.Plan.PlanServiceTests.IsFeatureEnabled_SandboxReset_ReturnsTrueForAllPlans(plan: &quot;Free&quot;)" computerName="DESKTOP-8D7JJFD" duration="00:00:00.0003579" startTime="2026-08-03T12:25:09.0320706-04:00" endTime="2026-08-03T12:25:09.0320708-04:00" testType="13cdc9d9-ddb5-4fa4-a97d-d965ccfc6d4b" outcome="Passed" testListId="8c84fa94-04c1-424b-9868-57a2d4851a1d" relativeResultsDirectory="afc5df72-9f84-408e-b548-c5b3734d020d" />
    <UnitTestResult executionId="af3e749a-4017-4236-8636-b904c0279f23" testId="21556ae0-86bc-6fe3-9fc9-8de739636792" testName="ShiftWork.Api.Tests.Registration.RegistrationIntegrationTests.Register_DuplicateFirebaseUid_DetectedByQuery" computerName="DESKTOP-8D7JJFD" duration="00:00:00.0762605" startTime="2026-08-03T12:25:04.1603630-04:00" endTime="2026-08-03T12:25:04.1603632-04:00" testType="13cdc9d9-ddb5-4fa4-a97d-d965ccfc6d4b" outcome="Passed" testListId="8c84fa94-04c1-424b-9868-57a2d4851a1d" relativeResultsDirectory="af3e749a-4017-4236-8636-b904c0279f23" />
    <UnitTestResult executionId="9698f4dd-5e4c-4239-9d30-18412a861dcc" testId="0ac8d8e0-8da6-7182-8091-11dbcd210363" testName="ShiftWork.Api.Tests.Plan.StripeWebhookServiceTests.InvoicePaymentFailed_UnknownCustomer_DoesNotSendNotification" computerName="DESKTOP-8D7JJFD" duration="00:00:00.0012725" startTime="2026-08-03T12:25:09.0877489-04:00" endTime="2026-08-03T12:25:09.0877491-04:00" testType="13cdc9d9-ddb5-4fa4-a97d-d965ccfc6d4b" outcome="Passed" testListId="8c84fa94-04c1-424b-9868-57a2d4851a1d" relativeResultsDirectory="9698f4dd-5e4c-4239-9d30-18412a861dcc" />
    <UnitTestResult executionId="318d741d-fca0-42d6-99a5-7bb3bf32f99d" testId="eaa93f8d-9528-65ee-68d2-cca28534f044" testName="ShiftWork.Api.Tests.Plan.PlanServiceTests.UpgradePlan_MissingCompany_ReturnsFalse" computerName="DESKTOP-8D7JJFD" duration="00:00:00.0063172" startTime="2026-08-03T12:25:09.0498417-04:00" endTime="2026-08-03T12:25:09.0498418-04:00" testType="13cdc9d9-ddb5-4fa4-a97d-d965ccfc6d4b" outcome="Passed" testListId="8c84fa94-04c1-424b-9868-57a2d4851a1d" relativeResultsDirectory="318d741d-fca0-42d6-99a5-7bb3bf32f99d" />
    <UnitTestResult executionId="cc450fa0-b666-47c0-a15a-ccaa3e85b5e2" testId="f56b375f-3a8d-4479-12df-0ae9fefe5a02" testName="ShiftWork.Api.Tests.DailyReports.DailyReportServiceTests.UpdateAsync_ReturnsNull_ForWrongCompany" computerName="DESKTOP-8D7JJFD" duration="00:00:00.0173537" startTime="2026-08-03T12:25:04.2127438-04:00" endTime="2026-08-03T12:25:04.2127439-04:00" testType="13cdc9d9-ddb5-4fa4-a97d-d965ccfc6d4b" outcome="Passed" testListId="8c84fa94-04c1-424b-9868-57a2d4851a1d" relativeResultsDirectory="cc450fa0-b666-47c0-a15a-ccaa3e85b5e2" />
    <UnitTestResult executionId="222b6c53-c065-4c11-9af7-22900914bf11" testId="2f51197e-614b-0bfa-70f8-4e47d8d5af9f" testName="ShiftWork.Api.Tests.Plan.PlanServiceTests.IsFeatureEnabled_SandboxReset_ReturnsTrueForAllPlans(plan: &quot;Pro&quot;)" computerName="DESKTOP-8D7JJFD" duration="00:00:00.0002859" startTime="2026-08-03T12:25:09.0324041-04:00" endTime="2026-08-03T12:25:09.0324042-04:00" testType="13cdc9d9-ddb5-4fa4-a97d-d965ccfc6d4b" outcome="Passed" testListId="8c84fa94-04c1-424b-9868-57a2d4851a1d" relativeResultsDirectory="222b6c53-c065-4c11-9af7-22900914bf11" />
    <UnitTestResult executionId="6c576c8a-2c28-4307-8ee8-5f6ad539ded7" testId="547eac10-0065-e6d3-3d37-c955c2dd419f" testName="ShiftWork.Api.Tests.Sandbox.SandboxServiceTests.SeedSandboxData_AreaNameMatchesTemplate" computerName="DESKTOP-8D7JJFD" duration="00:00:03.0569878" startTime="2026-08-03T12:25:04.7381066-04:00" endTime="2026-08-03T12:25:04.7381067-04:00" testType="13cdc9d9-ddb5-4fa4-a97d-d965ccfc6d4b" outcome="Passed" testListId="8c84fa94-04c1-424b-9868-57a2d4851a1d" relativeResultsDirectory="6c576c8a-2c28-4307-8ee8-5f6ad539ded7" />
    <UnitTestResult executionId="7f1539e4-b7b7-4312-8a8d-7e5a45dd92af" testId="14e71e9a-b028-5534-ac6b-c22465dbdcfb" testName="ShiftWork.Api.Tests.Sandbox.SandboxServiceTests.SeedSandboxData_LocationNameMatchesTemplate" computerName="DESKTOP-8D7JJFD" duration="00:00:00.2558086" startTime="2026-08-03T12:25:06.0909212-04:00" endTime="2026-08-03T12:25:06.0909213-04:00" testType="13cdc9d9-ddb5-4fa4-a97d-d965ccfc6d4b" outcome="Passed" testListId="8c84fa94-04c1-424b-9868-57a2d4851a1d" relativeResultsDirectory="7f1539e4-b7b7-4312-8a8d-7e5a45dd92af" />
    <UnitTestResult executionId="30a1b90a-2a7f-4077-9716-d4404e1b3c62" testId="909a486d-9024-f9ef-67bd-8330d76fc109" testName="ShiftWork.Api.Tests.Safety.SafetyServiceTests.AcknowledgeAsync_ReturnsFalse_ForUnknownContentId" computerName="DESKTOP-8D7JJFD" duration="00:00:00.0012643" startTime="2026-08-03T12:25:04.1824488-04:00" endTime="2026-08-03T12:25:04.1824489-04:00" testType="13cdc9d9-ddb5-4fa4-a97d-d965ccfc6d4b" outcome="Passed" testListId="8c84fa94-04c1-424b-9868-57a2d4851a1d" relativeResultsDirectory="30a1b90a-2a7f-4077-9716-d4404e1b3c62" />
    <UnitTestResult executionId="ebc86e3b-321d-4b44-bc36-e0a555e4f6f5" testId="0021b011-825b-5011-1fe0-e6c6b1ec48ac" testName="ShiftWork.Api.Tests.Plan.PlanServiceTests.IsFeatureEnabled_SandboxDelete_ReturnsTrueForProPlan" computerName="DESKTOP-8D7JJFD" duration="00:00:00.0006456" startTime="2026-08-03T12:25:09.0330825-04:00" endTime="2026-08-03T12:25:09.0330826-04:00" testType="13cdc9d9-ddb5-4fa4-a97d-d965ccfc6d4b" outcome="Passed" testListId="8c84fa94-04c1-424b-9868-57a2d4851a1d" relativeResultsDirectory="ebc86e3b-321d-4b44-bc36-e0a555e4f6f5" />
    <UnitTestResult executionId="2935b5c9-97f0-406d-9108-b2eafe5067c8" testId="bcb5384d-5e28-96e9-3c24-3d63715c86a0" testName="ShiftWork.Api.Tests.Documents.DocumentServiceTests.InitiateUploadAsync_CreatesDocumentWithDraftStatus" computerName="DESKTOP-8D7JJFD" duration="00:00:00.0024908" startTime="2026-08-03T12:25:04.1689583-04:00" endTime="2026-08-03T12:25:04.1689584-04:00" testType="13cdc9d9-ddb5-4fa4-a97d-d965ccfc6d4b" outcome="Passed" testListId="8c84fa94-04c1-424b-9868-57a2d4851a1d" relativeResultsDirectory="2935b5c9-97f0-406d-9108-b2eafe5067c8" />
    <UnitTestResult executionId="91820280-255f-453b-b19d-a91729a19012" testId="dca8019e-9a0f-6a0d-7c99-b7c55267f690" testName="ShiftWork.Api.Tests.Bulletins.BulletinServiceTests.GetBulletinsAsync_ExcludesExpiredBulletins" computerName="DESKTOP-8D7JJFD" duration="00:00:00.0036897" startTime="2026-08-03T12:25:04.1764792-04:00" endTime="2026-08-03T12:25:04.1764793-04:00" testType="13cdc9d9-ddb5-4fa4-a97d-d965ccfc6d4b" outcome="Passed" testListId="8c84fa94-04c1-424b-9868-57a2d4851a1d" relativeResultsDirectory="91820280-255f-453b-b19d-a91729a19012" />
    <UnitTestResult executionId="385ab4b5-a51b-4201-b948-61191916c8ed" testId="e587800a-ee54-08a0-2ad6-b0307ed4fb2d" testName="ShiftWork.Api.Tests.Sandbox.SandboxServiceTests.DeleteSandboxData_DoesNotDeleteNonSandboxRecords" computerName="DESKTOP-8D7JJFD" duration="00:00:00.2489608" startTime="2026-08-03T12:25:08.3430740-04:00" endTime="2026-08-03T12:25:08.3430742-04:00" testType="13cdc9d9-ddb5-4fa4-a97d-d965ccfc6d4b" outcome="Passed" testListId="8c84fa94-04c1-424b-9868-57a2d4851a1d" relativeResultsDirectory="385ab4b5-a51b-4201-b948-61191916c8ed" />
    <UnitTestResult executionId="2e248566-99b5-4c27-9126-df75dc9da9c1" testId="d2a2c9e2-434e-3eff-2a40-d8b01d36802e" testName="ShiftWork.Api.Tests.Audit.AuditInterceptorTests.DocumentReadLog_Create_IsAudited_WithCompanyIdResolvedFromParentDocument" computerName="DESKTOP-8D7JJFD" duration="00:00:02.4008756" startTime="2026-08-03T12:25:04.1029396-04:00" endTime="2026-08-03T12:25:04.1029396-04:00" testType="13cdc9d9-ddb5-4fa4-a97d-d965ccfc6d4b" outcome="Passed" testListId="8c84fa94-04c1-424b-9868-57a2d4851a1d" relativeResultsDirectory="2e248566-99b5-4c27-9126-df75dc9da9c1" />
    <UnitTestResult executionId="4552d124-c521-432d-bdf3-c922319cd95e" testId="b3dfd431-7fbe-644e-aa53-531fcd1b0ca2" testName="ShiftWork.Api.Tests.Sandbox.SandboxServiceTests.HideSandboxData_SetsSandboxPersonStatusToSandbox" computerName="DESKTOP-8D7JJFD" duration="00:00:00.2564307" startTime="2026-08-03T12:25:06.3474172-04:00" endTime="2026-08-03T12:25:06.3474173-04:00" testType="13cdc9d9-ddb5-4fa4-a97d-d965ccfc6d4b" outcome="Passed" testListId="8c84fa94-04c1-424b-9868-57a2d4851a1d" relativeResultsDirectory="4552d124-c521-432d-bdf3-c922319cd95e" />
    <UnitTestResult executionId="f9957fa9-4368-4bed-8181-66202a1085fc" testId="0d9d4dfa-95ab-b8d5-cc48-a1e2dde3642e" testName="ShiftWork.Api.Tests.Plan.StripeWebhookServiceTests.SubscriptionUpserted_CanceledStatus_DowngradesToFree" computerName="DESKTOP-8D7JJFD" duration="00:00:00.0008770" startTime="2026-08-03T12:25:09.1003495-04:00" endTime="2026-08-03T12:25:09.1003496-04:00" testType="13cdc9d9-ddb5-4fa4-a97d-d965ccfc6d4b" outcome="Passed" testListId="8c84fa94-04c1-424b-9868-57a2d4851a1d" relativeResultsDirectory="f9957fa9-4368-4bed-8181-66202a1085fc" />
    <UnitTestResult executionId="0b46fbfb-87fc-4543-92bf-1a19ddfda025" testId="b1767f9e-04ee-2c03-5cb2-f72f96d39b2e" testName="ShiftWork.Api.Tests.Bulletins.BulletinServiceTests.GetBulletinsAsync_ExcludesArchivedByDefault" computerName="DESKTOP-8D7JJFD" duration="00:00:00.0030469" startTime="2026-08-03T12:25:04.2182256-04:00" endTime="2026-08-03T12:25:04.2182256-04:00" testType="13cdc9d9-ddb5-4fa4-a97d-d965ccfc6d4b" outcome="Passed" testListId="8c84fa94-04c1-424b-9868-57a2d4851a1d" relativeResultsDirectory="0b46fbfb-87fc-4543-92bf-1a19ddfda025" />
    <UnitTestResult executionId="aea614aa-6889-49ba-826c-b9e0a277be30" testId="a3f4c485-f721-1048-51d7-5c9d9f625c2f" testName="ShiftWork.Api.Tests.Plan.StripeWebhookServiceTests.InvoicePaymentSucceeded_ExtendsPlanExpiresAt" computerName="DESKTOP-8D7JJFD" duration="00:00:00.0021307" startTime="2026-08-03T12:25:09.0951657-04:00" endTime="2026-08-03T12:25:09.0951659-04:00" testType="13cdc9d9-ddb5-4fa4-a97d-d965ccfc6d4b" outcome="Passed" testListId="8c84fa94-04c1-424b-9868-57a2d4851a1d" relativeResultsDirectory="aea614aa-6889-49ba-826c-b9e0a277be30" />
    <UnitTestResult executionId="0d76b594-bdb7-4f95-a17b-a7521d59b1d7" testId="834ee7b6-0bcf-b45f-3706-9c0fedc1e982" testName="ShiftWork.Api.Tests.Plan.PlanServiceTests.IsFeatureEnabled_UnknownFeatureKey_ReturnsFalse(plan: &quot;Pro&quot;)" computerName="DESKTOP-8D7JJFD" duration="00:00:00.0003810" startTime="2026-08-03T12:25:09.0365023-04:00" endTime="2026-08-03T12:25:09.0365024-04:00" testType="13cdc9d9-ddb5-4fa4-a97d-d965ccfc6d4b" outcome="Passed" testListId="8c84fa94-04c1-424b-9868-57a2d4851a1d" relativeResultsDirectory="0d76b594-bdb7-4f95-a17b-a7521d59b1d7" />
    <UnitTestResult executionId="cd8d2789-fb56-45ce-a00c-f9f979c5d2cb" testId="839d8b24-47b3-5883-56be-6983826a410d" testName="ShiftWork.Api.Tests.Plan.PlanServiceTests.GetCurrentPlan_ReturnsExpectedPlan(plan: &quot;Trial&quot;)" computerName="DESKTOP-8D7JJFD" duration="00:00:00.0003607" startTime="2026-08-03T12:25:09.0341845-04:00" endTime="2026-08-03T12:25:09.0341846-04:00" testType="13cdc9d9-ddb5-4fa4-a97d-d965ccfc6d4b" outcome="Passed" testListId="8c84fa94-04c1-424b-9868-57a2d4851a1d" relativeResultsDirectory="cd8d2789-fb56-45ce-a00c-f9f979c5d2cb" />
    <UnitTestResult executionId="7fb8df67-25f3-4b95-8c0a-2f4674408db2" testId="a0e66528-abdc-6d9b-cc07-5de0ccdff5cc" testName="ShiftWork.Api.Tests.Plan.StripeWebhookServiceTests.SubscriptionUpserted_ActiveWithUnrecognizedPrice_LeavesPlanUnchanged" computerName="DESKTOP-8D7JJFD" duration="00:00:00.0051532" startTime="2026-08-03T12:25:09.0929856-04:00" endTime="2026-08-03T12:25:09.0929858-04:00" testType="13cdc9d9-ddb5-4fa4-a97d-d965ccfc6d4b" outcome="Passed" testListId="8c84fa94-04c1-424b-9868-57a2d4851a1d" relativeResultsDirectory="7fb8df67-25f3-4b95-8c0a-2f4674408db2" />
    <UnitTestResult executionId="bcc44333-f819-48f6-b876-4383d92e9e52" testId="ce399f1e-74be-5037-0f53-7b525d8f2bc0" testName="ShiftWork.Api.Tests.DailyReports.DailyReportServiceTests.GetReportsAsync_IsScopedToCompany" computerName="DESKTOP-8D7JJFD" duration="00:00:00.0184328" startTime="2026-08-03T12:25:04.1861582-04:00" endTime="2026-08-03T12:25:04.1861583-04:00" testType="13cdc9d9-ddb5-4fa4-a97d-d965ccfc6d4b" outcome="Passed" testListId="8c84fa94-04c1-424b-9868-57a2d4851a1d" relativeResultsDirectory="bcc44333-f819-48f6-b876-4383d92e9e52" />
    <UnitTestResult executionId="c97471b3-ddad-45f3-8c80-48884e9e35d2" testId="f44cbdf2-6ead-dade-187f-366126f30be0" testName="ShiftWork.Api.Tests.Bulletins.BulletinServiceTests.MarkAsReadAsync_IsIdempotent" computerName="DESKTOP-8D7JJFD" duration="00:00:00.0131056" startTime="2026-08-03T12:25:04.1922214-04:00" endTime="2026-08-03T12:25:04.1922215-04:00" testType="13cdc9d9-ddb5-4fa4-a97d-d965ccfc6d4b" outcome="Passed" testListId="8c84fa94-04c1-424b-9868-57a2d4851a1d" relativeResultsDirectory="c97471b3-ddad-45f3-8c80-48884e9e35d2" />
    <UnitTestResult executionId="4ac44cfb-b199-43fa-99ba-063b6cb01406" testId="82252800-d28d-952b-3341-479c90f2a1d9" testName="ShiftWork.Api.Tests.Documents.DocumentServiceTests.GetDocumentsAsync_ReturnsOnlyPublicDocs_ForPersonWithNoRoles" computerName="DESKTOP-8D7JJFD" duration="00:00:00.0822523" startTime="2026-08-03T12:25:04.1663588-04:00" endTime="2026-08-03T12:25:04.1663589-04:00" testType="13cdc9d9-ddb5-4fa4-a97d-d965ccfc6d4b" outcome="Passed" testListId="8c84fa94-04c1-424b-9868-57a2d4851a1d" relativeResultsDirectory="4ac44cfb-b199-43fa-99ba-063b6cb01406" />
    <UnitTestResult executionId="40686f3c-60b7-4d29-8339-486c79241b23" testId="afa66d3d-7d50-593c-b178-052d5d8fb2e7" testName="ShiftWork.Api.Tests.Plan.PlanServiceTests.UpgradePlan_WithStripeConfigured_IncompleteSubscription_DoesNotUpgradePlanYet" computerName="DESKTOP-8D7JJFD" duration="00:00:00.0012712" startTime="2026-08-03T12:25:09.0378153-04:00" endTime="2026-08-03T12:25:09.0378154-04:00" testType="13cdc9d9-ddb5-4fa4-a97d-d965ccfc6d4b" outcome="Passed" testListId="8c84fa94-04c1-424b-9868-57a2d4851a1d" relativeResultsDirectory="40686f3c-60b7-4d29-8339-486c79241b23" />
    <UnitTestResult executionId="0623d6af-72c5-43c5-9ad3-da8996561a1f" testId="67ac1884-3c97-ad89-6652-ad1f5ea18565" testName="ShiftWork.Api.Tests.Registration.RegistrationIntegrationTests.Register_DuplicateCompanyEmail_DetectedByQuery" computerName="DESKTOP-8D7JJFD" duration="00:00:02.3994789" startTime="2026-08-03T12:25:04.1031810-04:00" endTime="2026-08-03T12:25:04.1031811-04:00" testType="13cdc9d9-ddb5-4fa4-a97d-d965ccfc6d4b" outcome="Passed" testListId="8c84fa94-04c1-424b-9868-57a2d4851a1d" relativeResultsDirectory="0623d6af-72c5-43c5-9ad3-da8996561a1f" />
    <UnitTestResult executionId="b8cb82fd-5ca1-480e-b373-d468a409410c" testId="deb7c88e-d5b0-8719-ed0f-299e494eb2fb" testName="ShiftWork.Api.Tests.Sandbox.SandboxServiceTests.ResetSandboxData_SeedCountIsIdempotent" computerName="DESKTOP-8D7JJFD" duration="00:00:00.4933539" startTime="2026-08-03T12:25:07.8421561-04:00" endTime="2026-08-03T12:25:07.8421562-04:00" testType="13cdc9d9-ddb5-4fa4-a97d-d965ccfc6d4b" outcome="Passed" testListId="8c84fa94-04c1-424b-9868-57a2d4851a1d" relativeResultsDirectory="b8cb82fd-5ca1-480e-b373-d468a409410c" />
    <UnitTestResult executionId="3026d858-eb31-46b0-b94c-a8d1cb6cfec2" testId="d8797588-a78d-8135-f234-379fca640f6b" testName="ShiftWork.Api.Tests.Plan.PlanServiceTests.IsFeatureEnabled_SandboxDelete_ReturnsFalseForFreePlan" computerName="DESKTOP-8D7JJFD" duration="00:00:00.0006356" startTime="2026-08-03T12:25:09.0434755-04:00" endTime="2026-08-03T12:25:09.0434756-04:00" testType="13cdc9d9-ddb5-4fa4-a97d-d965ccfc6d4b" outcome="Passed" testListId="8c84fa94-04c1-424b-9868-57a2d4851a1d" relativeResultsDirectory="3026d858-eb31-46b0-b94c-a8d1cb6cfec2" />
    <UnitTestResult executionId="4cb8652a-7d33-4ccd-b822-6ee5c0aa683b" testId="524a327e-88a4-1150-caf7-f36f70106aa4" testName="ShiftWork.Api.Tests.Documents.DocumentServiceTests.ConfirmUploadAsync_SetsStatusToActive" computerName="DESKTOP-8D7JJFD" duration="00:00:00.0011961" startTime="2026-08-03T12:25:04.2158694-04:00" endTime="2026-08-03T12:25:04.2158695-04:00" testType="13cdc9d9-ddb5-4fa4-a97d-d965ccfc6d4b" outcome="Passed" testListId="8c84fa94-04c1-424b-9868-57a2d4851a1d" relativeResultsDirectory="4cb8652a-7d33-4ccd-b822-6ee5c0aa683b" />
    <UnitTestResult executionId="62b88cdd-50f9-4e91-94b8-24cf60c13057" testId="eae9d286-0af3-eec7-32f8-ff8ca8eb3db8" testName="ShiftWork.Api.Tests.Plan.PlanServiceTests.IsFeatureEnabled_SandboxHide_ReturnsTrueForAllPlans(plan: &quot;Trial&quot;)" computerName="DESKTOP-8D7JJFD" duration="00:00:00.0002685" startTime="2026-08-03T12:25:09.0309891-04:00" endTime="2026-08-03T12:25:09.0309892-04:00" testType="13cdc9d9-ddb5-4fa4-a97d-d965ccfc6d4b" outcome="Passed" testListId="8c84fa94-04c1-424b-9868-57a2d4851a1d" relativeResultsDirectory="62b88cdd-50f9-4e91-94b8-24cf60c13057" />
    <UnitTestResult executionId="79667549-9bbe-4b91-84d8-0130b7dce8e8" testId="78df6134-726d-48ce-8c9a-0099ec5c1223" testName="ShiftWork.Api.Tests.Safety.SafetyServiceTests.ArchiveAsync_ReturnsFalse_ForWrongCompany" computerName="DESKTOP-8D7JJFD" duration="00:00:00.0031135" startTime="2026-08-03T12:25:04.2096210-04:00" endTime="2026-08-03T12:25:04.2096211-04:00" testType="13cdc9d9-ddb5-4fa4-a97d-d965ccfc6d4b" outcome="Passed" testListId="8c84fa94-04c1-424b-9868-57a2d4851a1d" relativeResultsDirectory="79667549-9bbe-4b91-84d8-0130b7dce8e8" />
    <UnitTestResult executionId="f7dfb30b-ab29-40b3-8901-71d077ccd536" testId="7ed69423-f9e5-3766-c89e-04e74011ad43" testName="ShiftWork.Api.Tests.Bulletins.BulletinServiceTests.UpdateAsync_ReturnsNull_ForWrongCompany" computerName="DESKTOP-8D7JJFD" duration="00:00:00.0030155" startTime="2026-08-03T12:25:04.1953622-04:00" endTime="2026-08-03T12:25:04.1953623-04:00" testType="13cdc9d9-ddb5-4fa4-a97d-d965ccfc6d4b" outcome="Passed" testListId="8c84fa94-04c1-424b-9868-57a2d4851a1d" relativeResultsDirectory="f7dfb30b-ab29-40b3-8901-71d077ccd536" />
    <UnitTestResult executionId="c45b2940-0794-4252-abf8-9805b5625dc0" testId="58076474-596b-dd59-303f-5ab1e04bf968" testName="ShiftWork.Api.Tests.Safety.SafetyServiceTests.GetPendingForPersonAsync_ExcludesAcknowledgedContent" computerName="DESKTOP-8D7JJFD" duration="00:00:00.0238601" startTime="2026-08-03T12:25:04.2063890-04:00" endTime="2026-08-03T12:25:04.2063892-04:00" testType="13cdc9d9-ddb5-4fa4-a97d-d965ccfc6d4b" outcome="Passed" testListId="8c84fa94-04c1-424b-9868-57a2d4851a1d" relativeResultsDirectory="c45b2940-0794-4252-abf8-9805b5625dc0" />
    <UnitTestResult executionId="a8de552e-d6d1-4edf-8fee-c902a277112b" testId="7a32a132-ce2f-6894-e35f-0856470ba2d6" testName="ShiftWork.Api.Tests.Plan.PlanServiceTests.IsFeatureEnabled_UnknownFeatureKey_ReturnsFalse(plan: &quot;Free&quot;)" computerName="DESKTOP-8D7JJFD" duration="00:00:00.0006625" startTime="2026-08-03T12:25:09.0360825-04:00" endTime="2026-08-03T12:25:09.0360826-04:00" testType="13cdc9d9-ddb5-4fa4-a97d-d965ccfc6d4b" outcome="Passed" testListId="8c84fa94-04c1-424b-9868-57a2d4851a1d" relativeResultsDirectory="a8de552e-d6d1-4edf-8fee-c902a277112b" />
    <UnitTestResult executionId="c94537c4-e577-4bfd-8569-9ca2f957998f" testId="71eb79f6-3aaf-4592-8923-31fd16d8b2b4" testName="ShiftWork.Api.Tests.Bulletins.BulletinServiceTests.MarkAsReadAsync_ReturnsFalse_ForWrongCompany" computerName="DESKTOP-8D7JJFD" duration="00:00:00.0052921" startTime="2026-08-03T12:25:04.2273883-04:00" endTime="2026-08-03T12:25:04.2273884-04:00" testType="13cdc9d9-ddb5-4fa4-a97d-d965ccfc6d4b" outcome="Passed" testListId="8c84fa94-04c1-424b-9868-57a2d4851a1d" relativeResultsDirectory="c94537c4-e577-4bfd-8569-9ca2f957998f" />
    <UnitTestResult executionId="a12a6397-4fbf-4cfd-9f1a-2a713e4d5bb0" testId="3298813f-cf3b-2b88-95d5-951a23e6fef2" testName="ShiftWork.Api.Tests.DailyReports.DailyReportServiceTests.UpdateAsync_UpdatesStatusAndNotes" computerName="DESKTOP-8D7JJFD" duration="00:00:00.0073819" startTime="2026-08-03T12:25:04.2412775-04:00" endTime="2026-08-03T12:25:04.2412776-04:00" testType="13cdc9d9-ddb5-4fa4-a97d-d965ccfc6d4b" outcome="Passed" testListId="8c84fa94-04c1-424b-9868-57a2d4851a1d" relativeResultsDirectory="a12a6397-4fbf-4cfd-9f1a-2a713e4d5bb0" />
    <UnitTestResult executionId="4995fc8c-a4b3-4bde-b725-8dafb95fceee" testId="c277438a-708a-5ec5-7522-27beba21d030" testName="ShiftWork.Api.Tests.Plan.PlanServiceTests.UpgradePlan_WithStripeConfigured_NoPriceMappedForPlan_ThrowsInvalidOperationException" computerName="DESKTOP-8D7JJFD" duration="00:00:00.0024118" startTime="2026-08-03T12:25:09.0415854-04:00" endTime="2026-08-03T12:25:09.0415855-04:00" testType="13cdc9d9-ddb5-4fa4-a97d-d965ccfc6d4b" outcome="Passed" testListId="8c84fa94-04c1-424b-9868-57a2d4851a1d" relativeResultsDirectory="4995fc8c-a4b3-4bde-b725-8dafb95fceee" />
    <UnitTestResult executionId="92342254-9eca-4eff-9420-f993eaadcef6" testId="c855cfdd-5378-f2f0-7893-82fbe2b87f3c" testName="ShiftWork.Api.Tests.Bulletins.BulletinServiceTests.CreateAsync_PersistsBulletin_WithCompanyId" computerName="DESKTOP-8D7JJFD" duration="00:00:00.0065917" startTime="2026-08-03T12:25:04.1373732-04:00" endTime="2026-08-03T12:25:04.1373733-04:00" testType="13cdc9d9-ddb5-4fa4-a97d-d965ccfc6d4b" outcome="Passed" testListId="8c84fa94-04c1-424b-9868-57a2d4851a1d" relativeResultsDirectory="92342254-9eca-4eff-9420-f993eaadcef6" />
    <UnitTestResult executionId="68c618cd-e9d3-4466-bc3d-d5b9d32dfb59" testId="5d941f20-af6d-391c-aa2d-908096e8e16f" testName="ShiftWork.Api.Tests.Safety.SafetyServiceTests.CreateAsync_PersistsSafetyContent_WithCompanyId" computerName="DESKTOP-8D7JJFD" duration="00:00:00.0017067" startTime="2026-08-03T12:25:04.1768385-04:00" endTime="2026-08-03T12:25:04.1768386-04:00" testType="13cdc9d9-ddb5-4fa4-a97d-d965ccfc6d4b" outcome="Passed" testListId="8c84fa94-04c1-424b-9868-57a2d4851a1d" relativeResultsDirectory="68c618cd-e9d3-4466-bc3d-d5b9d32dfb59" />
    <UnitTestResult executionId="6e14ccea-e516-40be-853d-0f38c8c6f43a" testId="9079b14f-7f23-0da4-4895-016e480c1257" testName="ShiftWork.Api.Tests.Plan.PlanServiceTests.GetCurrentPlan_ReturnsExpectedPlan(plan: &quot;Pro&quot;)" computerName="DESKTOP-8D7JJFD" duration="00:00:00.0006289" startTime="2026-08-03T12:25:09.0337486-04:00" endTime="2026-08-03T12:25:09.0337487-04:00" testType="13cdc9d9-ddb5-4fa4-a97d-d965ccfc6d4b" outcome="Passed" testListId="8c84fa94-04c1-424b-9868-57a2d4851a1d" relativeResultsDirectory="6e14ccea-e516-40be-853d-0f38c8c6f43a" />
    <UnitTestResult executionId="d696c5d4-ec48-4d22-990d-9f0bb6704397" testId="56a6c6ab-4359-14ea-10b0-e1c58df07e48" testName="ShiftWork.Api.Tests.Bulletins.BulletinServiceTests.ArchiveAsync_SetsBulletinStatusToArchived" computerName="DESKTOP-8D7JJFD" duration="00:00:00.0024634" startTime="2026-08-03T12:25:04.1790301-04:00" endTime="2026-08-03T12:25:04.1790302-04:00" testType="13cdc9d9-ddb5-4fa4-a97d-d965ccfc6d4b" outcome="Passed" testListId="8c84fa94-04c1-424b-9868-57a2d4851a1d" relativeResultsDirectory="d696c5d4-ec48-4d22-990d-9f0bb6704397" />
    <UnitTestResult executionId="58651fee-959c-44f9-a9f8-bb7460a5bd4c" testId="e97fea39-5635-b6a5-d8e4-c7bf36c9a9a9" testName="ShiftWork.Api.Tests.Analytics.AnalyticsServiceTests.HoursSummary_ExcludesEventsOutsideRange" computerName="DESKTOP-8D7JJFD" duration="00:00:00.0014350" startTime="2026-08-03T12:25:04.3563881-04:00" endTime="2026-08-03T12:25:04.3563882-04:00" testType="13cdc9d9-ddb5-4fa4-a97d-d965ccfc6d4b" outcome="Passed" testListId="8c84fa94-04c1-424b-9868-57a2d4851a1d" relativeResultsDirectory="58651fee-959c-44f9-a9f8-bb7460a5bd4c" />
    <UnitTestResult executionId="7cf3a4a1-c4a0-4afd-bc27-b88c8d01e70d" testId="8b16d45c-9530-3e29-f10b-2365379ec3d6" testName="ShiftWork.Api.Tests.Safety.SafetyServiceTests.AcknowledgeAsync_ReturnsFalse_ForWrongCompany" computerName="DESKTOP-8D7JJFD" duration="00:00:00.0020678" startTime="2026-08-03T12:25:04.1750457-04:00" endTime="2026-08-03T12:25:04.1750459-04:00" testType="13cdc9d9-ddb5-4fa4-a97d-d965ccfc6d4b" outcome="Passed" testListId="8c84fa94-04c1-424b-9868-57a2d4851a1d" relativeResultsDirectory="7cf3a4a1-c4a0-4afd-bc27-b88c8d01e70d" />
    <UnitTestResult executionId="0bc7929a-69fc-4a12-9f68-2190ca1ee952" testId="76ab2aba-119e-f9d4-dd04-cc95e596e8de" testName="ShiftWork.Api.Tests.Audit.AuditInterceptorTests.ReportMedia_Create_IsAudited_WithCompanyIdResolvedFromParentReport" computerName="DESKTOP-8D7JJFD" duration="00:00:00.0343245" startTime="2026-08-03T12:25:04.1856550-04:00" endTime="2026-08-03T12:25:04.1856551-04:00" testType="13cdc9d9-ddb5-4fa4-a97d-d965ccfc6d4b" outcome="Passed" testListId="8c84fa94-04c1-424b-9868-57a2d4851a1d" relativeResultsDirectory="0bc7929a-69fc-4a12-9f68-2190ca1ee952" />
    <UnitTestResult executionId="c5e41894-12eb-44ec-9614-24dfdd999bdd" testId="33f7df68-fe1f-c931-804d-1b4c443736d0" testName="ShiftWork.Api.Tests.Documents.DocumentServiceTests.GetReadLogsAsync_ReturnsEmpty_ForWrongCompany" computerName="DESKTOP-8D7JJFD" duration="00:00:00.0211990" startTime="2026-08-03T12:25:04.1902750-04:00" endTime="2026-08-03T12:25:04.1902752-04:00" testType="13cdc9d9-ddb5-4fa4-a97d-d965ccfc6d4b" outcome="Passed" testListId="8c84fa94-04c1-424b-9868-57a2d4851a1d" relativeResultsDirectory="c5e41894-12eb-44ec-9614-24dfdd999bdd" />
    <UnitTestResult executionId="fe4b6aec-5b58-4dad-b0b5-caf4fe310549" testId="ee5bd466-ad9f-ea32-162a-2b9220359bd6" testName="ShiftWork.Api.Tests.Sandbox.SandboxServiceTests.DeleteSandboxData_RemovesAllSandboxRecords" computerName="DESKTOP-8D7JJFD" duration="00:00:00.2548893" startTime="2026-08-03T12:25:08.5980363-04:00" endTime="2026-08-03T12:25:08.5980365-04:00" testType="13cdc9d9-ddb5-4fa4-a97d-d965ccfc6d4b" outcome="Passed" testListId="8c84fa94-04c1-424b-9868-57a2d4851a1d" relativeResultsDirectory="fe4b6aec-5b58-4dad-b0b5-caf4fe310549" />
    <UnitTestResult executionId="dfcbb27a-9deb-4da8-af22-866cf5a34547" testId="7c315f65-f066-6c17-7a1e-dde7366bf1eb" testName="ShiftWork.Api.Tests.Analytics.AnalyticsServiceTests.Coverage_GroupByLocation_UsesLocationLabels" computerName="DESKTOP-8D7JJFD" duration="00:00:00.0026565" startTime="2026-08-03T12:25:04.3548977-04:00" endTime="2026-08-03T12:25:04.3548978-04:00" testType="13cdc9d9-ddb5-4fa4-a97d-d965ccfc6d4b" outcome="Passed" testListId="8c84fa94-04c1-424b-9868-57a2d4851a1d" relativeResultsDirectory="dfcbb27a-9deb-4da8-af22-866cf5a34547" />
    <UnitTestResult executionId="5a7ddb2c-f6e5-4a29-bcd4-c3a0d4231563" testId="ff614ddd-d569-1290-8606-42d30f593f5c" testName="ShiftWork.Api.Tests.Plan.PlanServiceTests.IsFeatureEnabled_SandboxHide_ReturnsTrueForAllPlans(plan: &quot;Pro&quot;)" computerName="DESKTOP-8D7JJFD" duration="00:00:00.0010124" startTime="2026-08-03T12:25:09.0302151-04:00" endTime="2026-08-03T12:25:09.0302152-04:00" testType="13cdc9d9-ddb5-4fa4-a97d-d965ccfc6d4b" outcome="Passed" testListId="8c84fa94-04c1-424b-9868-57a2d4851a1d" relativeResultsDirectory="5a7ddb2c-f6e5-4a29-bcd4-c3a0d4231563" />
    <UnitTestResult executionId="996f0c52-8e0b-4269-be41-8096d9902725" testId="6c7ba4d7-9dc3-47c9-1965-d28434daf9b6" testName="ShiftWork.Api.Tests.Documents.DocumentServiceTests.ConfirmUploadAsync_ReturnsNull_ForWrongCompany" computerName="DESKTOP-8D7JJFD" duration="00:00:02.4017306" startTime="2026-08-03T12:25:04.0842766-04:00" endTime="2026-08-03T12:25:04.0843728-04:00" testType="13cdc9d9-ddb5-4fa4-a97d-d965ccfc6d4b" outcome="Passed" testListId="8c84fa94-04c1-424b-9868-57a2d4851a1d" relativeResultsDirectory="996f0c52-8e0b-4269-be41-8096d9902725" />
    <UnitTestResult executionId="228bee09-cf00-453a-854c-99c1d43bc20d" testId="4814f94c-492d-0319-6e91-4bb8554d0fd2" testName="ShiftWork.Api.Tests.Sandbox.SandboxServiceTests.HideSandboxData_DoesNotAffectNonSandboxPersons" computerName="DESKTOP-8D7JJFD" duration="00:00:00.2519254" startTime="2026-08-03T12:25:07.3487398-04:00" endTime="2026-08-03T12:25:07.3487399-04:00" testType="13cdc9d9-ddb5-4fa4-a97d-d965ccfc6d4b" outcome="Passed" testListId="8c84fa94-04c1-424b-9868-57a2d4851a1d" relativeResultsDirectory="228bee09-cf00-453a-854c-99c1d43bc20d" />
    <UnitTestResult executionId="ca9ebb95-b8d6-4b47-903e-96c6208501d3" testId="70d7790c-f0c2-e7f5-1a85-a4a0c4ddc0f7" testName="ShiftWork.Api.Tests.ShiftEvents.ShiftEventServiceTimingStatusTests.CreateShiftEvent_ClockIn_OnTimeAcrossDstTransitions(scheduleStartIso: &quot;2026-11-01T09:00:00Z&quot;, clockInIso: &quot;2026-11-01T14:00:00Z&quot;)" computerName="DESKTOP-8D7JJFD" duration="00:00:00.0261026" startTime="2026-08-03T12:25:04.2243389-04:00" endTime="2026-08-03T12:25:04.2243390-04:00" testType="13cdc9d9-ddb5-4fa4-a97d-d965ccfc6d4b" outcome="Passed" testListId="8c84fa94-04c1-424b-9868-57a2d4851a1d" relativeResultsDirectory="ca9ebb95-b8d6-4b47-903e-96c6208501d3" />
    <UnitTestResult executionId="09e53ff4-dbcc-43c1-b52f-93c610f803b4" testId="731d63c8-83c5-2bb7-1caa-66496a3e88f0" testName="ShiftWork.Api.Tests.ShiftEvents.ShiftEventServiceTimingStatusTests.CreateShiftEvent_ClockIn_ReportsEarlyAndLateAcrossZones(timeZone: &quot;UTC&quot;, scheduleStartIso: &quot;2026-01-15T09:00:00Z&quot;, clockInIso: &quot;2026-01-15T08:50:00Z&quot;, expectedStatus: &quot;OnShift:Early&quot;)" computerName="DESKTOP-8D7JJFD" duration="00:00:00.0018465" startTime="2026-08-03T12:25:04.2513106-04:00" endTime="2026-08-03T12:25:04.2513107-04:00" testType="13cdc9d9-ddb5-4fa4-a97d-d965ccfc6d4b" outcome="Passed" testListId="8c84fa94-04c1-424b-9868-57a2d4851a1d" relativeResultsDirectory="09e53ff4-dbcc-43c1-b52f-93c610f803b4" />
    <UnitTestResult executionId="d60de049-535c-4776-9869-0f86c25dbe02" testId="41b037dc-d6e5-346e-f83c-eb241b1b09a5" testName="ShiftWork.Api.Tests.Plan.PlanServiceTests.IsFeatureEnabled_SandboxDelete_ReturnsTrueForTrialPlan" computerName="DESKTOP-8D7JJFD" duration="00:00:00.0006736" startTime="2026-08-03T12:25:09.0385378-04:00" endTime="2026-08-03T12:25:09.0385378-04:00" testType="13cdc9d9-ddb5-4fa4-a97d-d965ccfc6d4b" outcome="Passed" testListId="8c84fa94-04c1-424b-9868-57a2d4851a1d" relativeResultsDirectory="d60de049-535c-4776-9869-0f86c25dbe02" />
    <UnitTestResult executionId="03a84de4-feb5-4952-9c5e-830192ba37a5" testId="622a8622-109c-15d9-b10e-008a967807a9" testName="ShiftWork.Api.Tests.Safety.SafetyServiceTests.GetAcknowledgmentStatusAsync_ReturnsEmptyStatus_ForWrongCompany" computerName="DESKTOP-8D7JJFD" duration="00:00:00.0041729" startTime="2026-08-03T12:25:04.1811010-04:00" endTime="2026-08-03T12:25:04.1811011-04:00" testType="13cdc9d9-ddb5-4fa4-a97d-d965ccfc6d4b" outcome="Passed" testListId="8c84fa94-04c1-424b-9868-57a2d4851a1d" relativeResultsDirectory="03a84de4-feb5-4952-9c5e-830192ba37a5" />
    <UnitTestResult executionId="2ab9c189-28ec-491f-bafd-b91cc34390e9" testId="cbfbcfec-9249-0b2f-4f58-5dd9897526fc" testName="ShiftWork.Api.Tests.DailyReports.DailyReportServiceTests.AddMediaAsync_ReturnsNull_ForWrongCompany" computerName="DESKTOP-8D7JJFD" duration="00:00:00.0089993" startTime="2026-08-03T12:25:04.1952966-04:00" endTime="2026-08-03T12:25:04.1952968-04:00" testType="13cdc9d9-ddb5-4fa4-a97d-d965ccfc6d4b" outcome="Passed" testListId="8c84fa94-04c1-424b-9868-57a2d4851a1d" relativeResultsDirectory="2ab9c189-28ec-491f-bafd-b91cc34390e9" />
    <UnitTestResult executionId="5f49326b-86ed-42dd-9bea-f18ed88b19e5" testId="924eb0a3-453c-1802-2366-b9e651f2aaef" testName="ShiftWork.Api.Tests.Audit.AuditInterceptorTests.SafetyAcknowledgment_Create_IsAudited_WithCompanyIdResolvedFromParentContent" computerName="DESKTOP-8D7JJFD" duration="00:00:00.0076992" startTime="2026-08-03T12:25:04.1934597-04:00" endTime="2026-08-03T12:25:04.1934599-04:00" testType="13cdc9d9-ddb5-4fa4-a97d-d965ccfc6d4b" outcome="Passed" testListId="8c84fa94-04c1-424b-9868-57a2d4851a1d" relativeResultsDirectory="5f49326b-86ed-42dd-9bea-f18ed88b19e5" />
  </Results>
  <TestDefinitions>
    <UnitTest name="ShiftWork.Api.Tests.Plan.PlanServiceTests.GetCurrentPlan_MissingCompany_ReturnsFree" storage="d:\projects\baseshiftwork\shiftwork.api.tests\bin\release\net9.0\shiftwork.api.tests.dll" id="e68d94e1-eeff-07fb-ff5c-852c668902a2">
      <Execution id="564e2382-db8c-4c11-bd1e-238f0d79fb3e" />
      <TestMethod codeBase="D:\Projects\BaseShiftWork\ShiftWork.Api.Tests\bin\Release\net9.0\ShiftWork.Api.Tests.dll" adapterTypeName="executor://xunit/VsTestRunner2/netcoreapp" className="ShiftWork.Api.Tests.Plan.PlanServiceTests" name="GetCurrentPlan_MissingCompany_ReturnsFree" />
    </UnitTest>
    <UnitTest name="ShiftWork.Api.Tests.Analytics.AnalyticsServiceTests.HoursSummary_UnclosedShift_ExcludedFromWorked_AndFlagged" storage="d:\projects\baseshiftwork\shiftwork.api.tests\bin\release\net9.0\shiftwork.api.tests.dll" id="bf2e6b74-8f06-c33e-048e-7e147a33db9f">
      <Execution id="1302ca2f-efbc-4838-8ba7-97f8151386fd" />
      <TestMethod codeBase="D:\Projects\BaseShiftWork\ShiftWork.Api.Tests\bin\Release\net9.0\ShiftWork.Api.Tests.dll" adapterTypeName="executor://xunit/VsTestRunner2/netcoreapp" className="ShiftWork.Api.Tests.Analytics.AnalyticsServiceTests" name="HoursSummary_UnclosedShift_ExcludedFromWorked_AndFlagged" />
    </UnitTest>
    <UnitTest name="ShiftWork.Api.Tests.DailyReports.DailyReportServiceTests.UpdateAsync_UpdatesStatusAndNotes" storage="d:\projects\baseshiftwork\shiftwork.api.tests\bin\release\net9.0\shiftwork.api.tests.dll" id="3298813f-cf3b-2b88-95d5-951a23e6fef2">
      <Execution id="a12a6397-4fbf-4cfd-9f1a-2a713e4d5bb0" />
      <TestMethod codeBase="D:\Projects\BaseShiftWork\ShiftWork.Api.Tests\bin\Release\net9.0\ShiftWork.Api.Tests.dll" adapterTypeName="executor://xunit/VsTestRunner2/netcoreapp" className="ShiftWork.Api.Tests.DailyReports.DailyReportServiceTests" name="UpdateAsync_UpdatesStatusAndNotes" />
    </UnitTest>
    <UnitTest name="ShiftWork.Api.Tests.Sandbox.SandboxServiceTests.DeleteSandboxData_IsIdempotent_WhenCalledTwice" storage="d:\projects\baseshiftwork\shiftwork.api.tests\bin\release\net9.0\shiftwork.api.tests.dll" id="c7b51c49-47f8-08fe-42ec-239e14f37b99">
      <Execution id="ed10a96e-aeae-4ebc-b330-74d80e89abf4" />
      <TestMethod codeBase="D:\Projects\BaseShiftWork\ShiftWork.Api.Tests\bin\Release\net9.0\ShiftWork.Api.Tests.dll" adapterTypeName="executor://xunit/VsTestRunner2/netcoreapp" className="ShiftWork.Api.Tests.Sandbox.SandboxServiceTests" name="DeleteSandboxData_IsIdempotent_WhenCalledTwice" />
    </UnitTest>
    <UnitTest name="ShiftWork.Api.Tests.Safety.SafetyServiceTests.ArchiveAsync_ReturnsFalse_ForWrongCompany" storage="d:\projects\baseshiftwork\shiftwork.api.tests\bin\release\net9.0\shiftwork.api.tests.dll" id="78df6134-726d-48ce-8c9a-0099ec5c1223">
      <Execution id="79667549-9bbe-4b91-84d8-0130b7dce8e8" />
      <TestMethod codeBase="D:\Projects\BaseShiftWork\ShiftWork.Api.Tests\bin\Release\net9.0\ShiftWork.Api.Tests.dll" adapterTypeName="executor://xunit/VsTestRunner2/netcoreapp" className="ShiftWork.Api.Tests.Safety.SafetyServiceTests" name="ArchiveAsync_ReturnsFalse_ForWrongCompany" />
    </UnitTest>
    <UnitTest name="ShiftWork.Api.Tests.Bulletins.BulletinServiceTests.MarkAsReadAsync_IsIdempotent" storage="d:\projects\baseshiftwork\shiftwork.api.tests\bin\release\net9.0\shiftwork.api.tests.dll" id="f44cbdf2-6ead-dade-187f-366126f30be0">
      <Execution id="c97471b3-ddad-45f3-8c80-48884e9e35d2" />
      <TestMethod codeBase="D:\Projects\BaseShiftWork\ShiftWork.Api.Tests\bin\Release\net9.0\ShiftWork.Api.Tests.dll" adapterTypeName="executor://xunit/VsTestRunner2/netcoreapp" className="ShiftWork.Api.Tests.Bulletins.BulletinServiceTests" name="MarkAsReadAsync_IsIdempotent" />
    </UnitTest>
    <UnitTest name="ShiftWork.Api.Tests.Bulletins.BulletinServiceTests.GetBulletinsAsync_ExcludesExpiredBulletins" storage="d:\projects\baseshiftwork\shiftwork.api.tests\bin\release\net9.0\shiftwork.api.tests.dll" id="dca8019e-9a0f-6a0d-7c99-b7c55267f690">
      <Execution id="91820280-255f-453b-b19d-a91729a19012" />
      <TestMethod codeBase="D:\Projects\BaseShiftWork\ShiftWork.Api.Tests\bin\Release\net9.0\ShiftWork.Api.Tests.dll" adapterTypeName="executor://xunit/VsTestRunner2/netcoreapp" className="ShiftWork.Api.Tests.Bulletins.BulletinServiceTests" name="GetBulletinsAsync_ExcludesExpiredBulletins" />
    </UnitTest>
    <UnitTest name="ShiftWork.Api.Tests.Analytics.AnalyticsServiceTests.Kpis_WorkedHours_ComputesDeltaVsPreviousPeriod" storage="d:\projects\baseshiftwork\shiftwork.api.tests\bin\release\net9.0\shiftwork.api.tests.dll" id="ab45451e-ab33-8568-c900-007e1c7d20d7">
      <Execution id="36d01929-ed3a-4a44-b8f9-6232720f7c9e" />
      <TestMethod codeBase="D:\Projects\BaseShiftWork\ShiftWork.Api.Tests\bin\Release\net9.0\ShiftWork.Api.Tests.dll" adapterTypeName="executor://xunit/VsTestRunner2/netcoreapp" className="ShiftWork.Api.Tests.Analytics.AnalyticsServiceTests" name="Kpis_WorkedHours_ComputesDeltaVsPreviousPeriod" />
    </UnitTest>
    <UnitTest name="ShiftWork.Api.Tests.ShiftEvents.ShiftEventServiceTimingStatusTests.CreateShiftEvent_ClockIn_OnTimeAcrossDstTransitions(scheduleStartIso: &quot;2026-11-01T09:00:00Z&quot;, clockInIso: &quot;2026-11-01T14:00:00Z&quot;)" storage="d:\projects\baseshiftwork\shiftwork.api.tests\bin\release\net9.0\shiftwork.api.tests.dll" id="70d7790c-f0c2-e7f5-1a85-a4a0c4ddc0f7">
      <Execution id="ca9ebb95-b8d6-4b47-903e-96c6208501d3" />
      <TestMethod codeBase="D:\Projects\BaseShiftWork\ShiftWork.Api.Tests\bin\Release\net9.0\ShiftWork.Api.Tests.dll" adapterTypeName="executor://xunit/VsTestRunner2/netcoreapp" className="ShiftWork.Api.Tests.ShiftEvents.ShiftEventServiceTimingStatusTests" name="CreateShiftEvent_ClockIn_OnTimeAcrossDstTransitions" />
    </UnitTest>
    <UnitTest name="ShiftWork.Api.Tests.Bulletins.BulletinServiceTests.GetBulletinsAsync_ExcludesArchivedByDefault" storage="d:\projects\baseshiftwork\shiftwork.api.tests\bin\release\net9.0\shiftwork.api.tests.dll" id="b1767f9e-04ee-2c03-5cb2-f72f96d39b2e">
      <Execution id="0b46fbfb-87fc-4543-92bf-1a19ddfda025" />
      <TestMethod codeBase="D:\Projects\BaseShiftWork\ShiftWork.Api.Tests\bin\Release\net9.0\ShiftWork.Api.Tests.dll" adapterTypeName="executor://xunit/VsTestRunner2/netcoreapp" className="ShiftWork.Api.Tests.Bulletins.BulletinServiceTests" name="GetBulletinsAsync_ExcludesArchivedByDefault" />
    </UnitTest>
    <UnitTest name="ShiftWork.Api.Tests.Safety.SafetyServiceTests.CreateAsync_PersistsSafetyContent_WithCompanyId" storage="d:\projects\baseshiftwork\shiftwork.api.tests\bin\release\net9.0\shiftwork.api.tests.dll" id="5d941f20-af6d-391c-aa2d-908096e8e16f">
      <Execution id="68c618cd-e9d3-4466-bc3d-d5b9d32dfb59" />
      <TestMethod codeBase="D:\Projects\BaseShiftWork\ShiftWork.Api.Tests\bin\Release\net9.0\ShiftWork.Api.Tests.dll" adapterTypeName="executor://xunit/VsTestRunner2/netcoreapp" className="ShiftWork.Api.Tests.Safety.SafetyServiceTests" name="CreateAsync_PersistsSafetyContent_WithCompanyId" />
    </UnitTest>
    <UnitTest name="ShiftWork.Api.Tests.Plan.PlanServiceTests.IsFeatureEnabled_SandboxHide_ReturnsTrueForAllPlans(plan: &quot;Free&quot;)" storage="d:\projects\baseshiftwork\shiftwork.api.tests\bin\release\net9.0\shiftwork.api.tests.dll" id="bbdcdb8d-0111-a41f-f22a-5277fd1c1075">
      <Execution id="8f898dd8-7720-42f7-8592-b93d55a4583c" />
      <TestMethod codeBase="D:\Projects\BaseShiftWork\ShiftWork.Api.Tests\bin\Release\net9.0\ShiftWork.Api.Tests.dll" adapterTypeName="executor://xunit/VsTestRunner2/netcoreapp" className="ShiftWork.Api.Tests.Plan.PlanServiceTests" name="IsFeatureEnabled_SandboxHide_ReturnsTrueForAllPlans" />
    </UnitTest>
    <UnitTest name="ShiftWork.Api.Tests.Plan.PlanServiceTests.GetCurrentPlan_ReturnsExpectedPlan(plan: &quot;Trial&quot;)" storage="d:\projects\baseshiftwork\shiftwork.api.tests\bin\release\net9.0\shiftwork.api.tests.dll" id="839d8b24-47b3-5883-56be-6983826a410d">
      <Execution id="cd8d2789-fb56-45ce-a00c-f9f979c5d2cb" />
      <TestMethod codeBase="D:\Projects\BaseShiftWork\ShiftWork.Api.Tests\bin\Release\net9.0\ShiftWork.Api.Tests.dll" adapterTypeName="executor://xunit/VsTestRunner2/netcoreapp" className="ShiftWork.Api.Tests.Plan.PlanServiceTests" name="GetCurrentPlan_ReturnsExpectedPlan" />
    </UnitTest>
    <UnitTest name="ShiftWork.Api.Tests.Analytics.AnalyticsServiceTests.HoursSummary_IsScopedByCompany_TenantCannotSeeOther" storage="d:\projects\baseshiftwork\shiftwork.api.tests\bin\release\net9.0\shiftwork.api.tests.dll" id="d3d432b7-1cb8-b026-8cc5-c282d62dedd2">
      <Execution id="b9c9c00a-0583-4763-8435-21aa591748ba" />
      <TestMethod codeBase="D:\Projects\BaseShiftWork\ShiftWork.Api.Tests\bin\Release\net9.0\ShiftWork.Api.Tests.dll" adapterTypeName="executor://xunit/VsTestRunner2/netcoreapp" className="ShiftWork.Api.Tests.Analytics.AnalyticsServiceTests" name="HoursSummary_IsScopedByCompany_TenantCannotSeeOther" />
    </UnitTest>
    <UnitTest name="ShiftWork.Api.Tests.Bulletins.BulletinServiceTests.ArchiveAsync_ReturnsFalse_ForWrongCompany" storage="d:\projects\baseshiftwork\shiftwork.api.tests\bin\release\net9.0\shiftwork.api.tests.dll" id="a7eb2c22-aec9-35bb-4344-b6e9dc314248">
      <Execution id="91c575f9-d79d-4443-9089-01e1625f9d9e" />
      <TestMethod codeBase="D:\Projects\BaseShiftWork\ShiftWork.Api.Tests\bin\Release\net9.0\ShiftWork.Api.Tests.dll" adapterTypeName="executor://xunit/VsTestRunner2/netcoreapp" className="ShiftWork.Api.Tests.Bulletins.BulletinServiceTests" name="ArchiveAsync_ReturnsFalse_ForWrongCompany" />
    </UnitTest>
    <UnitTest name="ShiftWork.Api.Tests.Plan.PlanServiceTests.IsFeatureEnabled_SandboxHide_ReturnsTrueForAllPlans(plan: &quot;Pro&quot;)" storage="d:\projects\baseshiftwork\shiftwork.api.tests\bin\release\net9.0\shiftwork.api.tests.dll" id="ff614ddd-d569-1290-8606-42d30f593f5c">
      <Execution id="5a7ddb2c-f6e5-4a29-bcd4-c3a0d4231563" />
      <TestMethod codeBase="D:\Projects\BaseShiftWork\ShiftWork.Api.Tests\bin\Release\net9.0\ShiftWork.Api.Tests.dll" adapterTypeName="executor://xunit/VsTestRunner2/netcoreapp" className="ShiftWork.Api.Tests.Plan.PlanServiceTests" name="IsFeatureEnabled_SandboxHide_ReturnsTrueForAllPlans" />
    </UnitTest>
    <UnitTest name="ShiftWork.Api.Tests.Safety.SafetyServiceTests.AcknowledgeAsync_IsIdempotent" storage="d:\projects\baseshiftwork\shiftwork.api.tests\bin\release\net9.0\shiftwork.api.tests.dll" id="ea074fab-38ee-022e-a219-64aa4db620e8">
      <Execution id="f4256258-3869-48d0-83dc-188b75a51ec5" />
      <TestMethod codeBase="D:\Projects\BaseShiftWork\ShiftWork.Api.Tests\bin\Release\net9.0\ShiftWork.Api.Tests.dll" adapterTypeName="executor://xunit/VsTestRunner2/netcoreapp" className="ShiftWork.Api.Tests.Safety.SafetyServiceTests" name="AcknowledgeAsync_IsIdempotent" />
    </UnitTest>
    <UnitTest name="ShiftWork.Api.Tests.Plan.StripeWebhookServiceTests.SubscriptionUpserted_CanceledStatus_DowngradesToFree" storage="d:\projects\baseshiftwork\shiftwork.api.tests\bin\release\net9.0\shiftwork.api.tests.dll" id="0d9d4dfa-95ab-b8d5-cc48-a1e2dde3642e">
      <Execution id="f9957fa9-4368-4bed-8181-66202a1085fc" />
      <TestMethod codeBase="D:\Projects\BaseShiftWork\ShiftWork.Api.Tests\bin\Release\net9.0\ShiftWork.Api.Tests.dll" adapterTypeName="executor://xunit/VsTestRunner2/netcoreapp" className="ShiftWork.Api.Tests.Plan.StripeWebhookServiceTests" name="SubscriptionUpserted_CanceledStatus_DowngradesToFree" />
    </UnitTest>
    <UnitTest name="ShiftWork.Api.Tests.Audit.AuditInterceptorTests.Bulletin_Create_IsAudited" storage="d:\projects\baseshiftwork\shiftwork.api.tests\bin\release\net9.0\shiftwork.api.tests.dll" id="06d1e618-2b3c-6eff-8e60-8e44f07f6600">
      <Execution id="98700e43-790d-4af2-9ff2-21876b360b15" />
      <TestMethod codeBase="D:\Projects\BaseShiftWork\ShiftWork.Api.Tests\bin\Release\net9.0\ShiftWork.Api.Tests.dll" adapterTypeName="executor://xunit/VsTestRunner2/netcoreapp" className="ShiftWork.Api.Tests.Audit.AuditInterceptorTests" name="Bulletin_Create_IsAudited" />
    </UnitTest>
    <UnitTest name="ShiftWork.Api.Tests.Documents.DocumentServiceTests.ArchiveAsync_SetsStatusToArchived" storage="d:\projects\baseshiftwork\shiftwork.api.tests\bin\release\net9.0\shiftwork.api.tests.dll" id="51fcc60a-5479-667f-8130-bd98f96057ec">
      <Execution id="c1f47704-ed15-4c84-a8af-055a29ec81ef" />
      <TestMethod codeBase="D:\Projects\BaseShiftWork\ShiftWork.Api.Tests\bin\Release\net9.0\ShiftWork.Api.Tests.dll" adapterTypeName="executor://xunit/VsTestRunner2/netcoreapp" className="ShiftWork.Api.Tests.Documents.DocumentServiceTests" name="ArchiveAsync_SetsStatusToArchived" />
    </UnitTest>
    <UnitTest name="ShiftWork.Api.Tests.Registration.RegistrationIntegrationTests.Register_HappyPath_CreatesCompanyAndCompanyUser" storage="d:\projects\baseshiftwork\shiftwork.api.tests\bin\release\net9.0\shiftwork.api.tests.dll" id="8f23eed2-80ca-eb8b-5c61-abdde330662d">
      <Execution id="8fa70bbd-1485-4881-82d4-cf16e7a7888e" />
      <TestMethod codeBase="D:\Projects\BaseShiftWork\ShiftWork.Api.Tests\bin\Release\net9.0\ShiftWork.Api.Tests.dll" adapterTypeName="executor://xunit/VsTestRunner2/netcoreapp" className="ShiftWork.Api.Tests.Registration.RegistrationIntegrationTests" name="Register_HappyPath_CreatesCompanyAndCompanyUser" />
    </UnitTest>
    <UnitTest name="ShiftWork.Api.Tests.Bulletins.BulletinServiceTests.GetReadsAsync_ReturnsEmpty_ForWrongCompany" storage="d:\projects\baseshiftwork\shiftwork.api.tests\bin\release\net9.0\shiftwork.api.tests.dll" id="1082c235-5799-1760-ddea-0bb07f70b780">
      <Execution id="93079f36-a255-4e28-a6be-c2f958e744d7" />
      <TestMethod codeBase="D:\Projects\BaseShiftWork\ShiftWork.Api.Tests\bin\Release\net9.0\ShiftWork.Api.Tests.dll" adapterTypeName="executor://xunit/VsTestRunner2/netcoreapp" className="ShiftWork.Api.Tests.Bulletins.BulletinServiceTests" name="GetReadsAsync_ReturnsEmpty_ForWrongCompany" />
    </UnitTest>
    <UnitTest name="ShiftWork.Api.Tests.Registration.RegistrationIntegrationTests.Register_HappyPath_SandboxIsSeeded" storage="d:\projects\baseshiftwork\shiftwork.api.tests\bin\release\net9.0\shiftwork.api.tests.dll" id="356bccdc-8d93-2f4a-8663-d3d9946b2cca">
      <Execution id="a8497c7d-f5f9-489a-800e-21d646cfd0f8" />
      <TestMethod codeBase="D:\Projects\BaseShiftWork\ShiftWork.Api.Tests\bin\Release\net9.0\ShiftWork.Api.Tests.dll" adapterTypeName="executor://xunit/VsTestRunner2/netcoreapp" className="ShiftWork.Api.Tests.Registration.RegistrationIntegrationTests" name="Register_HappyPath_SandboxIsSeeded" />
    </UnitTest>
    <UnitTest name="ShiftWork.Api.Tests.Documents.DocumentServiceTests.InitiateUploadAsync_CreatesDocumentWithDraftStatus" storage="d:\projects\baseshiftwork\shiftwork.api.tests\bin\release\net9.0\shiftwork.api.tests.dll" id="bcb5384d-5e28-96e9-3c24-3d63715c86a0">
      <Execution id="2935b5c9-97f0-406d-9108-b2eafe5067c8" />
      <TestMethod codeBase="D:\Projects\BaseShiftWork\ShiftWork.Api.Tests\bin\Release\net9.0\ShiftWork.Api.Tests.dll" adapterTypeName="executor://xunit/VsTestRunner2/netcoreapp" className="ShiftWork.Api.Tests.Documents.DocumentServiceTests" name="InitiateUploadAsync_CreatesDocumentWithDraftStatus" />
    </UnitTest>
    <UnitTest name="ShiftWork.Api.Tests.Plan.PlanServiceTests.IsFeatureEnabled_SandboxReset_ReturnsTrueForAllPlans(plan: &quot;Free&quot;)" storage="d:\projects\baseshiftwork\shiftwork.api.tests\bin\release\net9.0\shiftwork.api.tests.dll" id="7ba89a49-fac3-b828-b27c-1893e35d3604">
      <Execution id="afc5df72-9f84-408e-b548-c5b3734d020d" />
      <TestMethod codeBase="D:\Projects\BaseShiftWork\ShiftWork.Api.Tests\bin\Release\net9.0\ShiftWork.Api.Tests.dll" adapterTypeName="executor://xunit/VsTestRunner2/netcoreapp" className="ShiftWork.Api.Tests.Plan.PlanServiceTests" name="IsFeatureEnabled_SandboxReset_ReturnsTrueForAllPlans" />
    </UnitTest>
    <UnitTest name="ShiftWork.Api.Tests.Plan.PlanServiceTests.GetCurrentPlan_ReturnsExpectedPlan(plan: &quot;Pro&quot;)" storage="d:\projects\baseshiftwork\shiftwork.api.tests\bin\release\net9.0\shiftwork.api.tests.dll" id="9079b14f-7f23-0da4-4895-016e480c1257">
      <Execution id="6e14ccea-e516-40be-853d-0f38c8c6f43a" />
[...]
    </UnitTest>
    <UnitTest name="ShiftWork.Api.Tests.Sandbox.SandboxServiceTests.SeedSandboxData_CreatesExactlyOneArea" storage="d:\projects\baseshiftwork\shiftwork.api.tests\bin\release\net9.0\shiftwork.api.tests.dll" id="2259cfae-11e3-baf8-6b51-7eb898c5aca6">
      <Execution id="967ff74f-a0d1-4614-be02-afc8d2db33bb" />
      <TestMethod codeBase="D:\Projects\BaseShiftWork\ShiftWork.Api.Tests\bin\Release\net9.0\ShiftWork.Api.Tests.dll" adapterTypeName="executor://xunit/VsTestRunner2/netcoreapp" className="ShiftWork.Api.Tests.Sandbox.SandboxServiceTests" name="SeedSandboxData_CreatesExactlyOneArea" />
    </UnitTest>
  </TestDefinitions>
  <TestEntries>
    <TestEntry testId="d8f1ac37-71e0-9b39-26de-4c2e0a2364ba" executionId="dfcf9cc9-c5f0-4b87-bdef-1f9e8a2f32e3" testListId="8c84fa94-04c1-424b-9868-57a2d4851a1d" />
    <TestEntry testId="d3d432b7-1cb8-b026-8cc5-c282d62dedd2" executionId="b9c9c00a-0583-4763-8435-21aa591748ba" testListId="8c84fa94-04c1-424b-9868-57a2d4851a1d" />
    <TestEntry testId="434831b7-d409-7142-7868-9ba0717f0d4a" executionId="28007be1-cdc8-47f9-a4a3-8fe2ddc034c4" testListId="8c84fa94-04c1-424b-9868-57a2d4851a1d" />
    <TestEntry testId="a2a0c2ce-5c3c-3dd1-b106-0e4664f950e1" executionId="746d10ca-cd69-45ab-83a3-c5880ae18cbb" testListId="8c84fa94-04c1-424b-9868-57a2d4851a1d" />
    <TestEntry testId="8f23eed2-80ca-eb8b-5c61-abdde330662d" executionId="8fa70bbd-1485-4881-82d4-cf16e7a7888e" testListId="8c84fa94-04c1-424b-9868-57a2d4851a1d" />
    <TestEntry testId="e68d94e1-eeff-07fb-ff5c-852c668902a2" executionId="564e2382-db8c-4c11-bd1e-238f0d79fb3e" testListId="8c84fa94-04c1-424b-9868-57a2d4851a1d" />
    <TestEntry testId="c7b51c49-47f8-08fe-42ec-239e14f37b99" executionId="ed10a96e-aeae-4ebc-b330-74d80e89abf4" testListId="8c84fa94-04c1-424b-9868-57a2d4851a1d" />
    <TestEntry testId="35a6ff0b-2ba2-a49c-d347-4887a73f87e5" executionId="1eba973a-2d19-43cf-908d-a4bbbfdd1a5d" testListId="8c84fa94-04c1-424b-9868-57a2d4851a1d" />
    <TestEntry testId="08ac0855-58d2-38ad-b7e9-8b9052ab414d" executionId="70042171-2ae9-46c1-a896-c76ff8d2a8ec" testListId="8c84fa94-04c1-424b-9868-57a2d4851a1d" />
    <TestEntry testId="7bbe317d-1d3a-98bc-bb9b-fddf4f6b64ff" executionId="364f4d2e-3f28-446d-88ce-9438c7eac066" testListId="8c84fa94-04c1-424b-9868-57a2d4851a1d" />
    <TestEntry testId="87b00b17-f27b-b5d1-d08c-ac803f62f1be" executionId="373adccb-afc5-4194-bd1d-47044d2ec837" testListId="8c84fa94-04c1-424b-9868-57a2d4851a1d" />
    <TestEntry testId="ed71b534-0324-a219-cf6a-d99b6f25db15" executionId="eaf9a054-511d-4c20-8e69-70feaa4fa3cf" testListId="8c84fa94-04c1-424b-9868-57a2d4851a1d" />
    <TestEntry testId="0fb83730-3d09-f7c3-c0e0-7fea18cb869c" executionId="bf08fae5-079d-42ab-8a79-9af13fba0e88" testListId="8c84fa94-04c1-424b-9868-57a2d4851a1d" />
    <TestEntry testId="7c59cc0e-b2c4-7a31-b92e-15f61da50789" executionId="34b17765-6acf-4b95-b12b-e78f52c6c84b" testListId="8c84fa94-04c1-424b-9868-57a2d4851a1d" />
    <TestEntry testId="a2096bad-67ad-b757-8f46-f08a049e4cf7" executionId="f98e7934-c759-4f9a-9b65-25862cc1d21d" testListId="8c84fa94-04c1-424b-9868-57a2d4851a1d" />
    <TestEntry testId="cc299c98-d69c-e699-2b8f-935105662c9d" executionId="7fd85b0f-f573-4742-b394-df1300204b63" testListId="8c84fa94-04c1-424b-9868-57a2d4851a1d" />
    <TestEntry testId="a7eb2c22-aec9-35bb-4344-b6e9dc314248" executionId="91c575f9-d79d-4443-9089-01e1625f9d9e" testListId="8c84fa94-04c1-424b-9868-57a2d4851a1d" />
    <TestEntry testId="34c9c911-e37d-324e-9400-5223abd03d2e" executionId="51ee2a94-c931-4006-8ed0-0c0f9dc46bf1" testListId="8c84fa94-04c1-424b-9868-57a2d4851a1d" />
    <TestEntry testId="51fcc60a-5479-667f-8130-bd98f96057ec" executionId="c1f47704-ed15-4c84-a8af-055a29ec81ef" testListId="8c84fa94-04c1-424b-9868-57a2d4851a1d" />
    <TestEntry testId="ffaf1bbc-2d1d-31d7-a08d-2bdea53845e8" executionId="2b733c86-74b2-4949-ac59-9aeb55f8c674" testListId="8c84fa94-04c1-424b-9868-57a2d4851a1d" />
    <TestEntry testId="00b53927-3dd8-8506-0155-06f4b0c09d1b" executionId="ae4d9bb6-e489-4750-941a-b404fa0337e7" testListId="8c84fa94-04c1-424b-9868-57a2d4851a1d" />
    <TestEntry testId="c83e7ec3-e875-958d-a051-bf28640f7793" executionId="7a616018-001c-402d-b73c-739bc20e1d95" testListId="8c84fa94-04c1-424b-9868-57a2d4851a1d" />
    <TestEntry testId="c8348b94-0eb7-ee8e-104f-aeb428796d93" executionId="1858a4f9-4195-45ef-a7f1-480b6a83eb0c" testListId="8c84fa94-04c1-424b-9868-57a2d4851a1d" />
    <TestEntry testId="34ba39bc-857b-bc25-cdba-d9905c911b51" executionId="42d3470e-cce8-4d3d-9320-c267c16ee6d2" testListId="8c84fa94-04c1-424b-9868-57a2d4851a1d" />
    <TestEntry testId="ec2ea88a-2105-94b3-be2a-caa84d681071" executionId="b92d5839-08d9-4cec-a69e-7277e30c9ff0" testListId="8c84fa94-04c1-424b-9868-57a2d4851a1d" />
    <TestEntry testId="9cde0385-727a-a8da-3c0e-a5233ece09de" executionId="7a43d273-70b4-4336-8647-3463f04b93ed" testListId="8c84fa94-04c1-424b-9868-57a2d4851a1d" />
    <TestEntry testId="bbdcdb8d-0111-a41f-f22a-5277fd1c1075" executionId="8f898dd8-7720-42f7-8592-b93d55a4583c" testListId="8c84fa94-04c1-424b-9868-57a2d4851a1d" />
    <TestEntry testId="1082c235-5799-1760-ddea-0bb07f70b780" executionId="93079f36-a255-4e28-a6be-c2f958e744d7" testListId="8c84fa94-04c1-424b-9868-57a2d4851a1d" />
    <TestEntry testId="d40a2f0b-48f6-10f8-73b1-fe5c6083db00" executionId="e928e432-5351-4e51-ab5c-50b7d99701e4" testListId="8c84fa94-04c1-424b-9868-57a2d4851a1d" />
    <TestEntry testId="652ff2e4-7e1b-f518-5455-c0a9f83c91b8" executionId="97511922-fea2-4478-b970-3e4d5fe9c25f" testListId="8c84fa94-04c1-424b-9868-57a2d4851a1d" />
    <TestEntry testId="84e8eb68-237f-c9a0-4040-f9c1b8ee0e9b" executionId="6cc82ccc-bbf5-444b-b9d1-14fde68f8ab7" testListId="8c84fa94-04c1-424b-9868-57a2d4851a1d" />
    <TestEntry testId="2259cfae-11e3-baf8-6b51-7eb898c5aca6" executionId="967ff74f-a0d1-4614-be02-afc8d2db33bb" testListId="8c84fa94-04c1-424b-9868-57a2d4851a1d" />
    <TestEntry testId="8eaf1638-439d-18db-1d40-5788c19b9f5a" executionId="944b3f4c-0b13-4a39-ba87-1c3340cb9c40" testListId="8c84fa94-04c1-424b-9868-57a2d4851a1d" />
    <TestEntry testId="0f08097c-3f76-acbb-e099-4ca013352a0b" executionId="0cae4369-b039-4bcc-bcf2-fdfc5a84c984" testListId="8c84fa94-04c1-424b-9868-57a2d4851a1d" />
    <TestEntry testId="9bb38b47-bcef-6b7a-0787-a3f63e4f507a" executionId="e71ae995-28d9-4e77-a16a-512755db1dea" testListId="8c84fa94-04c1-424b-9868-57a2d4851a1d" />
    <TestEntry testId="3fc83c52-c216-52c1-93f6-223ed46d4d6b" executionId="5716769a-324c-43ae-a69d-712f2920c15e" testListId="8c84fa94-04c1-424b-9868-57a2d4851a1d" />
    <TestEntry testId="60eb3a6c-5f29-3cd7-96f2-cdd8daadce7d" executionId="9fd2a7d8-8ad6-4bf2-8be1-738c9d12b914" testListId="8c84fa94-04c1-424b-9868-57a2d4851a1d" />
    <TestEntry testId="3e887f8e-030c-8374-7a86-e977cc67cedd" executionId="3313b149-4193-48dd-a15e-68eb6cd9f57f" testListId="8c84fa94-04c1-424b-9868-57a2d4851a1d" />
    <TestEntry testId="b8c68d12-7fa5-8b84-c6f1-977be606f6d2" executionId="d644f1ff-f513-4509-b9a4-ca7c53b5a3a5" testListId="8c84fa94-04c1-424b-9868-57a2d4851a1d" />
    <TestEntry testId="25d9d33f-8c3c-32a8-160d-d4f9c4b60174" executionId="3a5f8c2e-799a-49d6-be19-3a3e15cb8b89" testListId="8c84fa94-04c1-424b-9868-57a2d4851a1d" />
    <TestEntry testId="8b00c067-86b2-6d07-73e2-d3a3364b9b31" executionId="22d19406-35aa-4162-9b6b-73156c20263e" testListId="8c84fa94-04c1-424b-9868-57a2d4851a1d" />
    <TestEntry testId="356bccdc-8d93-2f4a-8663-d3d9946b2cca" executionId="a8497c7d-f5f9-489a-800e-21d646cfd0f8" testListId="8c84fa94-04c1-424b-9868-57a2d4851a1d" />
    <TestEntry testId="d8cab243-825e-cffa-5da1-55a4fba1fd8e" executionId="c7eca563-ab47-4963-8e44-7ee3d47ed942" testListId="8c84fa94-04c1-424b-9868-57a2d4851a1d" />
    <TestEntry testId="24aa5caa-1333-0d56-8527-fb399bc62213" executionId="36934452-b5bc-4caa-8d50-97c8a90ef40e" testListId="8c84fa94-04c1-424b-9868-57a2d4851a1d" />
    <TestEntry testId="10f44cda-1c82-097a-092b-1bed3d36551c" executionId="3ac938ff-3ad2-4709-ac57-f884682889fa" testListId="8c84fa94-04c1-424b-9868-57a2d4851a1d" />
    <TestEntry testId="06d1e618-2b3c-6eff-8e60-8e44f07f6600" executionId="98700e43-790d-4af2-9ff2-21876b360b15" testListId="8c84fa94-04c1-424b-9868-57a2d4851a1d" />
    <TestEntry testId="63a27d58-edfb-456d-4db8-4be6dec5c62f" executionId="7a1c76d5-0d1e-4981-87f7-9cb29441b495" testListId="8c84fa94-04c1-424b-9868-57a2d4851a1d" />
    <TestEntry testId="93fe091e-6f94-c03f-2906-cc9bd9b54b61" executionId="b136843c-fe63-464d-9361-6c448ac4405c" testListId="8c84fa94-04c1-424b-9868-57a2d4851a1d" />
    <TestEntry testId="2f0020c5-a97f-b5d6-eda3-1f5e6f198927" executionId="f14e703e-cb5a-4945-a013-f3a4f42ff773" testListId="8c84fa94-04c1-424b-9868-57a2d4851a1d" />
    <TestEntry testId="ab45451e-ab33-8568-c900-007e1c7d20d7" executionId="36d01929-ed3a-4a44-b8f9-6232720f7c9e" testListId="8c84fa94-04c1-424b-9868-57a2d4851a1d" />
    <TestEntry testId="7485c957-e19f-252c-9a3a-04c1a054e5ec" executionId="e27c1981-f964-4924-9111-c2712226f34a" testListId="8c84fa94-04c1-424b-9868-57a2d4851a1d" />
    <TestEntry testId="9f220e5f-8e40-439c-eddf-1ffaf82e2358" executionId="63c8c128-eae5-4ded-9cb8-3d770e3b89da" testListId="8c84fa94-04c1-424b-9868-57a2d4851a1d" />
    <TestEntry testId="bf2e6b74-8f06-c33e-048e-7e147a33db9f" executionId="1302ca2f-efbc-4838-8ba7-97f8151386fd" testListId="8c84fa94-04c1-424b-9868-57a2d4851a1d" />
    <TestEntry testId="ea074fab-38ee-022e-a219-64aa4db620e8" executionId="f4256258-3869-48d0-83dc-188b75a51ec5" testListId="8c84fa94-04c1-424b-9868-57a2d4851a1d" />
    <TestEntry testId="0409aa02-a669-4ba0-fee7-843b17297094" executionId="d9130cf1-e318-4121-8178-aa4aeb5c86d2" testListId="8c84fa94-04c1-424b-9868-57a2d4851a1d" />
    <TestEntry testId="7ba89a49-fac3-b828-b27c-1893e35d3604" executionId="afc5df72-9f84-408e-b548-c5b3734d020d" testListId="8c84fa94-04c1-424b-9868-57a2d4851a1d" />
    <TestEntry testId="21556ae0-86bc-6fe3-9fc9-8de739636792" executionId="af3e749a-4017-4236-8636-b904c0279f23" testListId="8c84fa94-04c1-424b-9868-57a2d4851a1d" />
    <TestEntry testId="0ac8d8e0-8da6-7182-8091-11dbcd210363" executionId="9698f4dd-5e4c-4239-9d30-18412a861dcc" testListId="8c84fa94-04c1-424b-9868-57a2d4851a1d" />
    <TestEntry testId="eaa93f8d-9528-65ee-68d2-cca28534f044" executionId="318d741d-fca0-42d6-99a5-7bb3bf32f99d" testListId="8c84fa94-04c1-424b-9868-57a2d4851a1d" />
    <TestEntry testId="f56b375f-3a8d-4479-12df-0ae9fefe5a02" executionId="cc450fa0-b666-47c0-a15a-ccaa3e85b5e2" testListId="8c84fa94-04c1-424b-9868-57a2d4851a1d" />
    <TestEntry testId="2f51197e-614b-0bfa-70f8-4e47d8d5af9f" executionId="222b6c53-c065-4c11-9af7-22900914bf11" testListId="8c84fa94-04c1-424b-9868-57a2d4851a1d" />
    <TestEntry testId="547eac10-0065-e6d3-3d37-c955c2dd419f" executionId="6c576c8a-2c28-4307-8ee8-5f6ad539ded7" testListId="8c84fa94-04c1-424b-9868-57a2d4851a1d" />
    <TestEntry testId="14e71e9a-b028-5534-ac6b-c22465dbdcfb" executionId="7f1539e4-b7b7-4312-8a8d-7e5a45dd92af" testListId="8c84fa94-04c1-424b-9868-57a2d4851a1d" />
    <TestEntry testId="909a486d-9024-f9ef-67bd-8330d76fc109" executionId="30a1b90a-2a7f-4077-9716-d4404e1b3c62" testListId="8c84fa94-04c1-424b-9868-57a2d4851a1d" />
    <TestEntry testId="0021b011-825b-5011-1fe0-e6c6b1ec48ac" executionId="ebc86e3b-321d-4b44-bc36-e0a555e4f6f5" testListId="8c84fa94-04c1-424b-9868-57a2d4851a1d" />
    <TestEntry testId="bcb5384d-5e28-96e9-3c24-3d63715c86a0" executionId="2935b5c9-97f0-406d-9108-b2eafe5067c8" testListId="8c84fa94-04c1-424b-9868-57a2d4851a1d" />
    <TestEntry testId="dca8019e-9a0f-6a0d-7c99-b7c55267f690" executionId="91820280-255f-453b-b19d-a91729a19012" testListId="8c84fa94-04c1-424b-9868-57a2d4851a1d" />
    <TestEntry testId="e587800a-ee54-08a0-2ad6-b0307ed4fb2d" executionId="385ab4b5-a51b-4201-b948-61191916c8ed" testListId="8c84fa94-04c1-424b-9868-57a2d4851a1d" />
    <TestEntry testId="d2a2c9e2-434e-3eff-2a40-d8b01d36802e" executionId="2e248566-99b5-4c27-9126-df75dc9da9c1" testListId="8c84fa94-04c1-424b-9868-57a2d4851a1d" />
    <TestEntry testId="b3dfd431-7fbe-644e-aa53-531fcd1b0ca2" executionId="4552d124-c521-432d-bdf3-c922319cd95e" testListId="8c84fa94-04c1-424b-9868-57a2d4851a1d" />
    <TestEntry testId="0d9d4dfa-95ab-b8d5-cc48-a1e2dde3642e" executionId="f9957fa9-4368-4bed-8181-66202a1085fc" testListId="8c84fa94-04c1-424b-9868-57a2d4851a1d" />
    <TestEntry testId="b1767f9e-04ee-2c03-5cb2-f72f96d39b2e" executionId="0b46fbfb-87fc-4543-92bf-1a19ddfda025" testListId="8c84fa94-04c1-424b-9868-57a2d4851a1d" />
    <TestEntry testId="a3f4c485-f721-1048-51d7-5c9d9f625c2f" executionId="aea614aa-6889-49ba-826c-b9e0a277be30" testListId="8c84fa94-04c1-424b-9868-57a2d4851a1d" />
    <TestEntry testId="834ee7b6-0bcf-b45f-3706-9c0fedc1e982" executionId="0d76b594-bdb7-4f95-a17b-a7521d59b1d7" testListId="8c84fa94-04c1-424b-9868-57a2d4851a1d" />
    <TestEntry testId="839d8b24-47b3-5883-56be-6983826a410d" executionId="cd8d2789-fb56-45ce-a00c-f9f979c5d2cb" testListId="8c84fa94-04c1-424b-9868-57a2d4851a1d" />
    <TestEntry testId="a0e66528-abdc-6d9b-cc07-5de0ccdff5cc" executionId="7fb8df67-25f3-4b95-8c0a-2f4674408db2" testListId="8c84fa94-04c1-424b-9868-57a2d4851a1d" />
    <TestEntry testId="ce399f1e-74be-5037-0f53-7b525d8f2bc0" executionId="bcc44333-f819-48f6-b876-4383d92e9e52" testListId="8c84fa94-04c1-424b-9868-57a2d4851a1d" />
    <TestEntry testId="f44cbdf2-6ead-dade-187f-366126f30be0" executionId="c97471b3-ddad-45f3-8c80-48884e9e35d2" testListId="8c84fa94-04c1-424b-9868-57a2d4851a1d" />
    <TestEntry testId="82252800-d28d-952b-3341-479c90f2a1d9" executionId="4ac44cfb-b199-43fa-99ba-063b6cb01406" testListId="8c84fa94-04c1-424b-9868-57a2d4851a1d" />
    <TestEntry testId="afa66d3d-7d50-593c-b178-052d5d8fb2e7" executionId="40686f3c-60b7-4d29-8339-486c79241b23" testListId="8c84fa94-04c1-424b-9868-57a2d4851a1d" />
    <TestEntry testId="67ac1884-3c97-ad89-6652-ad1f5ea18565" executionId="0623d6af-72c5-43c5-9ad3-da8996561a1f" testListId="8c84fa94-04c1-424b-9868-57a2d4851a1d" />
    <TestEntry testId="deb7c88e-d5b0-8719-ed0f-299e494eb2fb" executionId="b8cb82fd-5ca1-480e-b373-d468a409410c" testListId="8c84fa94-04c1-424b-9868-57a2d4851a1d" />
    <TestEntry testId="d8797588-a78d-8135-f234-379fca640f6b" executionId="3026d858-eb31-46b0-b94c-a8d1cb6cfec2" testListId="8c84fa94-04c1-424b-9868-57a2d4851a1d" />
    <TestEntry testId="524a327e-88a4-1150-caf7-f36f70106aa4" executionId="4cb8652a-7d33-4ccd-b822-6ee5c0aa683b" testListId="8c84fa94-04c1-424b-9868-57a2d4851a1d" />
    <TestEntry testId="eae9d286-0af3-eec7-32f8-ff8ca8eb3db8" executionId="62b88cdd-50f9-4e91-94b8-24cf60c13057" testListId="8c84fa94-04c1-424b-9868-57a2d4851a1d" />
    <TestEntry testId="78df6134-726d-48ce-8c9a-0099ec5c1223" executionId="79667549-9bbe-4b91-84d8-0130b7dce8e8" testListId="8c84fa94-04c1-424b-9868-57a2d4851a1d" />
    <TestEntry testId="7ed69423-f9e5-3766-c89e-04e74011ad43" executionId="f7dfb30b-ab29-40b3-8901-71d077ccd536" testListId="8c84fa94-04c1-424b-9868-57a2d4851a1d" />
    <TestEntry testId="58076474-596b-dd59-303f-5ab1e04bf968" executionId="c45b2940-0794-4252-abf8-9805b5625dc0" testListId="8c84fa94-04c1-424b-9868-57a2d4851a1d" />
    <TestEntry testId="7a32a132-ce2f-6894-e35f-0856470ba2d6" executionId="a8de552e-d6d1-4edf-8fee-c902a277112b" testListId="8c84fa94-04c1-424b-9868-57a2d4851a1d" />
    <TestEntry testId="71eb79f6-3aaf-4592-8923-31fd16d8b2b4" executionId="c94537c4-e577-4bfd-8569-9ca2f957998f" testListId="8c84fa94-04c1-424b-9868-57a2d4851a1d" />
    <TestEntry testId="3298813f-cf3b-2b88-95d5-951a23e6fef2" executionId="a12a6397-4fbf-4cfd-9f1a-2a713e4d5bb0" testListId="8c84fa94-04c1-424b-9868-57a2d4851a1d" />
    <TestEntry testId="c277438a-708a-5ec5-7522-27beba21d030" executionId="4995fc8c-a4b3-4bde-b725-8dafb95fceee" testListId="8c84fa94-04c1-424b-9868-57a2d4851a1d" />
    <TestEntry testId="c855cfdd-5378-f2f0-7893-82fbe2b87f3c" executionId="92342254-9eca-4eff-9420-f993eaadcef6" testListId="8c84fa94-04c1-424b-9868-57a2d4851a1d" />
    <TestEntry testId="5d941f20-af6d-391c-aa2d-908096e8e16f" executionId="68c618cd-e9d3-4466-bc3d-d5b9d32dfb59" testListId="8c84fa94-04c1-424b-9868-57a2d4851a1d" />
    <TestEntry testId="9079b14f-7f23-0da4-4895-016e480c1257" executionId="6e14ccea-e516-40be-853d-0f38c8c6f43a" testListId="8c84fa94-04c1-424b-9868-57a2d4851a1d" />
    <TestEntry testId="56a6c6ab-4359-14ea-10b0-e1c58df07e48" executionId="d696c5d4-ec48-4d22-990d-9f0bb6704397" testListId="8c84fa94-04c1-424b-9868-57a2d4851a1d" />
    <TestEntry testId="e97fea39-5635-b6a5-d8e4-c7bf36c9a9a9" executionId="58651fee-959c-44f9-a9f8-bb7460a5bd4c" testListId="8c84fa94-04c1-424b-9868-57a2d4851a1d" />
    <TestEntry testId="8b16d45c-9530-3e29-f10b-2365379ec3d6" executionId="7cf3a4a1-c4a0-4afd-bc27-b88c8d01e70d" testListId="8c84fa94-04c1-424b-9868-57a2d4851a1d" />
    <TestEntry testId="76ab2aba-119e-f9d4-dd04-cc95e596e8de" executionId="0bc7929a-69fc-4a12-9f68-2190ca1ee952" testListId="8c84fa94-04c1-424b-9868-57a2d4851a1d" />
    <TestEntry testId="33f7df68-fe1f-c931-804d-1b4c443736d0" executionId="c5e41894-12eb-44ec-9614-24dfdd999bdd" testListId="8c84fa94-04c1-424b-9868-57a2d4851a1d" />
    <TestEntry testId="ee5bd466-ad9f-ea32-162a-2b9220359bd6" executionId="fe4b6aec-5b58-4dad-b0b5-caf4fe310549" testListId="8c84fa94-04c1-424b-9868-57a2d4851a1d" />
    <TestEntry testId="7c315f65-f066-6c17-7a1e-dde7366bf1eb" executionId="dfcbb27a-9deb-4da8-af22-866cf5a34547" testListId="8c84fa94-04c1-424b-9868-57a2d4851a1d" />
    <TestEntry testId="ff614ddd-d569-1290-8606-42d30f593f5c" executionId="5a7ddb2c-f6e5-4a29-bcd4-c3a0d4231563" testListId="8c84fa94-04c1-424b-9868-57a2d4851a1d" />
    <TestEntry testId="6c7ba4d7-9dc3-47c9-1965-d28434daf9b6" executionId="996f0c52-8e0b-4269-be41-8096d9902725" testListId="8c84fa94-04c1-424b-9868-57a2d4851a1d" />
    <TestEntry testId="4814f94c-492d-0319-6e91-4bb8554d0fd2" executionId="228bee09-cf00-453a-854c-99c1d43bc20d" testListId="8c84fa94-04c1-424b-9868-57a2d4851a1d" />
    <TestEntry testId="70d7790c-f0c2-e7f5-1a85-a4a0c4ddc0f7" executionId="ca9ebb95-b8d6-4b47-903e-96c6208501d3" testListId="8c84fa94-04c1-424b-9868-57a2d4851a1d" />
    <TestEntry testId="731d63c8-83c5-2bb7-1caa-66496a3e88f0" executionId="09e53ff4-dbcc-43c1-b52f-93c610f803b4" testListId="8c84fa94-04c1-424b-9868-57a2d4851a1d" />
    <TestEntry testId="41b037dc-d6e5-346e-f83c-eb241b1b09a5" executionId="d60de049-535c-4776-9869-0f86c25dbe02" testListId="8c84fa94-04c1-424b-9868-57a2d4851a1d" />
    <TestEntry testId="622a8622-109c-15d9-b10e-008a967807a9" executionId="03a84de4-feb5-4952-9c5e-830192ba37a5" testListId="8c84fa94-04c1-424b-9868-57a2d4851a1d" />
    <TestEntry testId="cbfbcfec-9249-0b2f-4f58-5dd9897526fc" executionId="2ab9c189-28ec-491f-bafd-b91cc34390e9" testListId="8c84fa94-04c1-424b-9868-57a2d4851a1d" />
    <TestEntry testId="924eb0a3-453c-1802-2366-b9e651f2aaef" executionId="5f49326b-86ed-42dd-9bea-f18ed88b19e5" testListId="8c84fa94-04c1-424b-9868-57a2d4851a1d" />
  </TestEntries>
  <TestLists>
    <TestList name="Results Not in a List" id="8c84fa94-04c1-424b-9868-57a2d4851a1d" />
    <TestList name="All Loaded Results" id="19431567-8539-422a-85d7-44ee4e166bda" />
  </TestLists>
  <ResultSummary outcome="Completed">
    <Counters total="111" executed="111" passed="111" failed="0" error="0" timeout="0" aborted="0" inconclusive="0" passedButRunAborted="0" notRunnable="0" notExecuted="0" disconnected="0" warning="0" completed="0" inProgress="0" pending="0" />
    <Output>
      <StdOut>[xUnit.net 00:00:00.00] xUnit.net VSTest Adapter v2.5.6+bf9b858c26 (64-bit .NET 9.0.10)&#xD;
[xUnit.net 00:00:00.62]   Discovering: ShiftWork.Api.Tests&#xD;
[xUnit.net 00:00:00.67]   Discovered:  ShiftWork.Api.Tests&#xD;
[xUnit.net 00:00:00.67]   Starting:    ShiftWork.Api.Tests&#xD;
[xUnit.net 00:00:08.13]   Finished:    ShiftWork.Api.Tests&#xD;
</StdOut>
    </Output>
  </ResultSummary>
</TestRun>